<?xml version="1.0" encoding="UTF-8"?>
<!-- Generated by org.testng.reporters.JUnitXMLReporter -->
<testsuite ignored="1" hostname="anandsr-ltmmgcp.internal.salesforce.com" failures="0" tests="3" name="Add to Hire me Test Cases" time="128.299" errors="0" timestamp="2023-10-16T20:07:27 IST">
  <testcase classname="com.thtechops.qa.AddTohireme.testcases.T1_Add_to_Hire_Me_functionality" name="navigateToUrl" time="5.859"/>
  <testcase classname="com.thtechops.qa.AddTohireme.testcases.T1_Add_to_Hire_Me_functionality" name="_1_LogIn_HelpPortal" time="39.894"/>
  <testcase classname="com.thtechops.qa.AddTohireme.testcases.T1_Add_to_Hire_Me_functionality" name="_2_add_hire_me_functionality" time="74.079"/>
  <testcase classname="com.thtechops.qa.AddTohireme.testcases.T1_Add_to_Hire_Me_functionality" name="_3_drm_validation" time="0.0">
    <ignored/>
  </testcase> <!-- _3_drm_validation -->
</testsuite> <!-- Add to Hire me Test Cases -->
