<?xml version="1.0" encoding="UTF-8"?>
<!-- Generated by org.testng.reporters.JUnitXMLReporter -->
<testsuite ignored="0" hostname="anandsr-ltmmgcp.internal.salesforce.com" failures="0" tests="2" name="Community Tag Test Cases" time="73.518" errors="0" timestamp="2023-10-16T17:00:27 IST">
  <testcase classname="com.thtechops.qa.communityTag.testcases.T1_Community_tag_functionality" name="_1_LogIn_HelpPortal" time="48.643"/>
  <testcase classname="com.thtechops.qa.communityTag.testcases.T1_Community_tag_functionality" name="_2_community_tag_functionality" time="18.698"/>
</testsuite> <!-- Community Tag Test Cases -->
