<?xml version="1.0" encoding="UTF-8"?>
<!-- Generated by org.testng.reporters.JUnitXMLReporter -->
<testsuite ignored="0" hostname="anandsr-ltmmgcp.internal.salesforce.com" failures="0" tests="3" name="Community Tag Test Cases" time="230.523" errors="0" timestamp="2024-07-29T23:09:34 IST">
  <testcase classname="com.thtechops.qa.communityTag.testcases.T1_Community_tag_functionality" name="_1_LogIn_HelpPortal" time="99.147"/>
  <testcase classname="com.thtechops.qa.communityTag.testcases.T1_Community_tag_functionality" name="_2_community_tag_functionality" time="50.112"/>
  <testcase classname="com.thtechops.qa.communityTag.testcases.T1_Community_tag_functionality" name="drm_verification" time="79.118"/>
</testsuite> <!-- Community Tag Test Cases -->
