<?xml version="1.0" encoding="UTF-8"?>
<!-- Generated by org.testng.reporters.JUnitXMLReporter -->
<testsuite ignored="1" hostname="anandsr-ltmmgcp.internal.salesforce.com" failures="0" tests="1" name="Firefox SignUp Test Suite" time="41.262" errors="0" timestamp="2023-10-11T15:41:00 IST">
  <testcase classname="com.thtechops.qa.automation.testClasses.Safari_Sign_up_DRM_verification" name="drm_verification" time="40.761"/>
  <testcase classname="com.thtechops.qa.automation.testClasses.Safari_Sign_up_DRM_verification" name="navigateToUrl" time="0.0">
    <ignored/>
  </testcase> <!-- navigateToUrl -->
</testsuite> <!-- Firefox SignUp Test Suite -->
