<?xml version="1.0" encoding="UTF-8"?>
<!-- Generated by org.testng.reporters.JUnitXMLReporter -->
<testsuite ignored="0" hostname="anandsr-ltmmgcp.internal.salesforce.com" failures="0" tests="4" name="Connect Disconnect Test Suite" time="418.568" errors="0" timestamp="2023-12-07T15:19:14 IST">
  <testcase classname="com.thtechops.qa.automation.testClasses.Connect_disconnect_An_Account" name="sign_up_email" time="146.19"/>
  <testcase classname="com.thtechops.qa.automation.testClasses.Connect_disconnect_An_Account" name="test_connect_account" time="26.282"/>
  <testcase classname="com.thtechops.qa.automation.testClasses.Connect_disconnect_An_Account" name="drm_verification" time="101.696"/>
  <testcase classname="com.thtechops.qa.automation.testClasses.Connect_disconnect_An_Account" name="disconnect_the_contact" time="142.254"/>
</testsuite> <!-- Connect Disconnect Test Suite -->
