<?xml version="1.0" encoding="UTF-8"?>
<!-- Generated by org.testng.reporters.JUnitXMLReporter -->
<testsuite ignored="0" hostname="anandsr-ltmmgcp.internal.salesforce.com" failures="0" tests="3" name="DRM Infra Suite" time="396.809" errors="0" timestamp="2023-10-17T11:01:55 IST">
  <testcase classname="com.thtechops.qa.automation.testClasses.SignUp_Test" name="navigateToUrl" time="217.35"/>
  <testcase classname="com.thtechops.qa.automation.testClasses.SignUp_Test" name="login_using_otp" time="96.878"/>
  <testcase classname="com.thtechops.qa.automation.testClasses.SignUp_Test" name="drm_verification" time="81.606"/>
</testsuite> <!-- DRM Infra Suite -->
