<?xml version="1.0" encoding="UTF-8"?>
<!-- Generated by org.testng.reporters.JUnitXMLReporter -->
<testsuite ignored="2" hostname="anandsr-ltmmgcp.internal.salesforce.com" failures="0" tests="1" name="DRM Infra Suite" time="56.31" errors="0" timestamp="2023-10-25T17:23:48 IST">
  <testcase classname="com.thtechops.qa.automation.testClasses.SignUp_Test" name="drm_verification" time="55.867"/>
  <testcase classname="com.thtechops.qa.automation.testClasses.SignUp_Test" name="navigateToUrl" time="0.0">
    <ignored/>
  </testcase> <!-- navigateToUrl -->
  <testcase classname="com.thtechops.qa.automation.testClasses.SignUp_Test" name="login_using_otp" time="0.0">
    <ignored/>
  </testcase> <!-- login_using_otp -->
</testsuite> <!-- DRM Infra Suite -->
