<?xml version="1.0" encoding="UTF-8"?>
<testng-results ignored="0" total="1" passed="1" failed="0" skipped="0">
  <reporter-output>
    <line>
      <![CDATA[This Method Verifies the Page title of the current page.]]>
    </line>
  </reporter-output>
  <suite started-at="2024-09-19T16:16:59 IST" name="Login Suite" finished-at="2024-09-19T16:17:07 IST" duration-ms="7472">
    <groups>
    </groups>
    <test started-at="2024-09-19T16:16:59 IST" name="Login Test Cases" finished-at="2024-09-19T16:17:07 IST" duration-ms="7472">
      <class name="com.thtechops.qa.Login.LoginTest">
        <test-method is-config="true" signature="suiteSetup()[pri:0, instance:com.thtechops.qa.Login.LoginTest@655a01d8]" started-at="2024-09-19T16:16:54 IST" name="suiteSetup" finished-at="2024-09-19T16:16:59 IST" duration-ms="5896" status="PASS">
          <reporter-output>
          </reporter-output>
        </test-method> <!-- suiteSetup -->
        <test-method signature="_1_VerifyHelpPage()[pri:0, instance:com.thtechops.qa.Login.LoginTest@655a01d8]" started-at="2024-09-19T16:16:59 IST" name="_1_VerifyHelpPage" finished-at="2024-09-19T16:17:06 IST" duration-ms="6392" status="PASS">
          <reporter-output>
            <line>
              <![CDATA[This Method Verifies the Page title of the current page.]]>
            </line>
          </reporter-output>
        </test-method> <!-- _1_VerifyHelpPage -->
      </class> <!-- com.thtechops.qa.Login.LoginTest -->
    </test> <!-- Login Test Cases -->
  </suite> <!-- Login Suite -->
  <suite started-at="2024-09-19T16:17:08 IST" name="Automation Test" finished-at="2024-09-19T16:17:08 IST" duration-ms="0">
    <groups>
    </groups>
  </suite> <!-- Automation Test -->
</testng-results>
