<?xml version="1.0" encoding="UTF-8"?>
<!-- Generated by org.testng.reporters.JUnitXMLReporter -->
<testsuite ignored="0" hostname="anandsr-ltmmgcp.internal.salesforce.com" failures="0" tests="3" name="Community Tag Test Cases" time="146.407" errors="0" timestamp="2023-10-16T23:48:24 IST">
  <testcase classname="com.thtechops.qa.communityTag.testcases.T1_Community_tag_functionality" name="_1_LogIn_HelpPortal" time="44.09"/>
  <testcase classname="com.thtechops.qa.communityTag.testcases.T1_Community_tag_functionality" name="_2_community_tag_functionality" time="21.956"/>
  <testcase classname="com.thtechops.qa.communityTag.testcases.T1_Community_tag_functionality" name="drm_verification" time="76.564"/>
</testsuite> <!-- Community Tag Test Cases -->
