[INFO ] 2023-12-07 14:21:49.251 [main] Log - Configuration file found at : ./src/main/resources/config.properties
[INFO ] 2023-12-07 14:21:49.303 [main] Log - Configuration file found at : ./src/main/resources/config.properties
[INFO ] 2023-12-07 14:21:49.316 [main] Log - Configuration file found at : ./src/main/resources/config.properties
[INFO ] 2023-12-07 14:21:49.329 [main] Log - Execution Started
[INFO ] 2023-12-07 14:21:49.372 [main] Log - Configuration file found at : ./src/main/resources/config.properties
[INFO ] 2023-12-07 14:21:49.406 [main] Log - Test Started : com.thtechops.qa.automation.testClasses.SignUp_Test.navigateToUrl
[INFO ] 2023-12-07 14:21:49.406 [main] Log - This message is from my own project
[INFO ] 2023-12-07 14:21:49.407 [main] Log - Open the Browser
[INFO ] 2023-12-07 14:21:53.020 [main] Log - Browser Opened : chrome with headless mode : false
[INFO ] 2023-12-07 14:21:53.041 [main] Log - ChromeDriver: chrome on mac (840a5d01b74495bce03fda86606b5834)
[INFO ] 2023-12-07 14:21:53.465 [main] Log - Browser window maximised
[INFO ] 2023-12-07 14:21:53.465 [main] Log - Navigation to URL
[INFO ] 2023-12-07 14:22:03.105 [main] Log - Navigated to URL
[INFO ] 2023-12-07 14:22:03.113 [main] Log - Page Load completed for : 1000
[INFO ] 2023-12-07 14:22:03.114 [main] Log - Navigated to Url : https://stg.trailhead.sfdc.sh/
[INFO ] 2023-12-07 14:22:03.117 [main] Log - Implicit wait completed for : 20
[INFO ] 2023-12-07 14:22:03.909 [main] Log - Screenshot Taken and attached to report
[INFO ] 2023-12-07 14:22:17.244 [main] Log - Screenshot Taken and attached to report
[INFO ] 2023-12-07 14:22:21.532 [main] Log - Screenshot Taken and attached to report
[INFO ] 2023-12-07 14:22:23.731 [main] Log - Screenshot Taken and attached to report
[INFO ] 2023-12-07 14:22:28.109 [main] Log - Screenshot Taken and attached to report
[INFO ] 2023-12-07 14:22:32.458 [main] Log - Screenshot Taken and attached to report
[INFO ] 2023-12-07 14:22:34.109 [main] Log - Screenshot Taken and attached to report
[INFO ] 2023-12-07 14:22:48.314 [main] Log - Screenshot Taken and attached to report
[INFO ] 2023-12-07 14:23:06.833 [main] Log - Screenshot Taken and attached to report
[INFO ] 2023-12-07 14:23:14.206 [main] Log - Screenshot Taken and attached to report
[INFO ] 2023-12-07 14:23:15.476 [main] Log - Screenshot Taken and attached to report
[INFO ] 2023-12-07 14:23:16.801 [main] Log - Screenshot Taken and attached to report
[INFO ] 2023-12-07 14:23:24.078 [main] Log - Screenshot Taken and attached to report
[INFO ] 2023-12-07 14:23:29.379 [main] Log - Screenshot Taken and attached to report
[INFO ] 2023-12-07 14:23:34.643 [main] Log - Screenshot Taken and attached to report
[INFO ] 2023-12-07 14:23:43.987 [main] Log - Screenshot Taken and attached to report
[INFO ] 2023-12-07 14:24:00.814 [main] Log - Method Passed : verifyBooleanCondition
[INFO ] 2023-12-07 14:24:01.337 [main] Log - Screenshot Taken and attached to report
[INFO ] 2023-12-07 14:24:06.361 [main] Log - All Browser cookies deleted
[INFO ] 2023-12-07 14:24:06.626 [main] Log - Open the Browser
[INFO ] 2023-12-07 14:24:08.081 [main] Log - Browser Opened : chrome with headless mode : false
[INFO ] 2023-12-07 14:24:08.085 [main] Log - ChromeDriver: chrome on mac (6cb92b1dd557da140bf473a08c703b5e)
[INFO ] 2023-12-07 14:24:08.530 [main] Log - Browser window maximised
[INFO ] 2023-12-07 14:24:08.531 [main] Log - Navigation to URL
[INFO ] 2023-12-07 14:24:19.198 [main] Log - Navigated to URL
[INFO ] 2023-12-07 14:24:19.201 [main] Log - Page Load completed for : 1000
[INFO ] 2023-12-07 14:24:19.202 [main] Log - Navigated to Url : https://stg.trailhead.sfdc.sh/
[INFO ] 2023-12-07 14:24:19.206 [main] Log - Implicit wait completed for : 20
[INFO ] 2023-12-07 14:24:19.946 [main] Log - Screenshot Taken and attached to report
[INFO ] 2023-12-07 14:24:31.413 [main] Log - Screenshot Taken and attached to report
[INFO ] 2023-12-07 14:24:35.721 [main] Log - Screenshot Taken and attached to report
[INFO ] 2023-12-07 14:24:38.540 [main] Log - Screenshot Taken and attached to report
[INFO ] 2023-12-07 14:24:42.876 [main] Log - Screenshot Taken and attached to report
[INFO ] 2023-12-07 14:24:47.264 [main] Log - Screenshot Taken and attached to report
[INFO ] 2023-12-07 14:24:48.944 [main] Log - Screenshot Taken and attached to report
[INFO ] 2023-12-07 14:25:01.432 [main] Log - Screenshot Taken and attached to report
[INFO ] 2023-12-07 14:25:06.732 [main] Log - Screenshot Taken and attached to report
[INFO ] 2023-12-07 14:25:32.813 [main] Log - All Browser cookies deleted
[INFO ] 2023-12-07 14:25:33.022 [main] Log - Test Passed : com.thtechops.qa.automation.testClasses.SignUp_Test.navigateToUrl
[INFO ] 2023-12-07 14:25:33.072 [main] Log - Test Started : com.thtechops.qa.automation.testClasses.SignUp_Test.login_using_otp
[INFO ] 2023-12-07 14:25:33.073 [main] Log - This message is from my own project
[INFO ] 2023-12-07 14:25:33.073 [main] Log - Open the Browser
[INFO ] 2023-12-07 14:25:34.596 [main] Log - Browser Opened : chrome with headless mode : false
[INFO ] 2023-12-07 14:25:34.631 [main] Log - ChromeDriver: chrome on mac (dc805ed65b04e2a64f82df3ecb7a3d4b)
[INFO ] 2023-12-07 14:25:35.061 [main] Log - Browser window maximised
[INFO ] 2023-12-07 14:25:35.062 [main] Log - Navigation to URL
[INFO ] 2023-12-07 14:25:41.313 [main] Log - Navigated to URL
[INFO ] 2023-12-07 14:25:41.315 [main] Log - Page Load completed for : 1000
[INFO ] 2023-12-07 14:25:41.315 [main] Log - Navigated to Url : https://stg.trailhead.sfdc.sh/
[INFO ] 2023-12-07 14:25:41.318 [main] Log - Implicit wait completed for : 20
[INFO ] 2023-12-07 14:25:44.305 [main] Log - Screenshot Taken and attached to report
[INFO ] 2023-12-07 14:40:56.881 [main] Log - Configuration file found at : ./src/main/resources/config.properties
[INFO ] 2023-12-07 14:40:56.932 [main] Log - Configuration file found at : ./src/main/resources/config.properties
[INFO ] 2023-12-07 14:40:56.945 [main] Log - Configuration file found at : ./src/main/resources/config.properties
[INFO ] 2023-12-07 14:40:56.958 [main] Log - Execution Started
[INFO ] 2023-12-07 14:40:56.999 [main] Log - Configuration file found at : ./src/main/resources/config.properties
[INFO ] 2023-12-07 14:40:57.037 [main] Log - Test Started : com.thtechops.qa.automation.testClasses.SignUp_Test.navigateToUrl
[INFO ] 2023-12-07 14:40:57.038 [main] Log - This message is from my own project
[INFO ] 2023-12-07 14:40:57.038 [main] Log - Open the Browser
[INFO ] 2023-12-07 14:40:59.460 [main] Log - Browser Opened : chrome with headless mode : false
[INFO ] 2023-12-07 14:40:59.461 [main] Log - ChromeDriver: chrome on mac (4b43fcd782847c5aa80391e66f95b9f4)
[INFO ] 2023-12-07 14:40:59.886 [main] Log - Browser window maximised
[INFO ] 2023-12-07 14:40:59.887 [main] Log - Navigation to URL
[INFO ] 2023-12-07 14:41:05.830 [main] Log - Navigated to URL
[INFO ] 2023-12-07 14:41:05.837 [main] Log - Page Load completed for : 1000
[INFO ] 2023-12-07 14:41:05.837 [main] Log - Navigated to Url : https://stg.trailhead.sfdc.sh/
[INFO ] 2023-12-07 14:41:05.842 [main] Log - Implicit wait completed for : 20
[INFO ] 2023-12-07 14:41:06.552 [main] Log - Screenshot Taken and attached to report
[INFO ] 2023-12-07 14:41:18.648 [main] Log - Screenshot Taken and attached to report
[INFO ] 2023-12-07 14:41:22.944 [main] Log - Screenshot Taken and attached to report
[INFO ] 2023-12-07 14:41:24.819 [main] Log - Screenshot Taken and attached to report
[INFO ] 2023-12-07 14:41:29.159 [main] Log - Screenshot Taken and attached to report
[INFO ] 2023-12-07 14:41:33.503 [main] Log - Screenshot Taken and attached to report
[INFO ] 2023-12-07 14:41:35.034 [main] Log - Screenshot Taken and attached to report
[INFO ] 2023-12-07 14:42:07.328 [main] Log - All Browser cookies deleted
[INFO ] 2023-12-07 14:42:07.540 [main] Log - Open the Browser
[INFO ] 2023-12-07 14:42:09.209 [main] Log - Browser Opened : chrome with headless mode : false
[INFO ] 2023-12-07 14:42:09.221 [main] Log - ChromeDriver: chrome on mac (28c9f72d9df8299f51b20a22bcc565ae)
[INFO ] 2023-12-07 14:42:09.654 [main] Log - Browser window maximised
[INFO ] 2023-12-07 14:42:09.655 [main] Log - Navigation to URL
[INFO ] 2023-12-07 14:42:20.002 [main] Log - Configuration file found at : ./src/main/resources/config.properties
[INFO ] 2023-12-07 14:42:20.052 [main] Log - Configuration file found at : ./src/main/resources/config.properties
[INFO ] 2023-12-07 14:42:20.067 [main] Log - Configuration file found at : ./src/main/resources/config.properties
[INFO ] 2023-12-07 14:42:20.080 [main] Log - Execution Started
[INFO ] 2023-12-07 14:42:20.121 [main] Log - Configuration file found at : ./src/main/resources/config.properties
[INFO ] 2023-12-07 14:42:20.158 [main] Log - Test Started : com.thtechops.qa.automation.testClasses.SignUp_Test.navigateToUrl
[INFO ] 2023-12-07 14:42:20.158 [main] Log - This message is from my own project
[INFO ] 2023-12-07 14:42:20.158 [main] Log - Open the Browser
[INFO ] 2023-12-07 14:42:22.608 [main] Log - Browser Opened : chrome with headless mode : false
[INFO ] 2023-12-07 14:42:22.629 [main] Log - ChromeDriver: chrome on mac (dedbf80779b319f8015ebe99885b8cba)
[INFO ] 2023-12-07 14:42:23.051 [main] Log - Browser window maximised
[INFO ] 2023-12-07 14:42:23.051 [main] Log - Navigation to URL
[INFO ] 2023-12-07 14:42:28.759 [main] Log - Navigated to URL
[INFO ] 2023-12-07 14:42:28.764 [main] Log - Page Load completed for : 1000
[INFO ] 2023-12-07 14:42:28.765 [main] Log - Navigated to Url : https://stg.trailhead.sfdc.sh/
[INFO ] 2023-12-07 14:42:28.770 [main] Log - Implicit wait completed for : 20
[INFO ] 2023-12-07 14:42:29.519 [main] Log - Screenshot Taken and attached to report
[INFO ] 2023-12-07 14:42:40.006 [main] Log - Screenshot Taken and attached to report
[INFO ] 2023-12-07 14:42:44.261 [main] Log - Screenshot Taken and attached to report
[INFO ] 2023-12-07 14:42:46.360 [main] Log - Screenshot Taken and attached to report
[INFO ] 2023-12-07 14:42:50.732 [main] Log - Screenshot Taken and attached to report
[INFO ] 2023-12-07 14:42:55.091 [main] Log - Screenshot Taken and attached to report
[INFO ] 2023-12-07 14:42:56.550 [main] Log - Screenshot Taken and attached to report
[INFO ] 2023-12-07 14:43:10.130 [main] Log - Screenshot Taken and attached to report
[INFO ] 2023-12-07 14:43:24.738 [main] Log - Screenshot Taken and attached to report
[INFO ] 2023-12-07 14:43:32.093 [main] Log - Screenshot Taken and attached to report
[INFO ] 2023-12-07 14:43:33.366 [main] Log - Screenshot Taken and attached to report
[INFO ] 2023-12-07 14:43:34.695 [main] Log - Screenshot Taken and attached to report
[INFO ] 2023-12-07 14:43:41.981 [main] Log - Screenshot Taken and attached to report
[INFO ] 2023-12-07 14:43:47.252 [main] Log - Screenshot Taken and attached to report
[INFO ] 2023-12-07 14:43:52.563 [main] Log - Screenshot Taken and attached to report
[INFO ] 2023-12-07 14:44:01.846 [main] Log - Screenshot Taken and attached to report
[INFO ] 2023-12-07 14:44:15.635 [main] Log - Method Passed : verifyBooleanCondition
[INFO ] 2023-12-07 14:44:16.188 [main] Log - Screenshot Taken and attached to report
[INFO ] 2023-12-07 14:44:21.218 [main] Log - All Browser cookies deleted
[INFO ] 2023-12-07 14:44:21.490 [main] Log - Open the Browser
[INFO ] 2023-12-07 14:44:22.910 [main] Log - Browser Opened : chrome with headless mode : false
[INFO ] 2023-12-07 14:44:22.910 [main] Log - ChromeDriver: chrome on mac (ab30b4b5665b24431339ac21ec717962)
[INFO ] 2023-12-07 14:44:23.342 [main] Log - Browser window maximised
[INFO ] 2023-12-07 14:44:23.342 [main] Log - Navigation to URL
[INFO ] 2023-12-07 14:44:29.904 [main] Log - Navigated to URL
[INFO ] 2023-12-07 14:44:29.906 [main] Log - Page Load completed for : 1000
[INFO ] 2023-12-07 14:44:29.907 [main] Log - Navigated to Url : https://stg.trailhead.sfdc.sh/
[INFO ] 2023-12-07 14:44:29.910 [main] Log - Implicit wait completed for : 20
[INFO ] 2023-12-07 14:44:30.652 [main] Log - Screenshot Taken and attached to report
[INFO ] 2023-12-07 14:44:43.190 [main] Log - Screenshot Taken and attached to report
[INFO ] 2023-12-07 14:44:47.470 [main] Log - Screenshot Taken and attached to report
[INFO ] 2023-12-07 14:44:49.510 [main] Log - Screenshot Taken and attached to report
[INFO ] 2023-12-07 14:44:53.820 [main] Log - Screenshot Taken and attached to report
[INFO ] 2023-12-07 14:44:58.151 [main] Log - Screenshot Taken and attached to report
[INFO ] 2023-12-07 14:44:59.827 [main] Log - Screenshot Taken and attached to report
[INFO ] 2023-12-07 14:45:17.511 [main] Log - Screenshot Taken and attached to report
[INFO ] 2023-12-07 14:45:22.828 [main] Log - Screenshot Taken and attached to report
[INFO ] 2023-12-07 14:45:42.966 [main] Log - Screenshot Taken and attached to report
[INFO ] 2023-12-07 14:45:44.257 [main] Log - Screenshot Taken and attached to report
[INFO ] 2023-12-07 14:45:45.702 [main] Log - Screenshot Taken and attached to report
[INFO ] 2023-12-07 14:45:52.987 [main] Log - Screenshot Taken and attached to report
[INFO ] 2023-12-07 14:45:58.363 [main] Log - Screenshot Taken and attached to report
[INFO ] 2023-12-07 14:46:03.613 [main] Log - Screenshot Taken and attached to report
[INFO ] 2023-12-07 14:46:12.912 [main] Log - Screenshot Taken and attached to report
[INFO ] 2023-12-07 14:46:25.669 [main] Log - Method Passed : verifyBooleanCondition
[INFO ] 2023-12-07 14:46:26.295 [main] Log - Screenshot Taken and attached to report
[INFO ] 2023-12-07 14:46:31.315 [main] Log - All Browser cookies deleted
[INFO ] 2023-12-07 14:46:31.637 [main] Log - Test Passed : com.thtechops.qa.automation.testClasses.SignUp_Test.navigateToUrl
[INFO ] 2023-12-07 14:46:31.810 [main] Log - Test Started : com.thtechops.qa.automation.testClasses.SignUp_Test.login_using_otp
[INFO ] 2023-12-07 14:46:31.810 [main] Log - This message is from my own project
[INFO ] 2023-12-07 14:46:31.811 [main] Log - Open the Browser
[INFO ] 2023-12-07 14:46:33.340 [main] Log - Browser Opened : chrome with headless mode : false
[INFO ] 2023-12-07 14:46:33.367 [main] Log - ChromeDriver: chrome on mac (8f9ab9dbc5e7a0567dbe5ace5de21d23)
[INFO ] 2023-12-07 14:46:33.818 [main] Log - Browser window maximised
[INFO ] 2023-12-07 14:46:33.819 [main] Log - Navigation to URL
[INFO ] 2023-12-07 14:46:39.051 [main] Log - Navigated to URL
[INFO ] 2023-12-07 14:46:39.053 [main] Log - Page Load completed for : 1000
[INFO ] 2023-12-07 14:46:39.053 [main] Log - Navigated to Url : https://stg.trailhead.sfdc.sh/
[INFO ] 2023-12-07 14:46:39.055 [main] Log - Implicit wait completed for : 20
[INFO ] 2023-12-07 14:46:42.033 [main] Log - Screenshot Taken and attached to report
[INFO ] 2023-12-07 14:46:50.711 [main] Log - Screenshot Taken and attached to report
[INFO ] 2023-12-07 14:46:55.027 [main] Log - Screenshot Taken and attached to report
[INFO ] 2023-12-07 14:47:02.885 [main] Log - Screenshot Taken and attached to report
[INFO ] 2023-12-07 14:47:07.443 [main] Log - Screenshot Taken and attached to report
[INFO ] 2023-12-07 14:48:38.973 [main] Log - Screenshot Taken and attached to report
[INFO ] 2023-12-07 14:48:44.611 [main] Log - Screenshot Taken and attached to report
[INFO ] 2023-12-07 14:48:50.260 [main] Log - Screenshot Taken and attached to report
[INFO ] 2023-12-07 14:48:51.827 [main] Log - Screenshot Taken and attached to report
[INFO ] 2023-12-07 14:48:51.827 [main] Log - Test Passed : com.thtechops.qa.automation.testClasses.SignUp_Test.login_using_otp
[INFO ] 2023-12-07 14:48:52.361 [main] Log - Test Started : com.thtechops.qa.automation.testClasses.SignUp_Test.drm_verification
[INFO ] 2023-12-07 14:48:52.362 [main] Log - This message is from my own project
[INFO ] 2023-12-07 14:48:52.362 [main] Log - Open the Browser
[INFO ] 2023-12-07 14:48:53.861 [main] Log - Browser Opened : chrome with headless mode : false
[INFO ] 2023-12-07 14:48:53.880 [main] Log - ChromeDriver: chrome on mac (b67d92a8953948da88818987b70df4f5)
[ERROR] 2023-12-07 14:48:54.412 [main] Log - Can not open new tab
[INFO ] 2023-12-07 14:48:59.515 [main] Log - Navigated to URL
[INFO ] 2023-12-07 14:48:59.515 [main] Log - Go to Sandbox Login URL
[INFO ] 2023-12-07 14:48:59.703 [main] Log - Webelement clicked, cleared and text entered
[INFO ] 2023-12-07 14:48:59.704 [main] Log - Enter Sandbox Username
[INFO ] 2023-12-07 14:49:00.223 [main] Log - Screenshot Taken and attached to report
[INFO ] 2023-12-07 14:49:00.323 [main] Log - Webelement clicked, cleared and text entered
[INFO ] 2023-12-07 14:49:00.323 [main] Log - Enter Sandbox Password
[INFO ] 2023-12-07 14:49:00.698 [main] Log - Screenshot Taken and attached to report
[INFO ] 2023-12-07 14:49:14.182 [main] Log - Element clicked
[INFO ] 2023-12-07 14:49:14.183 [main] Log - Click on Login
[INFO ] 2023-12-07 14:49:14.584 [main] Log - Screenshot Taken and attached to report
[INFO ] 2023-12-07 14:49:40.306 [main] Log - Webelement clicked, cleared and text entered
[INFO ] 2023-12-07 14:49:44.197 [main] Log - Screenshot Taken and attached to report
[INFO ] 2023-12-07 14:49:53.730 [main] Log - Browser refreshed
[INFO ] 2023-12-07 14:49:58.838 [main] Log - Method Passed : verifyElementSize
[INFO ] 2023-12-07 14:49:59.385 [main] Log - Screenshot Taken and attached to report
[INFO ] 2023-12-07 14:50:00.968 [main] Log - Browser refreshed
[INFO ] 2023-12-07 14:50:06.036 [main] Log - Element clicked
[INFO ] 2023-12-07 14:50:16.179 [main] Log - Element clicked
[ERROR] 2023-12-07 14:50:16.209 [main] Log - Method Failed : verifyBooleanCondition
[INFO ] 2023-12-07 14:50:16.771 [main] Log - Screenshot Taken and attached to report
[INFO ] 2023-12-07 14:50:17.274 [main] Log - Screenshot Taken and attached to report
[INFO ] 2023-12-07 14:50:17.734 [main] Log - Screenshot Taken and attached to report
[INFO ] 2023-12-07 14:50:18.229 [main] Log - Screenshot Taken and attached to report
[INFO ] 2023-12-07 14:50:18.718 [main] Log - Screenshot Taken and attached to report
[INFO ] 2023-12-07 14:50:18.718 [main] Log - Test Passed : com.thtechops.qa.automation.testClasses.SignUp_Test.drm_verification
[INFO ] 2023-12-07 14:50:19.149 [main] Log - Execution Finished
[INFO ] 2023-12-07 14:50:19.652 [main] Log - Suite FinishedContact Merge Functionality 
[INFO ] 2023-12-07 14:50:19.654 [main] Log - Execution Started
[INFO ] 2023-12-07 14:50:19.656 [main] Log - Open the Browser
[INFO ] 2023-12-07 14:50:21.215 [main] Log - Browser Opened : chrome with headless mode : false
[INFO ] 2023-12-07 14:50:21.222 [main] Log - ChromeDriver: chrome on mac (e9ec473161fecf88af909a6d9f175765)
[INFO ] 2023-12-07 14:50:21.263 [main] Log - Configuration file found at : ./src/main/resources/config.properties
[INFO ] 2023-12-07 14:50:21.279 [main] Log - Test Started : com.thtechops.qa.communityTag.testcases.T1_Community_tag_functionality._1_LogIn_HelpPortal
[INFO ] 2023-12-07 14:50:21.295 [main] Log - This message is from my own project
[INFO ] 2023-12-07 14:50:21.700 [main] Log - Browser window maximised
[INFO ] 2023-12-07 14:50:28.794 [main] Log - Navigated to URL
[INFO ] 2023-12-07 14:50:28.798 [main] Log - Page Load completed for : 1000
[INFO ] 2023-12-07 14:50:28.800 [main] Log - Implicit wait completed for : 20
[INFO ] 2023-12-07 14:50:28.811 [main] Log - All Browser cookies deleted
[INFO ] 2023-12-07 14:50:39.590 [main] Log - Screenshot Taken and attached to report
[INFO ] 2023-12-07 14:50:53.275 [main] Log - Screenshot Taken and attached to report
[INFO ] 2023-12-07 14:50:57.562 [main] Log - Screenshot Taken and attached to report
[INFO ] 2023-12-07 14:50:59.408 [main] Log - Screenshot Taken and attached to report
[INFO ] 2023-12-07 14:51:03.703 [main] Log - Screenshot Taken and attached to report
[INFO ] 2023-12-07 14:51:08.004 [main] Log - Screenshot Taken and attached to report
[INFO ] 2023-12-07 14:51:09.582 [main] Log - Screenshot Taken and attached to report
[INFO ] 2023-12-07 14:51:40.867 [main] Log - Test Passed : com.thtechops.qa.communityTag.testcases.T1_Community_tag_functionality._1_LogIn_HelpPortal
[INFO ] 2023-12-07 14:51:42.141 [main] Log - Test Started : com.thtechops.qa.communityTag.testcases.T1_Community_tag_functionality._2_community_tag_functionality
[INFO ] 2023-12-07 14:51:42.141 [main] Log - This message is from my own project
[INFO ] 2023-12-07 15:08:39.824 [main] Log - Configuration file found at : ./src/main/resources/config.properties
[INFO ] 2023-12-07 15:08:39.877 [main] Log - Configuration file found at : ./src/main/resources/config.properties
[INFO ] 2023-12-07 15:08:39.892 [main] Log - Execution Started
[INFO ] 2023-12-07 15:08:39.911 [main] Log - Open the Browser
[INFO ] 2023-12-07 15:08:42.295 [main] Log - Browser Opened : chrome with headless mode : false
[INFO ] 2023-12-07 15:08:42.331 [main] Log - ChromeDriver: chrome on mac (c2bd63209c9d6e102da0ed4ae89c23fb)
[INFO ] 2023-12-07 15:08:42.384 [main] Log - Configuration file found at : ./src/main/resources/config.properties
[INFO ] 2023-12-07 15:08:42.421 [main] Log - Test Started : com.thtechops.qa.communityTag.testcases.T1_Community_tag_functionality._1_LogIn_HelpPortal
[INFO ] 2023-12-07 15:08:42.428 [main] Log - This message is from my own project
[INFO ] 2023-12-07 15:08:42.862 [main] Log - Browser window maximised
[INFO ] 2023-12-07 15:08:50.658 [main] Log - Navigated to URL
[INFO ] 2023-12-07 15:08:50.662 [main] Log - Page Load completed for : 1000
[INFO ] 2023-12-07 15:08:50.667 [main] Log - Implicit wait completed for : 20
[INFO ] 2023-12-07 15:08:50.681 [main] Log - All Browser cookies deleted
[INFO ] 2023-12-07 15:09:01.452 [main] Log - Screenshot Taken and attached to report
[INFO ] 2023-12-07 15:09:12.297 [main] Log - Screenshot Taken and attached to report
[INFO ] 2023-12-07 15:09:16.648 [main] Log - Screenshot Taken and attached to report
[INFO ] 2023-12-07 15:09:18.432 [main] Log - Screenshot Taken and attached to report
[INFO ] 2023-12-07 15:09:22.790 [main] Log - Screenshot Taken and attached to report
[INFO ] 2023-12-07 15:09:27.141 [main] Log - Screenshot Taken and attached to report
[INFO ] 2023-12-07 15:09:28.527 [main] Log - Screenshot Taken and attached to report
[INFO ] 2023-12-07 15:10:00.945 [main] Log - Test Passed : com.thtechops.qa.communityTag.testcases.T1_Community_tag_functionality._1_LogIn_HelpPortal
[INFO ] 2023-12-07 15:10:02.341 [main] Log - Test Started : com.thtechops.qa.communityTag.testcases.T1_Community_tag_functionality._2_community_tag_functionality
[INFO ] 2023-12-07 15:10:02.342 [main] Log - This message is from my own project
[WARN ] 2023-12-07 15:10:52.430 [main] Log - WebElement Not found
[INFO ] 2023-12-07 15:10:52.431 [main] Log - Test Passed : com.thtechops.qa.communityTag.testcases.T1_Community_tag_functionality._2_community_tag_functionality
[INFO ] 2023-12-07 15:10:53.602 [main] Log - Test Started : com.thtechops.qa.communityTag.testcases.T1_Community_tag_functionality.drm_verification
[INFO ] 2023-12-07 15:10:53.602 [main] Log - This message is from my own project
[INFO ] 2023-12-07 15:10:58.585 [main] Log - Navigated to URL
[INFO ] 2023-12-07 15:10:58.586 [main] Log - Go to Sandbox Login URL
[INFO ] 2023-12-07 15:10:58.733 [main] Log - Webelement clicked, cleared and text entered
[INFO ] 2023-12-07 15:10:58.733 [main] Log - Enter Sandbox Username
[INFO ] 2023-12-07 15:10:59.181 [main] Log - Screenshot Taken and attached to report
[INFO ] 2023-12-07 15:10:59.270 [main] Log - Webelement clicked, cleared and text entered
[INFO ] 2023-12-07 15:10:59.270 [main] Log - Enter Sandbox Password
[INFO ] 2023-12-07 15:10:59.741 [main] Log - Screenshot Taken and attached to report
[INFO ] 2023-12-07 15:11:13.341 [main] Log - Element clicked
[INFO ] 2023-12-07 15:11:13.341 [main] Log - Click on Login
[INFO ] 2023-12-07 15:11:13.809 [main] Log - Screenshot Taken and attached to report
[INFO ] 2023-12-07 15:11:29.595 [main] Log - Webelement clicked, cleared and text entered
[INFO ] 2023-12-07 15:11:33.115 [main] Log - Screenshot Taken and attached to report
[INFO ] 2023-12-07 15:11:56.180 [main] Log - Implicit wait completed for : 10
[ERROR] 2023-12-07 15:11:56.182 [main] Log - Element is not yet visibleBy.xpath: //div[@class='slds-icon-waffle']
[INFO ] 2023-12-07 15:11:56.225 [main] Log - Element clicked
[INFO ] 2023-12-07 15:11:58.595 [main] Log - Webelement clicked, cleared and text entered
[INFO ] 2023-12-07 15:12:02.660 [main] Log - Element clicked
[INFO ] 2023-12-07 15:12:03.197 [main] Log - Screenshot Taken and attached to report
[INFO ] 2023-12-07 15:12:09.632 [main] Log - Element clicked
[INFO ] 2023-12-07 15:12:13.236 [main] Log - Screenshot Taken and attached to report
[INFO ] 2023-12-07 15:12:13.237 [main] Log - Test Passed : com.thtechops.qa.communityTag.testcases.T1_Community_tag_functionality.drm_verification
[INFO ] 2023-12-07 15:12:13.741 [main] Log - Execution Finished
[INFO ] 2023-12-07 15:12:14.149 [main] Log - Driver Closed
[INFO ] 2023-12-07 15:12:14.150 [main] Log - Suite FinishedCommunity Tag Test Suite
[INFO ] 2023-12-07 15:12:14.154 [main] Log - Execution Started
[INFO ] 2023-12-07 15:12:14.156 [main] Log - Open the Browser
[INFO ] 2023-12-07 15:12:15.663 [main] Log - Browser Opened : chrome with headless mode : false
[INFO ] 2023-12-07 15:12:15.694 [main] Log - ChromeDriver: chrome on mac (8f620d6c980b7925026b561d1a7cd6da)
[INFO ] 2023-12-07 15:12:15.715 [main] Log - Configuration file found at : ./src/main/resources/config.properties
[INFO ] 2023-12-07 15:12:15.737 [main] Log - Test Started : com.thtechops.qa.automation.testClasses.Connect_disconnect_An_Account.sign_up_email
[INFO ] 2023-12-07 15:12:15.752 [main] Log - This message is from my own project
[INFO ] 2023-12-07 15:12:16.161 [main] Log - Browser window maximised
[INFO ] 2023-12-07 15:12:16.161 [main] Log - Navigation to URL
[INFO ] 2023-12-07 15:12:23.299 [main] Log - Navigated to URL
[INFO ] 2023-12-07 15:12:23.302 [main] Log - Page Load completed for : 1000
[INFO ] 2023-12-07 15:12:23.302 [main] Log - Navigated to Url : https://stg.trailhead.sfdc.sh/
[INFO ] 2023-12-07 15:12:23.307 [main] Log - Implicit wait completed for : 20
[INFO ] 2023-12-07 15:12:23.318 [main] Log - All Browser cookies deleted
[INFO ] 2023-12-07 15:12:24.029 [main] Log - Screenshot Taken and attached to report
[INFO ] 2023-12-07 15:12:34.887 [main] Log - Screenshot Taken and attached to report
[INFO ] 2023-12-07 15:12:39.228 [main] Log - Screenshot Taken and attached to report
[INFO ] 2023-12-07 15:12:41.439 [main] Log - Screenshot Taken and attached to report
[INFO ] 2023-12-07 15:12:45.750 [main] Log - Screenshot Taken and attached to report
[INFO ] 2023-12-07 15:12:50.117 [main] Log - Screenshot Taken and attached to report
[INFO ] 2023-12-07 15:12:51.761 [main] Log - Screenshot Taken and attached to report
[INFO ] 2023-12-07 15:13:18.714 [main] Log - Screenshot Taken and attached to report
[INFO ] 2023-12-07 15:13:24.059 [main] Log - Screenshot Taken and attached to report
[INFO ] 2023-12-07 15:13:52.547 [main] Log - Screenshot Taken and attached to report
[INFO ] 2023-12-07 15:13:53.849 [main] Log - Screenshot Taken and attached to report
[INFO ] 2023-12-07 15:13:55.183 [main] Log - Screenshot Taken and attached to report
[INFO ] 2023-12-07 15:14:02.516 [main] Log - Screenshot Taken and attached to report
[INFO ] 2023-12-07 15:14:07.819 [main] Log - Screenshot Taken and attached to report
[INFO ] 2023-12-07 15:14:13.111 [main] Log - Screenshot Taken and attached to report
[INFO ] 2023-12-07 15:14:22.372 [main] Log - Screenshot Taken and attached to report
[INFO ] 2023-12-07 15:14:36.359 [main] Log - Method Passed : verifyBooleanCondition
[INFO ] 2023-12-07 15:14:36.924 [main] Log - Screenshot Taken and attached to report
[INFO ] 2023-12-07 15:14:41.925 [main] Log - Test Passed : com.thtechops.qa.automation.testClasses.Connect_disconnect_An_Account.sign_up_email
[INFO ] 2023-12-07 15:14:42.486 [main] Log - Test Started : com.thtechops.qa.automation.testClasses.Connect_disconnect_An_Account.test_connect_account
[INFO ] 2023-12-07 15:14:42.486 [main] Log - This message is from my own project
[INFO ] 2023-12-07 15:15:01.446 [main] Log - Screenshot Taken and attached to report
[INFO ] 2023-12-07 15:15:07.150 [main] Log - Screenshot Taken and attached to report
[INFO ] 2023-12-07 15:15:08.759 [main] Log - Screenshot Taken and attached to report
[INFO ] 2023-12-07 15:15:08.760 [main] Log - Test Passed : com.thtechops.qa.automation.testClasses.Connect_disconnect_An_Account.test_connect_account
[INFO ] 2023-12-07 15:15:09.256 [main] Log - Test Started : com.thtechops.qa.automation.testClasses.Connect_disconnect_An_Account.drm_verification
[INFO ] 2023-12-07 15:15:09.256 [main] Log - This message is from my own project
[INFO ] 2023-12-07 15:15:13.578 [main] Log - Navigated to URL
[INFO ] 2023-12-07 15:15:13.578 [main] Log - Go to Sandbox Login URL
[INFO ] 2023-12-07 15:15:13.697 [main] Log - Webelement clicked, cleared and text entered
[INFO ] 2023-12-07 15:15:13.698 [main] Log - Enter Sandbox Username
[INFO ] 2023-12-07 15:15:14.125 [main] Log - Screenshot Taken and attached to report
[INFO ] 2023-12-07 15:15:14.201 [main] Log - Webelement clicked, cleared and text entered
[INFO ] 2023-12-07 15:15:14.201 [main] Log - Enter Sandbox Password
[INFO ] 2023-12-07 15:15:14.696 [main] Log - Screenshot Taken and attached to report
[INFO ] 2023-12-07 15:15:26.430 [main] Log - Element clicked
[INFO ] 2023-12-07 15:15:26.430 [main] Log - Click on Login
[INFO ] 2023-12-07 15:15:26.920 [main] Log - Screenshot Taken and attached to report
[INFO ] 2023-12-07 15:15:42.405 [main] Log - Webelement clicked, cleared and text entered
[INFO ] 2023-12-07 15:15:45.960 [main] Log - Screenshot Taken and attached to report
[INFO ] 2023-12-07 15:15:54.663 [main] Log - Screenshot Taken and attached to report
[INFO ] 2023-12-07 15:15:55.913 [main] Log - Browser refreshed
[INFO ] 2023-12-07 15:16:00.978 [main] Log - Element clicked
[INFO ] 2023-12-07 15:16:11.065 [main] Log - Element clicked
[INFO ] 2023-12-07 15:16:11.588 [main] Log - Screenshot Taken and attached to report
[INFO ] 2023-12-07 15:16:12.137 [main] Log - Screenshot Taken and attached to report
[INFO ] 2023-12-07 15:16:12.676 [main] Log - Screenshot Taken and attached to report
[INFO ] 2023-12-07 15:16:13.279 [main] Log - Screenshot Taken and attached to report
[INFO ] 2023-12-07 15:16:13.833 [main] Log - Screenshot Taken and attached to report
[INFO ] 2023-12-07 15:16:24.356 [main] Log - Webelement clicked, cleared and text entered
[INFO ] 2023-12-07 15:16:27.901 [main] Log - Screenshot Taken and attached to report
[INFO ] 2023-12-07 15:16:50.949 [main] Log - Test Passed : com.thtechops.qa.automation.testClasses.Connect_disconnect_An_Account.drm_verification
[INFO ] 2023-12-07 15:16:54.632 [main] Log - Test Started : com.thtechops.qa.automation.testClasses.Connect_disconnect_An_Account.disconnect_the_contact
[INFO ] 2023-12-07 15:16:54.632 [main] Log - This message is from my own project
[INFO ] 2023-12-07 15:17:29.811 [main] Log - Browser refreshed
[INFO ] 2023-12-07 15:18:05.350 [main] Log - Webelement clicked, cleared and text entered
[INFO ] 2023-12-07 15:18:08.925 [main] Log - Screenshot Taken and attached to report
[INFO ] 2023-12-07 15:18:17.778 [main] Log - Screenshot Taken and attached to report
[INFO ] 2023-12-07 15:18:19.071 [main] Log - Browser refreshed
[INFO ] 2023-12-07 15:18:24.116 [main] Log - Element clicked
[INFO ] 2023-12-07 15:18:34.239 [main] Log - Element clicked
[INFO ] 2023-12-07 15:18:34.753 [main] Log - Screenshot Taken and attached to report
[INFO ] 2023-12-07 15:18:35.255 [main] Log - Screenshot Taken and attached to report
[INFO ] 2023-12-07 15:18:35.741 [main] Log - Screenshot Taken and attached to report
[INFO ] 2023-12-07 15:18:36.221 [main] Log - Screenshot Taken and attached to report
[INFO ] 2023-12-07 15:18:36.708 [main] Log - Screenshot Taken and attached to report
[INFO ] 2023-12-07 15:18:47.254 [main] Log - Webelement clicked, cleared and text entered
[INFO ] 2023-12-07 15:18:50.755 [main] Log - Screenshot Taken and attached to report
[INFO ] 2023-12-07 15:19:13.776 [main] Log - Test Passed : com.thtechops.qa.automation.testClasses.Connect_disconnect_An_Account.disconnect_the_contact
[INFO ] 2023-12-07 15:19:14.281 [main] Log - Execution Finished
[INFO ] 2023-12-07 15:19:14.476 [main] Log - Suite FinishedConnect Disconnect Test Suite
[INFO ] 2023-12-07 15:19:14.477 [main] Log - Execution Started
[INFO ] 2023-12-07 15:19:14.478 [main] Log - Suite FinishedSuite
