[INFO ] 2023-10-23 13:04:57.052 [main] Log - Configuration file found at : ./src/main/resources/config.properties
[INFO ] 2023-10-23 13:04:57.129 [main] Log - Execution Started
[INFO ] 2023-10-23 13:04:57.158 [main] Log - Open the Browser
[INFO ] 2023-10-23 13:05:02.577 [main] Log - Browser Opened : chrome with headless mode : false
[INFO ] 2023-10-23 13:05:02.587 [main] Log - ChromeDriver: chrome on mac (28754c0296fff906eaac8d50d9c51041)
[INFO ] 2023-10-23 13:05:02.641 [main] Log - Configuration file found at : ./src/main/resources/config.properties
[INFO ] 2023-10-23 13:05:02.683 [main] Log - Test Started : com.thtechops.qa.AddTohireme.testcases.T1_Add_to_Hire_Me_functionality.navigateToUrl
[INFO ] 2023-10-23 13:05:02.687 [main] Log - This message is from my own project
[INFO ] 2023-10-23 13:05:03.111 [main] Log - Browser window maximised
[INFO ] 2023-10-23 13:05:03.111 [main] Log - Navigation to URL
[INFO ] 2023-10-23 13:05:09.848 [main] Log - Navigated to URL
[INFO ] 2023-10-23 13:05:09.854 [main] Log - Page Load completed for : 1000
[INFO ] 2023-10-23 13:05:09.854 [main] Log - Navigated to Url : https://stg.trailhead.sfdc.sh/
[INFO ] 2023-10-23 13:05:09.858 [main] Log - Implicit wait completed for : 20
[INFO ] 2023-10-23 13:05:09.867 [main] Log - All Browser cookies deleted
[INFO ] 2023-10-23 13:05:09.869 [main] Log - Test Passed : com.thtechops.qa.AddTohireme.testcases.T1_Add_to_Hire_Me_functionality.navigateToUrl
[INFO ] 2023-10-23 13:05:10.685 [main] Log - Test Started : com.thtechops.qa.AddTohireme.testcases.T1_Add_to_Hire_Me_functionality._1_LogIn_HelpPortal
[INFO ] 2023-10-23 13:05:10.685 [main] Log - This message is from my own project
[INFO ] 2023-10-23 13:05:10.686 [main] Log - This Method is to Login on Help Portal and Redirection to Category Page
[INFO ] 2023-10-23 13:05:23.577 [main] Log - Screenshot Taken and attached to report
[INFO ] 2023-10-23 13:05:31.271 [main] Log - Screenshot Taken and attached to report
[INFO ] 2023-10-23 13:05:34.806 [main] Log - Screenshot Taken and attached to report
[INFO ] 2023-10-23 13:05:43.985 [main] Log - Screenshot Taken and attached to report
[INFO ] 2023-10-23 13:05:48.524 [main] Log - Screenshot Taken and attached to report
[INFO ] 2023-10-23 13:05:52.531 [main] Log - Test Passed : com.thtechops.qa.AddTohireme.testcases.T1_Add_to_Hire_Me_functionality._1_LogIn_HelpPortal
[INFO ] 2023-10-23 13:05:57.070 [main] Log - Test Started : com.thtechops.qa.AddTohireme.testcases.T1_Add_to_Hire_Me_functionality._2_add_hire_me_functionality
[INFO ] 2023-10-23 13:05:57.071 [main] Log - This message is from my own project
[INFO ] 2023-10-23 13:06:03.227 [main] Log - Browser refreshed
[INFO ] 2023-10-23 13:06:18.564 [main] Log - Method Passed : verifyText
[INFO ] 2023-10-23 13:06:18.564 [main] Log - Verified  Add Hire Me Button
[INFO ] 2023-10-23 13:06:18.573 [main] Log - Method Passed : verifyBooleanCondition
[INFO ] 2023-10-23 13:06:19.210 [main] Log - Screenshot Taken and attached to report
[INFO ] 2023-10-23 13:06:19.271 [main] Log - click on the Add Hire Me Button
[INFO ] 2023-10-23 13:06:26.949 [main] Log - current url fetched https://www-uat1.salesforce.com/in/?ir=1#availableForHire
[ERROR] 2023-10-23 13:06:26.957 [main] Log - Method Failed : verifyText
[INFO ] 2023-10-23 13:06:27.709 [main] Log - Screenshot Taken and attached to report
[INFO ] 2023-10-23 13:06:47.755 [main] Log - Test Failed : com.thtechops.qa.AddTohireme.testcases.T1_Add_to_Hire_Me_functionality._2_add_hire_me_functionality
[INFO ] 2023-10-23 13:06:48.461 [main] Log - Test Started : com.thtechops.qa.AddTohireme.testcases.T1_Add_to_Hire_Me_functionality._3_drm_validation
[INFO ] 2023-10-23 13:06:48.461 [main] Log - This message is from my own project
[INFO ] 2023-10-23 13:06:48.461 [main] Log - This Method is to verify Add Hire Me Button UI Validation
[INFO ] 2023-10-23 13:06:52.310 [main] Log - Navigated to URL
[INFO ] 2023-10-23 13:06:52.311 [main] Log - Go to Sandbox Login URL
[INFO ] 2023-10-23 13:06:52.448 [main] Log - Webelement clicked, cleared and text entered
[INFO ] 2023-10-23 13:06:52.449 [main] Log - Enter Sandbox Username
[INFO ] 2023-10-23 13:06:52.898 [main] Log - Screenshot Taken and attached to report
[INFO ] 2023-10-23 13:06:52.998 [main] Log - Webelement clicked, cleared and text entered
[INFO ] 2023-10-23 13:06:52.998 [main] Log - Enter Sandbox Password
[INFO ] 2023-10-23 13:06:53.435 [main] Log - Screenshot Taken and attached to report
[INFO ] 2023-10-23 13:07:11.253 [main] Log - Element clicked
[INFO ] 2023-10-23 13:07:11.254 [main] Log - Click on Login
[INFO ] 2023-10-23 13:07:11.702 [main] Log - Screenshot Taken and attached to report
[INFO ] 2023-10-23 13:07:16.708 [main] Log - Implicit wait completed for : 10
[ERROR] 2023-10-23 13:07:16.714 [main] Log - Element is not yet visibleBy.xpath: //div[@class='slds-icon-waffle']
[INFO ] 2023-10-23 13:07:16.764 [main] Log - Element clicked
[INFO ] 2023-10-23 13:07:19.078 [main] Log - Webelement clicked, cleared and text entered
[INFO ] 2023-10-23 13:07:23.134 [main] Log - Element clicked
[INFO ] 2023-10-23 13:07:23.637 [main] Log - Screenshot Taken and attached to report
[INFO ] 2023-10-23 13:07:25.011 [main] Log - Screenshot Taken and attached to report
[INFO ] 2023-10-23 13:07:25.994 [main] Log - Element clicked
[INFO ] 2023-10-23 13:07:26.012 [main] Log - Method Passed : verifyText
[INFO ] 2023-10-23 13:07:26.012 [main] Log - Method Passed : verifyText
[INFO ] 2023-10-23 13:07:32.016 [main] Log - Test Passed : com.thtechops.qa.AddTohireme.testcases.T1_Add_to_Hire_Me_functionality._3_drm_validation
[INFO ] 2023-10-23 13:07:32.539 [main] Log - Driver Closed
[INFO ] 2023-10-23 13:07:32.539 [main] Log - Execution Finished
[INFO ] 2023-10-23 13:07:32.841 [main] Log - Suite FinishedHire Me Test Suite
[INFO ] 2023-10-23 13:07:32.843 [main] Log - Execution Started
[INFO ] 2023-10-23 13:07:32.845 [main] Log - Suite FinishedSuite
[INFO ] 2023-10-23 13:12:32.956 [main] Log - Configuration file found at : ./src/main/resources/config.properties
[INFO ] 2023-10-23 13:12:33.008 [main] Log - Execution Started
[INFO ] 2023-10-23 13:12:33.027 [main] Log - Open the Browser
[INFO ] 2023-10-23 13:12:35.274 [main] Log - Browser Opened : chrome with headless mode : false
[INFO ] 2023-10-23 13:12:35.288 [main] Log - ChromeDriver: chrome on mac (0467f69083de346656593e05b0ba9b70)
[INFO ] 2023-10-23 13:12:35.395 [main] Log - Configuration file found at : ./src/main/resources/config.properties
[INFO ] 2023-10-23 13:12:35.426 [main] Log - Test Started : com.thtechops.qa.AddTohireme.testcases.T1_Add_to_Hire_Me_functionality.navigateToUrl
[INFO ] 2023-10-23 13:12:35.427 [main] Log - This message is from my own project
[INFO ] 2023-10-23 13:12:35.852 [main] Log - Browser window maximised
[INFO ] 2023-10-23 13:12:35.852 [main] Log - Navigation to URL
[INFO ] 2023-10-23 13:12:40.728 [main] Log - Navigated to URL
[INFO ] 2023-10-23 13:12:40.735 [main] Log - Page Load completed for : 1000
[INFO ] 2023-10-23 13:12:40.735 [main] Log - Navigated to Url : https://stg.trailhead.sfdc.sh/
[INFO ] 2023-10-23 13:12:40.738 [main] Log - Implicit wait completed for : 20
[INFO ] 2023-10-23 13:12:40.748 [main] Log - All Browser cookies deleted
[INFO ] 2023-10-23 13:12:40.751 [main] Log - Test Passed : com.thtechops.qa.AddTohireme.testcases.T1_Add_to_Hire_Me_functionality.navigateToUrl
[INFO ] 2023-10-23 13:12:41.580 [main] Log - Test Started : com.thtechops.qa.AddTohireme.testcases.T1_Add_to_Hire_Me_functionality._1_LogIn_HelpPortal
[INFO ] 2023-10-23 13:12:41.580 [main] Log - This message is from my own project
[INFO ] 2023-10-23 13:12:41.581 [main] Log - This Method is to Login on Help Portal and Redirection to Category Page
[INFO ] 2023-10-23 13:12:54.487 [main] Log - Screenshot Taken and attached to report
[INFO ] 2023-10-23 13:13:00.394 [main] Log - Screenshot Taken and attached to report
[INFO ] 2023-10-23 13:13:03.946 [main] Log - Screenshot Taken and attached to report
[INFO ] 2023-10-23 13:13:12.499 [main] Log - Screenshot Taken and attached to report
[INFO ] 2023-10-23 13:13:16.977 [main] Log - Screenshot Taken and attached to report
[INFO ] 2023-10-23 13:13:20.975 [main] Log - Test Passed : com.thtechops.qa.AddTohireme.testcases.T1_Add_to_Hire_Me_functionality._1_LogIn_HelpPortal
[INFO ] 2023-10-23 13:13:25.356 [main] Log - Test Started : com.thtechops.qa.AddTohireme.testcases.T1_Add_to_Hire_Me_functionality._2_add_hire_me_functionality
[INFO ] 2023-10-23 13:13:25.356 [main] Log - This message is from my own project
[INFO ] 2023-10-23 13:13:31.408 [main] Log - Browser refreshed
[INFO ] 2023-10-23 13:13:43.771 [main] Log - Method Passed : verifyText
[INFO ] 2023-10-23 13:13:43.772 [main] Log - Verified  Add Hire Me Button
[INFO ] 2023-10-23 13:13:43.781 [main] Log - Method Passed : verifyBooleanCondition
[INFO ] 2023-10-23 13:13:44.416 [main] Log - Screenshot Taken and attached to report
[INFO ] 2023-10-23 13:13:44.504 [main] Log - click on the Add Hire Me Button
[INFO ] 2023-10-23 13:13:51.929 [main] Log - current url fetched https://www-uat1.salesforce.com/in/?ir=1#availableForHire
[ERROR] 2023-10-23 13:13:51.941 [main] Log - Method Failed : verifyText
[INFO ] 2023-10-23 13:13:52.646 [main] Log - Screenshot Taken and attached to report
[INFO ] 2023-10-23 13:14:20.874 [main] Log - Test Failed : com.thtechops.qa.AddTohireme.testcases.T1_Add_to_Hire_Me_functionality._2_add_hire_me_functionality
[INFO ] 2023-10-23 13:48:12.267 [main] Log - Configuration file found at : ./src/main/resources/config.properties
[INFO ] 2023-10-23 13:48:12.322 [main] Log - Execution Started
[INFO ] 2023-10-23 13:48:12.341 [main] Log - Open the Browser
[INFO ] 2023-10-23 13:48:14.670 [main] Log - Browser Opened : chrome with headless mode : false
[INFO ] 2023-10-23 13:48:14.684 [main] Log - ChromeDriver: chrome on mac (8492d569a4451482533e79f913029812)
[INFO ] 2023-10-23 13:48:14.816 [main] Log - Configuration file found at : ./src/main/resources/config.properties
[INFO ] 2023-10-23 13:48:14.831 [main] Log - Test Started : com.thtechops.qa.AddTohireme.testcases.T1_Add_to_Hire_Me_functionality.navigateToUrl
[INFO ] 2023-10-23 13:48:14.831 [main] Log - This message is from my own project
[INFO ] 2023-10-23 13:48:15.254 [main] Log - Browser window maximised
[INFO ] 2023-10-23 13:48:15.255 [main] Log - Navigation to URL
[INFO ] 2023-10-23 13:48:23.367 [main] Log - Navigated to URL
[INFO ] 2023-10-23 13:48:23.372 [main] Log - Page Load completed for : 1000
[INFO ] 2023-10-23 13:48:23.372 [main] Log - Navigated to Url : https://stg.trailhead.sfdc.sh/
[INFO ] 2023-10-23 13:48:23.378 [main] Log - Implicit wait completed for : 20
[INFO ] 2023-10-23 13:48:23.394 [main] Log - All Browser cookies deleted
[INFO ] 2023-10-23 13:48:23.396 [main] Log - Test Passed : com.thtechops.qa.AddTohireme.testcases.T1_Add_to_Hire_Me_functionality.navigateToUrl
[INFO ] 2023-10-23 13:48:24.202 [main] Log - Test Started : com.thtechops.qa.AddTohireme.testcases.T1_Add_to_Hire_Me_functionality._1_LogIn_HelpPortal
[INFO ] 2023-10-23 13:48:24.202 [main] Log - This message is from my own project
[INFO ] 2023-10-23 13:48:24.203 [main] Log - This Method is to Login on Help Portal and Redirection to Category Page
[INFO ] 2023-10-23 13:48:37.147 [main] Log - Screenshot Taken and attached to report
[INFO ] 2023-10-23 13:48:43.098 [main] Log - Screenshot Taken and attached to report
[INFO ] 2023-10-23 13:48:46.660 [main] Log - Screenshot Taken and attached to report
[INFO ] 2023-10-23 13:48:55.151 [main] Log - Screenshot Taken and attached to report
[INFO ] 2023-10-23 13:48:59.646 [main] Log - Screenshot Taken and attached to report
[INFO ] 2023-10-23 13:49:03.649 [main] Log - Test Passed : com.thtechops.qa.AddTohireme.testcases.T1_Add_to_Hire_Me_functionality._1_LogIn_HelpPortal
[INFO ] 2023-10-23 13:49:09.377 [main] Log - Test Started : com.thtechops.qa.AddTohireme.testcases.T1_Add_to_Hire_Me_functionality._2_add_hire_me_functionality
[INFO ] 2023-10-23 13:49:09.378 [main] Log - This message is from my own project
[INFO ] 2023-10-23 13:49:15.700 [main] Log - Browser refreshed
[INFO ] 2023-10-23 13:49:28.560 [main] Log - Method Passed : verifyText
[INFO ] 2023-10-23 13:49:28.560 [main] Log - Verified  Add Hire Me Button
[INFO ] 2023-10-23 13:49:28.570 [main] Log - Method Passed : verifyBooleanCondition
[INFO ] 2023-10-23 13:49:29.173 [main] Log - Screenshot Taken and attached to report
[INFO ] 2023-10-23 13:49:29.257 [main] Log - click on the Add Hire Me Button
[INFO ] 2023-10-23 13:49:33.291 [main] Log - current url fetched https://www-uat1.salesforce.com/trailblazer/settings#availableForHire
[INFO ] 2023-10-23 13:49:33.291 [main] Log - Method Passed : verifyText
[INFO ] 2023-10-23 13:49:33.753 [main] Log - Screenshot Taken and attached to report
[INFO ] 2023-10-23 13:49:34.318 [main] Log - Screenshot Taken and attached to report
[INFO ] 2023-10-23 13:49:34.331 [main] Log - Method Passed : verifyText
[INFO ] 2023-10-23 13:49:34.804 [main] Log - Screenshot Taken and attached to report
[INFO ] 2023-10-23 13:49:35.875 [main] Log - Test Failed : com.thtechops.qa.AddTohireme.testcases.T1_Add_to_Hire_Me_functionality._2_add_hire_me_functionality
[INFO ] 2023-10-23 13:49:36.414 [main] Log - Driver Closed
[INFO ] 2023-10-23 13:49:36.414 [main] Log - Execution Finished
[INFO ] 2023-10-23 13:49:36.675 [main] Log - Suite FinishedHire Me Test Suite
[INFO ] 2023-10-23 13:49:36.677 [main] Log - Execution Started
[INFO ] 2023-10-23 13:49:36.678 [main] Log - Suite FinishedSuite
[INFO ] 2023-10-23 13:53:15.362 [main] Log - Configuration file found at : ./src/main/resources/config.properties
[INFO ] 2023-10-23 13:53:15.413 [main] Log - Execution Started
[INFO ] 2023-10-23 13:53:15.431 [main] Log - Open the Browser
[INFO ] 2023-10-23 13:53:17.699 [main] Log - Browser Opened : chrome with headless mode : false
[INFO ] 2023-10-23 13:53:17.711 [main] Log - ChromeDriver: chrome on mac (2434778b1adc0946b7a6876831ae5f9d)
[INFO ] 2023-10-23 13:53:17.823 [main] Log - Configuration file found at : ./src/main/resources/config.properties
[INFO ] 2023-10-23 13:53:17.845 [main] Log - Test Started : com.thtechops.qa.AddTohireme.testcases.T1_Add_to_Hire_Me_functionality.navigateToUrl
[INFO ] 2023-10-23 13:53:17.851 [main] Log - This message is from my own project
[INFO ] 2023-10-23 13:53:18.276 [main] Log - Browser window maximised
[INFO ] 2023-10-23 13:53:18.276 [main] Log - Navigation to URL
[INFO ] 2023-10-23 13:53:22.794 [main] Log - Navigated to URL
[INFO ] 2023-10-23 13:53:22.798 [main] Log - Page Load completed for : 1000
[INFO ] 2023-10-23 13:53:22.798 [main] Log - Navigated to Url : https://stg.trailhead.sfdc.sh/
[INFO ] 2023-10-23 13:53:22.801 [main] Log - Implicit wait completed for : 20
[INFO ] 2023-10-23 13:53:22.813 [main] Log - All Browser cookies deleted
[INFO ] 2023-10-23 13:53:22.814 [main] Log - Test Passed : com.thtechops.qa.AddTohireme.testcases.T1_Add_to_Hire_Me_functionality.navigateToUrl
[INFO ] 2023-10-23 13:53:23.648 [main] Log - Test Started : com.thtechops.qa.AddTohireme.testcases.T1_Add_to_Hire_Me_functionality._1_LogIn_HelpPortal
[INFO ] 2023-10-23 13:53:23.649 [main] Log - This message is from my own project
[INFO ] 2023-10-23 13:53:23.649 [main] Log - This Method is to Login on Help Portal and Redirection to Category Page
[INFO ] 2023-10-23 13:53:36.586 [main] Log - Screenshot Taken and attached to report
[INFO ] 2023-10-23 13:53:42.313 [main] Log - Screenshot Taken and attached to report
[INFO ] 2023-10-23 13:53:45.866 [main] Log - Screenshot Taken and attached to report
[INFO ] 2023-10-23 13:53:54.455 [main] Log - Screenshot Taken and attached to report
[INFO ] 2023-10-23 13:53:58.956 [main] Log - Screenshot Taken and attached to report
[INFO ] 2023-10-23 13:54:02.962 [main] Log - Test Passed : com.thtechops.qa.AddTohireme.testcases.T1_Add_to_Hire_Me_functionality._1_LogIn_HelpPortal
[INFO ] 2023-10-23 13:54:04.117 [main] Log - Test Started : com.thtechops.qa.AddTohireme.testcases.T1_Add_to_Hire_Me_functionality._2_add_hire_me_functionality
[INFO ] 2023-10-23 13:54:04.117 [main] Log - This message is from my own project
[INFO ] 2023-10-23 13:54:10.439 [main] Log - Browser refreshed
[WARN ] 2023-10-23 13:54:44.316 [main] Log - WebElement Not found
[INFO ] 2023-10-23 13:54:44.326 [main] Log - current url fetched https://www-uat1.salesforce.com/in/?ir=1
[ERROR] 2023-10-23 13:54:44.335 [main] Log - Method Failed : verifyText
[INFO ] 2023-10-23 13:54:45.041 [main] Log - Screenshot Taken and attached to report
[INFO ] 2023-10-23 13:55:05.105 [main] Log - Test Failed : com.thtechops.qa.AddTohireme.testcases.T1_Add_to_Hire_Me_functionality._2_add_hire_me_functionality
[INFO ] 2023-10-23 13:55:05.878 [main] Log - Driver Closed
[INFO ] 2023-10-23 13:55:05.879 [main] Log - Execution Finished
[INFO ] 2023-10-23 13:55:06.141 [main] Log - Suite FinishedHire Me Test Suite
[INFO ] 2023-10-23 13:55:06.143 [main] Log - Execution Started
[INFO ] 2023-10-23 13:55:06.145 [main] Log - Suite FinishedSuite
[INFO ] 2023-10-23 13:55:38.379 [main] Log - Configuration file found at : ./src/main/resources/config.properties
[INFO ] 2023-10-23 13:55:38.432 [main] Log - Execution Started
[INFO ] 2023-10-23 13:55:38.452 [main] Log - Open the Browser
[INFO ] 2023-10-23 13:55:40.810 [main] Log - Browser Opened : chrome with headless mode : false
[INFO ] 2023-10-23 13:55:40.826 [main] Log - ChromeDriver: chrome on mac (58b178157908e760d3bcf2edc50beaa6)
[INFO ] 2023-10-23 13:55:40.916 [main] Log - Configuration file found at : ./src/main/resources/config.properties
[INFO ] 2023-10-23 13:55:40.943 [main] Log - Test Started : com.thtechops.qa.AddTohireme.testcases.T1_Add_to_Hire_Me_functionality.navigateToUrl
[INFO ] 2023-10-23 13:55:40.962 [main] Log - This message is from my own project
[INFO ] 2023-10-23 13:55:41.386 [main] Log - Browser window maximised
[INFO ] 2023-10-23 13:55:41.386 [main] Log - Navigation to URL
[INFO ] 2023-10-23 13:55:46.157 [main] Log - Navigated to URL
[INFO ] 2023-10-23 13:55:46.162 [main] Log - Page Load completed for : 1000
[INFO ] 2023-10-23 13:55:46.163 [main] Log - Navigated to Url : https://stg.trailhead.sfdc.sh/
[INFO ] 2023-10-23 13:55:46.167 [main] Log - Implicit wait completed for : 20
[INFO ] 2023-10-23 13:55:46.181 [main] Log - All Browser cookies deleted
[INFO ] 2023-10-23 13:55:46.183 [main] Log - Test Passed : com.thtechops.qa.AddTohireme.testcases.T1_Add_to_Hire_Me_functionality.navigateToUrl
[INFO ] 2023-10-23 13:55:47.018 [main] Log - Test Started : com.thtechops.qa.AddTohireme.testcases.T1_Add_to_Hire_Me_functionality._1_LogIn_HelpPortal
[INFO ] 2023-10-23 13:55:47.018 [main] Log - This message is from my own project
[INFO ] 2023-10-23 13:55:47.018 [main] Log - This Method is to Login on Help Portal and Redirection to Category Page
[INFO ] 2023-10-23 13:55:59.953 [main] Log - Screenshot Taken and attached to report
[INFO ] 2023-10-23 13:56:05.659 [main] Log - Screenshot Taken and attached to report
[INFO ] 2023-10-23 13:56:09.219 [main] Log - Screenshot Taken and attached to report
[INFO ] 2023-10-23 13:56:17.670 [main] Log - Screenshot Taken and attached to report
[INFO ] 2023-10-23 13:56:22.195 [main] Log - Screenshot Taken and attached to report
[INFO ] 2023-10-23 13:56:26.201 [main] Log - Test Passed : com.thtechops.qa.AddTohireme.testcases.T1_Add_to_Hire_Me_functionality._1_LogIn_HelpPortal
[INFO ] 2023-10-23 13:56:31.830 [main] Log - Test Started : com.thtechops.qa.AddTohireme.testcases.T1_Add_to_Hire_Me_functionality._2_add_hire_me_functionality
[INFO ] 2023-10-23 13:56:31.830 [main] Log - This message is from my own project
[INFO ] 2023-10-23 13:56:38.424 [main] Log - Browser refreshed
[INFO ] 2023-10-23 13:56:49.936 [main] Log - Method Passed : verifyText
[INFO ] 2023-10-23 13:56:49.936 [main] Log - Verified  Add Hire Me Button
[INFO ] 2023-10-23 13:56:49.946 [main] Log - Method Passed : verifyBooleanCondition
[INFO ] 2023-10-23 13:56:50.602 [main] Log - Screenshot Taken and attached to report
[INFO ] 2023-10-23 13:56:50.666 [main] Log - click on the Add Hire Me Button
[INFO ] 2023-10-23 13:56:54.708 [main] Log - current url fetched https://www-uat1.salesforce.com/trailblazer/settings#availableForHire
[INFO ] 2023-10-23 13:56:54.709 [main] Log - Method Passed : verifyText
[INFO ] 2023-10-23 13:56:55.187 [main] Log - Screenshot Taken and attached to report
[INFO ] 2023-10-23 13:56:55.726 [main] Log - Screenshot Taken and attached to report
[INFO ] 2023-10-23 13:56:55.738 [main] Log - Method Passed : verifyText
[INFO ] 2023-10-23 13:56:56.243 [main] Log - Screenshot Taken and attached to report
[INFO ] 2023-10-23 13:56:57.341 [main] Log - Test Failed : com.thtechops.qa.AddTohireme.testcases.T1_Add_to_Hire_Me_functionality._2_add_hire_me_functionality
[INFO ] 2023-10-23 13:56:57.880 [main] Log - Driver Closed
[INFO ] 2023-10-23 13:56:57.881 [main] Log - Execution Finished
[INFO ] 2023-10-23 13:56:58.125 [main] Log - Suite FinishedHire Me Test Suite
[INFO ] 2023-10-23 13:56:58.128 [main] Log - Execution Started
[INFO ] 2023-10-23 13:56:58.129 [main] Log - Suite FinishedSuite
[INFO ] 2023-10-23 14:50:35.097 [main] Log - Configuration file found at : ./src/main/resources/config.properties
[INFO ] 2023-10-23 14:50:35.147 [main] Log - Execution Started
[INFO ] 2023-10-23 14:50:35.166 [main] Log - Open the Browser
[INFO ] 2023-10-23 14:50:37.840 [main] Log - Browser Opened : chrome with headless mode : false
[INFO ] 2023-10-23 14:50:37.856 [main] Log - ChromeDriver: chrome on mac (6888502ebb00da880ff3d1af96ae39ac)
[INFO ] 2023-10-23 14:50:37.887 [main] Log - Configuration file found at : ./src/main/resources/config.properties
[INFO ] 2023-10-23 14:50:37.926 [main] Log - Test Started : com.thtechops.qa.automation.testClasses.Connect_disconnect_An_Account.navigateToUrl
[INFO ] 2023-10-23 14:50:37.952 [main] Log - This message is from my own project
[INFO ] 2023-10-23 14:50:38.373 [main] Log - Browser window maximised
[INFO ] 2023-10-23 14:50:38.374 [main] Log - Navigation to URL
[INFO ] 2023-10-23 14:50:46.073 [main] Log - Navigated to URL
[INFO ] 2023-10-23 14:50:46.077 [main] Log - Page Load completed for : 1000
[INFO ] 2023-10-23 14:50:46.078 [main] Log - Navigated to Url : https://stg.trailhead.sfdc.sh/
[INFO ] 2023-10-23 14:50:46.082 [main] Log - Implicit wait completed for : 20
[INFO ] 2023-10-23 14:50:46.094 [main] Log - All Browser cookies deleted
[INFO ] 2023-10-23 14:50:46.845 [main] Log - Screenshot Taken and attached to report
[INFO ] 2023-10-23 14:50:55.607 [main] Log - Screenshot Taken and attached to report
[INFO ] 2023-10-23 14:50:59.137 [main] Log - Screenshot Taken and attached to report
[INFO ] 2023-10-23 14:51:00.508 [main] Log - Screenshot Taken and attached to report
[INFO ] 2023-10-23 14:51:01.033 [main] Log - Screenshot Taken and attached to report
[INFO ] 2023-10-23 14:51:09.870 [main] Log - Screenshot Taken and attached to report
[INFO ] 2023-10-23 14:51:14.410 [main] Log - Screenshot Taken and attached to report
[INFO ] 2023-10-23 14:51:30.396 [main] Log - Screenshot Taken and attached to report
[INFO ] 2023-10-23 14:51:30.962 [main] Log - Screenshot Taken and attached to report
[INFO ] 2023-10-23 14:51:31.476 [main] Log - Screenshot Taken and attached to report
[INFO ] 2023-10-23 14:51:38.017 [main] Log - Screenshot Taken and attached to report
[INFO ] 2023-10-23 14:51:42.638 [main] Log - Screenshot Taken and attached to report
[INFO ] 2023-10-23 14:51:47.185 [main] Log - Screenshot Taken and attached to report
[INFO ] 2023-10-23 14:51:55.714 [main] Log - Screenshot Taken and attached to report
[INFO ] 2023-10-23 14:52:09.833 [main] Log - Method Passed : verifyBooleanCondition
[INFO ] 2023-10-23 14:52:10.413 [main] Log - Screenshot Taken and attached to report
[INFO ] 2023-10-23 14:52:15.419 [main] Log - Test Passed : com.thtechops.qa.automation.testClasses.Connect_disconnect_An_Account.navigateToUrl
[INFO ] 2023-10-23 14:52:16.031 [main] Log - Test Started : com.thtechops.qa.automation.testClasses.Connect_disconnect_An_Account.test_connect_disconnect_account
[INFO ] 2023-10-23 14:52:16.031 [main] Log - This message is from my own project
[INFO ] 2023-10-23 14:52:51.993 [main] Log - Screenshot Taken and attached to report
[INFO ] 2023-10-23 14:52:51.995 [main] Log - Test Passed : com.thtechops.qa.automation.testClasses.Connect_disconnect_An_Account.test_connect_disconnect_account
[INFO ] 2023-10-23 14:52:52.593 [main] Log - Test Started : com.thtechops.qa.automation.testClasses.Connect_disconnect_An_Account.drm_verification
[INFO ] 2023-10-23 14:52:52.593 [main] Log - This message is from my own project
[INFO ] 2023-10-23 14:52:52.593 [main] Log - Open the Browser
[INFO ] 2023-10-23 14:52:54.083 [main] Log - Browser Opened : chrome with headless mode : false
[INFO ] 2023-10-23 14:52:54.090 [main] Log - ChromeDriver: chrome on mac (66b027738b2048883c9c150976cf3766)
[INFO ] 2023-10-23 14:52:58.328 [main] Log - Navigated to URL
[INFO ] 2023-10-23 14:52:58.328 [main] Log - Go to Sandbox Login URL
[INFO ] 2023-10-23 14:52:58.527 [main] Log - Webelement clicked, cleared and text entered
[INFO ] 2023-10-23 14:52:58.528 [main] Log - Enter Sandbox Username
[INFO ] 2023-10-23 14:52:58.949 [main] Log - Screenshot Taken and attached to report
[INFO ] 2023-10-23 14:52:59.049 [main] Log - Webelement clicked, cleared and text entered
[INFO ] 2023-10-23 14:52:59.049 [main] Log - Enter Sandbox Password
[INFO ] 2023-10-23 14:52:59.878 [main] Log - Screenshot Taken and attached to report
[INFO ] 2023-10-23 14:53:10.568 [main] Log - Element clicked
[INFO ] 2023-10-23 14:53:10.568 [main] Log - Click on Login
[INFO ] 2023-10-23 14:53:10.988 [main] Log - Screenshot Taken and attached to report
[INFO ] 2023-10-23 14:53:26.475 [main] Log - Webelement clicked, cleared and text entered
[INFO ] 2023-10-23 14:53:29.914 [main] Log - Screenshot Taken and attached to report
[WARN ] 2023-10-23 14:53:38.085 [main] Log - WebElement Not found
[INFO ] 2023-10-23 14:53:48.398 [main] Log - Webelement clicked, cleared and text entered
[INFO ] 2023-10-23 14:53:51.856 [main] Log - Screenshot Taken and attached to report
[INFO ] 2023-10-23 14:53:54.889 [main] Log - Test Passed : com.thtechops.qa.automation.testClasses.Connect_disconnect_An_Account.drm_verification
[INFO ] 2023-10-23 14:53:55.347 [main] Log - Execution Finished
[INFO ] 2023-10-23 14:53:55.584 [main] Log - Suite FinishedConnect Disconnect Test Suite
[INFO ] 2023-10-23 14:53:55.587 [main] Log - Execution Started
[INFO ] 2023-10-23 14:53:55.589 [main] Log - Suite FinishedSuite
[INFO ] 2023-10-23 15:22:26.927 [main] Log - Configuration file found at : ./src/main/resources/config.properties
[INFO ] 2023-10-23 15:22:26.975 [main] Log - Execution Started
[INFO ] 2023-10-23 15:22:26.994 [main] Log - Open the Browser
[INFO ] 2023-10-23 15:22:29.320 [main] Log - Browser Opened : chrome with headless mode : false
[INFO ] 2023-10-23 15:22:29.334 [main] Log - ChromeDriver: chrome on mac (ea598355a70d2bd2ba2d25e93067a0f2)
[INFO ] 2023-10-23 15:22:29.371 [main] Log - Configuration file found at : ./src/main/resources/config.properties
[INFO ] 2023-10-23 15:22:29.404 [main] Log - Test Started : com.thtechops.qa.automation.testClasses.Connect_disconnect_An_Account.navigateToUrl
[INFO ] 2023-10-23 15:22:29.412 [main] Log - This message is from my own project
[INFO ] 2023-10-23 15:22:29.840 [main] Log - Browser window maximised
[INFO ] 2023-10-23 15:22:29.841 [main] Log - Navigation to URL
[INFO ] 2023-10-23 15:22:36.336 [main] Log - Navigated to URL
[INFO ] 2023-10-23 15:22:36.340 [main] Log - Page Load completed for : 1000
[INFO ] 2023-10-23 15:22:36.340 [main] Log - Navigated to Url : https://stg.trailhead.sfdc.sh/
[INFO ] 2023-10-23 15:22:36.343 [main] Log - Implicit wait completed for : 20
[INFO ] 2023-10-23 15:22:36.356 [main] Log - All Browser cookies deleted
[INFO ] 2023-10-23 15:22:39.369 [main] Log - Screenshot Taken and attached to report
[INFO ] 2023-10-23 15:22:46.701 [main] Log - Screenshot Taken and attached to report
[INFO ] 2023-10-23 15:22:50.254 [main] Log - Screenshot Taken and attached to report
[INFO ] 2023-10-23 15:22:58.960 [main] Log - Screenshot Taken and attached to report
[INFO ] 2023-10-23 15:23:03.439 [main] Log - Screenshot Taken and attached to report
[INFO ] 2023-10-23 15:23:07.445 [main] Log - Test Passed : com.thtechops.qa.automation.testClasses.Connect_disconnect_An_Account.navigateToUrl
[INFO ] 2023-10-23 15:23:14.469 [main] Log - Test Started : com.thtechops.qa.automation.testClasses.Connect_disconnect_An_Account.test_connect_disconnect_account
[INFO ] 2023-10-23 15:23:14.469 [main] Log - This message is from my own project
[INFO ] 2023-10-23 15:23:51.075 [main] Log - Screenshot Taken and attached to report
[INFO ] 2023-10-23 15:23:51.077 [main] Log - Test Passed : com.thtechops.qa.automation.testClasses.Connect_disconnect_An_Account.test_connect_disconnect_account
[INFO ] 2023-10-23 15:23:51.714 [main] Log - Test Started : com.thtechops.qa.automation.testClasses.Connect_disconnect_An_Account.drm_verification
[INFO ] 2023-10-23 15:23:51.714 [main] Log - This message is from my own project
[INFO ] 2023-10-23 15:23:51.715 [main] Log - Open the Browser
[INFO ] 2023-10-23 15:23:53.222 [main] Log - Browser Opened : chrome with headless mode : false
[INFO ] 2023-10-23 15:23:53.230 [main] Log - ChromeDriver: chrome on mac (759f3772943fb010a2712c80dfe22ae8)
[INFO ] 2023-10-23 15:23:57.633 [main] Log - Navigated to URL
[INFO ] 2023-10-23 15:23:57.633 [main] Log - Go to Sandbox Login URL
[INFO ] 2023-10-23 15:23:57.831 [main] Log - Webelement clicked, cleared and text entered
[INFO ] 2023-10-23 15:23:57.832 [main] Log - Enter Sandbox Username
[INFO ] 2023-10-23 15:23:58.253 [main] Log - Screenshot Taken and attached to report
[INFO ] 2023-10-23 15:23:58.346 [main] Log - Webelement clicked, cleared and text entered
[INFO ] 2023-10-23 15:23:58.347 [main] Log - Enter Sandbox Password
[INFO ] 2023-10-23 15:23:58.723 [main] Log - Screenshot Taken and attached to report
[INFO ] 2023-10-23 15:24:08.586 [main] Log - Element clicked
[INFO ] 2023-10-23 15:24:08.586 [main] Log - Click on Login
[INFO ] 2023-10-23 15:24:08.972 [main] Log - Screenshot Taken and attached to report
[INFO ] 2023-10-23 15:24:24.442 [main] Log - Webelement clicked, cleared and text entered
[INFO ] 2023-10-23 15:24:27.939 [main] Log - Screenshot Taken and attached to report
[WARN ] 2023-10-23 15:24:36.131 [main] Log - WebElement Not found
[INFO ] 2023-10-23 15:28:06.809 [main] Log - Configuration file found at : ./src/main/resources/config.properties
[INFO ] 2023-10-23 15:28:06.860 [main] Log - Execution Started
[INFO ] 2023-10-23 15:28:06.879 [main] Log - Open the Browser
[INFO ] 2023-10-23 15:28:09.391 [main] Log - Browser Opened : chrome with headless mode : false
[INFO ] 2023-10-23 15:28:09.404 [main] Log - ChromeDriver: chrome on mac (95cdbc437ec8651872b096a17c38f5f5)
[INFO ] 2023-10-23 15:28:09.451 [main] Log - Configuration file found at : ./src/main/resources/config.properties
[INFO ] 2023-10-23 15:28:09.491 [main] Log - Test Started : com.thtechops.qa.automation.testClasses.Connect_disconnect_An_Account.navigateToUrl
[INFO ] 2023-10-23 15:28:09.499 [main] Log - This message is from my own project
[INFO ] 2023-10-23 15:28:09.914 [main] Log - Browser window maximised
[INFO ] 2023-10-23 15:28:09.915 [main] Log - Navigation to URL
[INFO ] 2023-10-23 15:28:14.168 [main] Log - Navigated to URL
[INFO ] 2023-10-23 15:28:14.171 [main] Log - Page Load completed for : 1000
[INFO ] 2023-10-23 15:28:14.171 [main] Log - Navigated to Url : https://stg.trailhead.sfdc.sh/
[INFO ] 2023-10-23 15:28:14.175 [main] Log - Implicit wait completed for : 20
[INFO ] 2023-10-23 15:28:14.185 [main] Log - All Browser cookies deleted
[INFO ] 2023-10-23 15:28:17.200 [main] Log - Screenshot Taken and attached to report
[INFO ] 2023-10-23 15:28:22.916 [main] Log - Screenshot Taken and attached to report
[INFO ] 2023-10-23 15:28:26.444 [main] Log - Screenshot Taken and attached to report
[INFO ] 2023-10-23 15:28:35.121 [main] Log - Screenshot Taken and attached to report
[INFO ] 2023-10-23 15:28:39.671 [main] Log - Screenshot Taken and attached to report
[INFO ] 2023-10-23 15:28:43.700 [main] Log - Test Passed : com.thtechops.qa.automation.testClasses.Connect_disconnect_An_Account.navigateToUrl
[INFO ] 2023-10-23 15:28:46.549 [main] Log - Test Started : com.thtechops.qa.automation.testClasses.Connect_disconnect_An_Account.test_connect_disconnect_account
[INFO ] 2023-10-23 15:28:46.549 [main] Log - This message is from my own project
[INFO ] 2023-10-23 15:29:48.470 [main] Log - Configuration file found at : ./src/main/resources/config.properties
[INFO ] 2023-10-23 15:29:48.522 [main] Log - Execution Started
[INFO ] 2023-10-23 15:29:48.540 [main] Log - Open the Browser
[INFO ] 2023-10-23 15:29:50.758 [main] Log - Browser Opened : chrome with headless mode : false
[INFO ] 2023-10-23 15:29:50.774 [main] Log - ChromeDriver: chrome on mac (11401d151477f67e19c2e30e6d9c7550)
[INFO ] 2023-10-23 15:29:50.805 [main] Log - Configuration file found at : ./src/main/resources/config.properties
[INFO ] 2023-10-23 15:29:50.844 [main] Log - Test Started : com.thtechops.qa.automation.testClasses.Connect_disconnect_An_Account.navigateToUrl
[INFO ] 2023-10-23 15:29:50.856 [main] Log - This message is from my own project
[INFO ] 2023-10-23 15:29:51.277 [main] Log - Browser window maximised
[INFO ] 2023-10-23 15:29:51.277 [main] Log - Navigation to URL
[INFO ] 2023-10-23 15:29:54.700 [main] Log - Navigated to URL
[INFO ] 2023-10-23 15:29:54.706 [main] Log - Page Load completed for : 1000
[INFO ] 2023-10-23 15:29:54.706 [main] Log - Navigated to Url : https://stg.trailhead.sfdc.sh/
[INFO ] 2023-10-23 15:29:54.710 [main] Log - Implicit wait completed for : 20
[INFO ] 2023-10-23 15:29:54.720 [main] Log - All Browser cookies deleted
[INFO ] 2023-10-23 15:29:57.650 [main] Log - Screenshot Taken and attached to report
[INFO ] 2023-10-23 15:30:03.372 [main] Log - Screenshot Taken and attached to report
[INFO ] 2023-10-23 15:30:06.931 [main] Log - Screenshot Taken and attached to report
[INFO ] 2023-10-23 15:30:15.595 [main] Log - Screenshot Taken and attached to report
[INFO ] 2023-10-23 15:30:20.118 [main] Log - Screenshot Taken and attached to report
[INFO ] 2023-10-23 15:30:24.127 [main] Log - Test Passed : com.thtechops.qa.automation.testClasses.Connect_disconnect_An_Account.navigateToUrl
[INFO ] 2023-10-23 15:30:27.353 [main] Log - Test Started : com.thtechops.qa.automation.testClasses.Connect_disconnect_An_Account.test_connect_disconnect_account
[INFO ] 2023-10-23 15:30:27.353 [main] Log - This message is from my own project
[INFO ] 2023-10-23 15:31:01.167 [main] Log - Screenshot Taken and attached to report
[INFO ] 2023-10-23 15:31:01.169 [main] Log - Test Passed : com.thtechops.qa.automation.testClasses.Connect_disconnect_An_Account.test_connect_disconnect_account
[INFO ] 2023-10-23 15:31:01.903 [main] Log - Test Started : com.thtechops.qa.automation.testClasses.Connect_disconnect_An_Account.drm_verification
[INFO ] 2023-10-23 15:31:01.903 [main] Log - This message is from my own project
[INFO ] 2023-10-23 15:31:01.904 [main] Log - Open the Browser
[INFO ] 2023-10-23 15:31:03.521 [main] Log - Browser Opened : chrome with headless mode : false
[INFO ] 2023-10-23 15:31:03.534 [main] Log - ChromeDriver: chrome on mac (399350e30d2559459f45fe33a032ab8b)
[INFO ] 2023-10-23 15:31:05.726 [main] Log - Test Failed : com.thtechops.qa.automation.testClasses.Connect_disconnect_An_Account.drm_verification
[INFO ] 2023-10-23 15:35:34.239 [main] Log - Configuration file found at : ./src/main/resources/config.properties
[INFO ] 2023-10-23 15:35:34.291 [main] Log - Execution Started
[INFO ] 2023-10-23 15:35:34.309 [main] Log - Open the Browser
[INFO ] 2023-10-23 15:35:36.547 [main] Log - Browser Opened : chrome with headless mode : false
[INFO ] 2023-10-23 15:35:36.552 [main] Log - ChromeDriver: chrome on mac (ceb1fc6edfe1cdce362b09ccef616fb5)
[INFO ] 2023-10-23 15:35:36.584 [main] Log - Configuration file found at : ./src/main/resources/config.properties
[INFO ] 2023-10-23 15:35:36.618 [main] Log - Test Started : com.thtechops.qa.automation.testClasses.Connect_disconnect_An_Account.navigateToUrl
[INFO ] 2023-10-23 15:35:36.628 [main] Log - This message is from my own project
[INFO ] 2023-10-23 15:35:37.053 [main] Log - Browser window maximised
[INFO ] 2023-10-23 15:35:37.054 [main] Log - Navigation to URL
[INFO ] 2023-10-23 15:35:40.904 [main] Log - Navigated to URL
[INFO ] 2023-10-23 15:35:40.908 [main] Log - Page Load completed for : 1000
[INFO ] 2023-10-23 15:35:40.908 [main] Log - Navigated to Url : https://stg.trailhead.sfdc.sh/
[INFO ] 2023-10-23 15:35:40.911 [main] Log - Implicit wait completed for : 20
[INFO ] 2023-10-23 15:35:40.922 [main] Log - All Browser cookies deleted
[INFO ] 2023-10-23 15:35:43.875 [main] Log - Screenshot Taken and attached to report
[INFO ] 2023-10-23 15:35:49.587 [main] Log - Screenshot Taken and attached to report
[INFO ] 2023-10-23 15:35:53.112 [main] Log - Screenshot Taken and attached to report
[INFO ] 2023-10-23 15:36:01.746 [main] Log - Screenshot Taken and attached to report
[INFO ] 2023-10-23 15:36:06.262 [main] Log - Screenshot Taken and attached to report
[INFO ] 2023-10-23 15:36:10.272 [main] Log - Test Passed : com.thtechops.qa.automation.testClasses.Connect_disconnect_An_Account.navigateToUrl
[INFO ] 2023-10-23 15:36:12.870 [main] Log - Test Started : com.thtechops.qa.automation.testClasses.Connect_disconnect_An_Account.test_connect_disconnect_account
[INFO ] 2023-10-23 15:36:12.870 [main] Log - This message is from my own project
[INFO ] 2023-10-23 15:36:32.358 [main] Log - Screenshot Taken and attached to report
[INFO ] 2023-10-23 15:36:38.059 [main] Log - Screenshot Taken and attached to report
[INFO ] 2023-10-23 15:36:38.666 [main] Log - Screenshot Taken and attached to report
[INFO ] 2023-10-23 15:36:55.467 [main] Log - Screenshot Taken and attached to report
[ERROR] 2023-10-23 15:37:10.085 [main] Log - Method Failed : verifyText
[INFO ] 2023-10-23 15:37:10.086 [main] Log - Test Passed : com.thtechops.qa.automation.testClasses.Connect_disconnect_An_Account.test_connect_disconnect_account
[INFO ] 2023-10-23 15:37:10.562 [main] Log - Test Started : com.thtechops.qa.automation.testClasses.Connect_disconnect_An_Account.drm_verification
[INFO ] 2023-10-23 15:37:10.563 [main] Log - This message is from my own project
[INFO ] 2023-10-23 15:37:10.563 [main] Log - Open the Browser
[INFO ] 2023-10-23 15:37:11.938 [main] Log - Browser Opened : chrome with headless mode : false
[INFO ] 2023-10-23 15:37:11.946 [main] Log - ChromeDriver: chrome on mac (71be6a9207e5b50d13fb349a88305585)
[INFO ] 2023-10-23 15:37:15.929 [main] Log - Navigated to URL
[INFO ] 2023-10-23 15:37:15.930 [main] Log - Go to Sandbox Login URL
[INFO ] 2023-10-23 15:37:16.104 [main] Log - Webelement clicked, cleared and text entered
[INFO ] 2023-10-23 15:37:16.104 [main] Log - Enter Sandbox Username
[INFO ] 2023-10-23 15:37:16.462 [main] Log - Screenshot Taken and attached to report
[INFO ] 2023-10-23 15:37:16.538 [main] Log - Webelement clicked, cleared and text entered
[INFO ] 2023-10-23 15:37:16.538 [main] Log - Enter Sandbox Password
[INFO ] 2023-10-23 15:37:16.886 [main] Log - Screenshot Taken and attached to report
[INFO ] 2023-10-23 15:37:27.861 [main] Log - Element clicked
[INFO ] 2023-10-23 15:37:27.862 [main] Log - Click on Login
[INFO ] 2023-10-23 15:37:28.238 [main] Log - Screenshot Taken and attached to report
[INFO ] 2023-10-23 15:37:43.675 [main] Log - Webelement clicked, cleared and text entered
[INFO ] 2023-10-23 15:37:47.075 [main] Log - Screenshot Taken and attached to report
[ERROR] 2023-10-23 15:37:55.261 [main] Log - Method Failed : verifyElementSize
[INFO ] 2023-10-23 15:37:55.693 [main] Log - Screenshot Taken and attached to report
[INFO ] 2023-10-23 15:37:56.735 [main] Log - Browser refreshed
[INFO ] 2023-10-23 15:38:01.808 [main] Log - Element clicked
[INFO ] 2023-10-23 15:38:11.924 [main] Log - Element clicked
[INFO ] 2023-10-23 15:38:11.942 [main] Log - Method Passed : verifyBooleanCondition
[INFO ] 2023-10-23 15:38:12.315 [main] Log - Screenshot Taken and attached to report
[INFO ] 2023-10-23 15:38:12.755 [main] Log - Screenshot Taken and attached to report
[ERROR] 2023-10-23 15:38:12.781 [main] Log - Method Failed : verifyText
[INFO ] 2023-10-23 15:38:13.178 [main] Log - Screenshot Taken and attached to report
[INFO ] 2023-10-23 15:38:13.617 [main] Log - Screenshot Taken and attached to report
[INFO ] 2023-10-23 15:38:14.051 [main] Log - Screenshot Taken and attached to report
[INFO ] 2023-10-23 15:38:24.471 [main] Log - Webelement clicked, cleared and text entered
[INFO ] 2023-10-23 15:38:27.893 [main] Log - Screenshot Taken and attached to report
[INFO ] 2023-10-23 15:38:30.943 [main] Log - Method Passed : verifyBooleanCondition
[INFO ] 2023-10-23 15:38:31.341 [main] Log - Screenshot Taken and attached to report
[INFO ] 2023-10-23 15:38:31.342 [main] Log - Test Passed : com.thtechops.qa.automation.testClasses.Connect_disconnect_An_Account.drm_verification
[INFO ] 2023-10-23 15:38:31.752 [main] Log - Execution Finished
[INFO ] 2023-10-23 15:38:32.019 [main] Log - Suite FinishedConnect Disconnect Test Suite
[INFO ] 2023-10-23 15:38:32.021 [main] Log - Execution Started
[INFO ] 2023-10-23 15:38:32.024 [main] Log - Suite FinishedSuite
[INFO ] 2023-10-23 16:16:38.922 [main] Log - Configuration file found at : ./src/main/resources/config.properties
[INFO ] 2023-10-23 16:16:38.971 [main] Log - Execution Started
[INFO ] 2023-10-23 16:16:38.990 [main] Log - Open the Browser
[INFO ] 2023-10-23 16:16:41.461 [main] Log - Browser Opened : chrome with headless mode : false
[INFO ] 2023-10-23 16:16:41.478 [main] Log - ChromeDriver: chrome on mac (4b0190671df9e9f5b42ebfb634a18fe0)
[INFO ] 2023-10-23 16:16:41.601 [main] Log - Configuration file found at : ./src/main/resources/config.properties
[INFO ] 2023-10-23 16:16:41.613 [main] Log - Test Started : com.thtechops.qa.automation.testClasses.Connect_disconnect_An_Account.drm_verification
[INFO ] 2023-10-23 16:16:41.613 [main] Log - This message is from my own project
[INFO ] 2023-10-23 16:16:41.614 [main] Log - Open the Browser
[INFO ] 2023-10-23 16:16:42.987 [main] Log - Browser Opened : chrome with headless mode : false
[INFO ] 2023-10-23 16:16:42.993 [main] Log - ChromeDriver: chrome on mac (86abd2b405efd9fda52ceceef622f360)
[INFO ] 2023-10-23 16:16:47.463 [main] Log - Navigated to URL
[INFO ] 2023-10-23 16:16:47.464 [main] Log - Go to Sandbox Login URL
[INFO ] 2023-10-23 16:16:47.696 [main] Log - Webelement clicked, cleared and text entered
[INFO ] 2023-10-23 16:16:47.696 [main] Log - Enter Sandbox Username
[INFO ] 2023-10-23 16:16:48.115 [main] Log - Screenshot Taken and attached to report
[INFO ] 2023-10-23 16:16:48.212 [main] Log - Webelement clicked, cleared and text entered
[INFO ] 2023-10-23 16:16:48.212 [main] Log - Enter Sandbox Password
[INFO ] 2023-10-23 16:16:48.596 [main] Log - Screenshot Taken and attached to report
[INFO ] 2023-10-23 16:16:59.931 [main] Log - Element clicked
[INFO ] 2023-10-23 16:16:59.931 [main] Log - Click on Login
[INFO ] 2023-10-23 16:17:00.316 [main] Log - Screenshot Taken and attached to report
[INFO ] 2023-10-23 16:17:15.773 [main] Log - Webelement clicked, cleared and text entered
[INFO ] 2023-10-23 16:17:19.203 [main] Log - Screenshot Taken and attached to report
[INFO ] 2023-10-23 16:17:27.791 [main] Log - Screenshot Taken and attached to report
[INFO ] 2023-10-23 16:17:28.825 [main] Log - Browser refreshed
[INFO ] 2023-10-23 16:17:33.884 [main] Log - Element clicked
[INFO ] 2023-10-23 16:17:44.005 [main] Log - Element clicked
[INFO ] 2023-10-23 16:17:44.546 [main] Log - Screenshot Taken and attached to report
[INFO ] 2023-10-23 16:17:44.949 [main] Log - Screenshot Taken and attached to report
[ERROR] 2023-10-23 16:17:44.981 [main] Log - Method Failed : verifyText
[INFO ] 2023-10-23 16:17:45.377 [main] Log - Screenshot Taken and attached to report
[INFO ] 2023-10-23 16:17:45.854 [main] Log - Screenshot Taken and attached to report
[INFO ] 2023-10-23 16:17:46.282 [main] Log - Screenshot Taken and attached to report
[INFO ] 2023-10-23 16:17:56.745 [main] Log - Webelement clicked, cleared and text entered
[INFO ] 2023-10-23 16:18:00.159 [main] Log - Screenshot Taken and attached to report
[INFO ] 2023-10-23 16:18:03.194 [main] Log - Method Passed : verifyBooleanCondition
[INFO ] 2023-10-23 16:18:03.673 [main] Log - Screenshot Taken and attached to report
[INFO ] 2023-10-23 16:18:03.675 [main] Log - Test Passed : com.thtechops.qa.automation.testClasses.Connect_disconnect_An_Account.drm_verification
[INFO ] 2023-10-23 16:18:04.108 [main] Log - Execution Finished
[INFO ] 2023-10-23 16:18:04.394 [main] Log - Suite FinishedConnect Disconnect Test Suite
[INFO ] 2023-10-23 16:18:04.396 [main] Log - Execution Started
[INFO ] 2023-10-23 16:18:04.398 [main] Log - Suite FinishedSuite
[INFO ] 2023-10-23 16:36:08.794 [main] Log - Configuration file found at : ./src/main/resources/config.properties
[INFO ] 2023-10-23 16:36:08.848 [main] Log - Execution Started
[INFO ] 2023-10-23 16:36:08.870 [main] Log - Open the Browser
[INFO ] 2023-10-23 16:36:11.011 [main] Log - Browser Opened : chrome with headless mode : false
[INFO ] 2023-10-23 16:36:11.022 [main] Log - ChromeDriver: chrome on mac (d5d6cc53a4baa7ed85b5fa5b64315f21)
[INFO ] 2023-10-23 16:36:11.171 [main] Log - Configuration file found at : ./src/main/resources/config.properties
[INFO ] 2023-10-23 16:36:11.185 [main] Log - Test Started : com.thtechops.qa.automation.testClasses.Connect_disconnect_An_Account.drm_verification
[INFO ] 2023-10-23 16:36:11.185 [main] Log - This message is from my own project
[INFO ] 2023-10-23 16:36:11.186 [main] Log - Open the Browser
[INFO ] 2023-10-23 16:36:12.581 [main] Log - Browser Opened : chrome with headless mode : false
[INFO ] 2023-10-23 16:36:12.582 [main] Log - ChromeDriver: chrome on mac (fb2daa868e2b555f277b727db0598e9e)
[INFO ] 2023-10-23 16:36:16.939 [main] Log - Navigated to URL
[INFO ] 2023-10-23 16:36:16.940 [main] Log - Go to Sandbox Login URL
[INFO ] 2023-10-23 16:36:17.144 [main] Log - Webelement clicked, cleared and text entered
[INFO ] 2023-10-23 16:36:17.144 [main] Log - Enter Sandbox Username
[INFO ] 2023-10-23 16:36:17.527 [main] Log - Screenshot Taken and attached to report
[INFO ] 2023-10-23 16:36:17.621 [main] Log - Webelement clicked, cleared and text entered
[INFO ] 2023-10-23 16:36:17.621 [main] Log - Enter Sandbox Password
[INFO ] 2023-10-23 16:36:18.051 [main] Log - Screenshot Taken and attached to report
[INFO ] 2023-10-23 16:36:28.120 [main] Log - Element clicked
[INFO ] 2023-10-23 16:36:28.120 [main] Log - Click on Login
[INFO ] 2023-10-23 16:36:28.508 [main] Log - Screenshot Taken and attached to report
[INFO ] 2023-10-23 16:36:43.956 [main] Log - Webelement clicked, cleared and text entered
[INFO ] 2023-10-23 16:36:47.448 [main] Log - Screenshot Taken and attached to report
[INFO ] 2023-10-23 16:36:56.082 [main] Log - Screenshot Taken and attached to report
[INFO ] 2023-10-23 16:36:57.132 [main] Log - Browser refreshed
[INFO ] 2023-10-23 16:37:02.227 [main] Log - Element clicked
[INFO ] 2023-10-23 16:37:12.408 [main] Log - Element clicked
[INFO ] 2023-10-23 16:37:12.819 [main] Log - Screenshot Taken and attached to report
[INFO ] 2023-10-23 16:37:13.237 [main] Log - Screenshot Taken and attached to report
[INFO ] 2023-10-23 16:37:13.312 [main] Log - Method Passed : verifyText
[INFO ] 2023-10-23 16:37:13.705 [main] Log - Screenshot Taken and attached to report
[INFO ] 2023-10-23 16:37:13.736 [main] Log - Method Passed : verifyText
[INFO ] 2023-10-23 16:37:14.189 [main] Log - Screenshot Taken and attached to report
[INFO ] 2023-10-23 16:37:14.671 [main] Log - Screenshot Taken and attached to report
[INFO ] 2023-10-23 16:37:14.673 [main] Log - Test Passed : com.thtechops.qa.automation.testClasses.Connect_disconnect_An_Account.drm_verification
[INFO ] 2023-10-23 16:37:15.038 [main] Log - Execution Finished
[INFO ] 2023-10-23 16:37:15.264 [main] Log - Suite FinishedConnect Disconnect Test Suite
[INFO ] 2023-10-23 16:37:15.266 [main] Log - Execution Started
[INFO ] 2023-10-23 16:37:15.267 [main] Log - Suite FinishedSuite
[INFO ] 2023-10-23 16:52:34.564 [main] Log - Configuration file found at : ./src/main/resources/config.properties
[INFO ] 2023-10-23 16:52:34.614 [main] Log - Execution Started
[INFO ] 2023-10-23 16:52:34.632 [main] Log - Open the Browser
[INFO ] 2023-10-23 16:52:36.929 [main] Log - Browser Opened : chrome with headless mode : false
[INFO ] 2023-10-23 16:52:36.939 [main] Log - ChromeDriver: chrome on mac (bb3edb70f9889b84fd9880c0004f4be3)
[INFO ] 2023-10-23 16:52:37.116 [main] Log - Configuration file found at : ./src/main/resources/config.properties
[INFO ] 2023-10-23 16:52:37.127 [main] Log - Test Started : com.thtechops.qa.automation.testClasses.Connect_disconnect_An_Account.drm_verification
[INFO ] 2023-10-23 16:52:37.128 [main] Log - This message is from my own project
[INFO ] 2023-10-23 16:52:37.128 [main] Log - Open the Browser
[INFO ] 2023-10-23 16:52:38.606 [main] Log - Browser Opened : chrome with headless mode : false
[INFO ] 2023-10-23 16:52:38.616 [main] Log - ChromeDriver: chrome on mac (d0f5ea7ad5a22a56f2643677f517eafa)
[INFO ] 2023-10-23 16:52:42.783 [main] Log - Navigated to URL
[INFO ] 2023-10-23 16:52:42.783 [main] Log - Go to Sandbox Login URL
[INFO ] 2023-10-23 16:52:42.991 [main] Log - Webelement clicked, cleared and text entered
[INFO ] 2023-10-23 16:52:42.992 [main] Log - Enter Sandbox Username
[INFO ] 2023-10-23 16:52:43.383 [main] Log - Screenshot Taken and attached to report
[INFO ] 2023-10-23 16:52:43.477 [main] Log - Webelement clicked, cleared and text entered
[INFO ] 2023-10-23 16:52:43.488 [main] Log - Enter Sandbox Password
[INFO ] 2023-10-23 16:52:43.884 [main] Log - Screenshot Taken and attached to report
[INFO ] 2023-10-23 16:53:00.473 [main] Log - Element clicked
[INFO ] 2023-10-23 16:53:00.474 [main] Log - Click on Login
[INFO ] 2023-10-23 16:53:00.924 [main] Log - Screenshot Taken and attached to report
[INFO ] 2023-10-23 16:53:16.430 [main] Log - Webelement clicked, cleared and text entered
[INFO ] 2023-10-23 16:53:19.907 [main] Log - Screenshot Taken and attached to report
[INFO ] 2023-10-23 16:53:28.507 [main] Log - Screenshot Taken and attached to report
[INFO ] 2023-10-23 16:53:29.522 [main] Log - Browser refreshed
[INFO ] 2023-10-23 16:53:34.643 [main] Log - Element clicked
[INFO ] 2023-10-23 16:53:44.739 [main] Log - Element clicked
[INFO ] 2023-10-23 16:53:45.182 [main] Log - Screenshot Taken and attached to report
[INFO ] 2023-10-23 16:53:45.651 [main] Log - Screenshot Taken and attached to report
[INFO ] 2023-10-23 16:53:45.681 [main] Log - Method Passed : verifyText
[INFO ] 2023-10-23 16:53:46.047 [main] Log - Screenshot Taken and attached to report
[INFO ] 2023-10-23 16:53:46.134 [main] Log - Method Passed : verifyText
[INFO ] 2023-10-23 16:53:46.530 [main] Log - Screenshot Taken and attached to report
[INFO ] 2023-10-23 16:53:46.933 [main] Log - Screenshot Taken and attached to report
[INFO ] 2023-10-23 16:53:46.934 [main] Log - Test Passed : com.thtechops.qa.automation.testClasses.Connect_disconnect_An_Account.drm_verification
[INFO ] 2023-10-23 16:53:47.321 [main] Log - Execution Finished
[INFO ] 2023-10-23 16:53:47.562 [main] Log - Suite FinishedConnect Disconnect Test Suite
[INFO ] 2023-10-23 16:53:47.565 [main] Log - Execution Started
[INFO ] 2023-10-23 16:53:47.566 [main] Log - Suite FinishedSuite
[INFO ] 2023-10-23 16:55:15.959 [main] Log - Configuration file found at : ./src/main/resources/config.properties
[INFO ] 2023-10-23 16:55:16.011 [main] Log - Execution Started
[INFO ] 2023-10-23 16:55:16.032 [main] Log - Open the Browser
[INFO ] 2023-10-23 16:55:18.245 [main] Log - Browser Opened : chrome with headless mode : false
[INFO ] 2023-10-23 16:55:18.260 [main] Log - ChromeDriver: chrome on mac (fade340914e74b7d75eaa684ee0304f8)
[INFO ] 2023-10-23 16:55:18.407 [main] Log - Configuration file found at : ./src/main/resources/config.properties
[INFO ] 2023-10-23 16:55:18.420 [main] Log - Test Started : com.thtechops.qa.automation.testClasses.Connect_disconnect_An_Account.drm_verification
[INFO ] 2023-10-23 16:55:18.420 [main] Log - This message is from my own project
[INFO ] 2023-10-23 16:55:18.421 [main] Log - Open the Browser
[INFO ] 2023-10-23 16:55:19.816 [main] Log - Browser Opened : chrome with headless mode : false
[INFO ] 2023-10-23 16:55:19.834 [main] Log - ChromeDriver: chrome on mac (a670470e41cdcdc338a79f4c2c313723)
[INFO ] 2023-10-23 16:55:23.420 [main] Log - Navigated to URL
[INFO ] 2023-10-23 16:55:23.421 [main] Log - Go to Sandbox Login URL
[INFO ] 2023-10-23 16:55:23.623 [main] Log - Webelement clicked, cleared and text entered
[INFO ] 2023-10-23 16:55:23.623 [main] Log - Enter Sandbox Username
[INFO ] 2023-10-23 16:55:24.028 [main] Log - Screenshot Taken and attached to report
[INFO ] 2023-10-23 16:55:24.140 [main] Log - Webelement clicked, cleared and text entered
[INFO ] 2023-10-23 16:55:24.140 [main] Log - Enter Sandbox Password
[INFO ] 2023-10-23 16:55:25.072 [main] Log - Screenshot Taken and attached to report
[INFO ] 2023-10-23 16:55:35.231 [main] Log - Element clicked
[INFO ] 2023-10-23 16:55:35.232 [main] Log - Click on Login
[INFO ] 2023-10-23 16:55:35.594 [main] Log - Screenshot Taken and attached to report
[INFO ] 2023-10-23 16:55:51.054 [main] Log - Webelement clicked, cleared and text entered
[INFO ] 2023-10-23 16:55:54.511 [main] Log - Screenshot Taken and attached to report
[INFO ] 2023-10-23 16:56:03.151 [main] Log - Screenshot Taken and attached to report
[INFO ] 2023-10-23 16:56:04.082 [main] Log - Browser refreshed
[INFO ] 2023-10-23 16:56:09.158 [main] Log - Element clicked
[INFO ] 2023-10-23 16:56:19.261 [main] Log - Element clicked
[INFO ] 2023-10-23 16:56:19.691 [main] Log - Screenshot Taken and attached to report
[INFO ] 2023-10-23 16:56:20.127 [main] Log - Screenshot Taken and attached to report
[INFO ] 2023-10-23 16:56:20.200 [main] Log - Method Passed : verifyText
[INFO ] 2023-10-23 16:56:20.613 [main] Log - Screenshot Taken and attached to report
[INFO ] 2023-10-23 16:56:20.652 [main] Log - Method Passed : verifyText
[INFO ] 2023-10-23 16:56:21.045 [main] Log - Screenshot Taken and attached to report
[INFO ] 2023-10-23 16:56:21.510 [main] Log - Screenshot Taken and attached to report
[INFO ] 2023-10-23 16:56:21.512 [main] Log - Test Passed : com.thtechops.qa.automation.testClasses.Connect_disconnect_An_Account.drm_verification
[INFO ] 2023-10-23 16:56:21.891 [main] Log - Execution Finished
[INFO ] 2023-10-23 16:56:22.125 [main] Log - Suite FinishedConnect Disconnect Test Suite
[INFO ] 2023-10-23 16:56:22.126 [main] Log - Execution Started
[INFO ] 2023-10-23 16:56:22.128 [main] Log - Suite FinishedSuite
[INFO ] 2023-10-23 17:17:39.009 [main] Log - Configuration file found at : ./src/main/resources/config.properties
[INFO ] 2023-10-23 17:17:39.058 [main] Log - Execution Started
[INFO ] 2023-10-23 17:17:39.076 [main] Log - Open the Browser
[INFO ] 2023-10-23 17:17:41.518 [main] Log - Browser Opened : chrome with headless mode : false
[INFO ] 2023-10-23 17:17:41.520 [main] Log - ChromeDriver: chrome on mac (188e5bc1b5d076738280ac0b9148aa7d)
[INFO ] 2023-10-23 17:17:41.685 [main] Log - Configuration file found at : ./src/main/resources/config.properties
[INFO ] 2023-10-23 17:17:41.699 [main] Log - Test Started : com.thtechops.qa.automation.testClasses.Connect_disconnect_An_Account.drm_verification
[INFO ] 2023-10-23 17:17:41.699 [main] Log - This message is from my own project
[INFO ] 2023-10-23 17:17:41.700 [main] Log - Open the Browser
[INFO ] 2023-10-23 17:17:43.110 [main] Log - Browser Opened : chrome with headless mode : false
[INFO ] 2023-10-23 17:17:43.115 [main] Log - ChromeDriver: chrome on mac (b2c1c21d9b13fd4584031540106e3e98)
[INFO ] 2023-10-23 17:17:46.961 [main] Log - Navigated to URL
[INFO ] 2023-10-23 17:17:46.961 [main] Log - Go to Sandbox Login URL
[INFO ] 2023-10-23 17:17:47.167 [main] Log - Webelement clicked, cleared and text entered
[INFO ] 2023-10-23 17:17:47.168 [main] Log - Enter Sandbox Username
[INFO ] 2023-10-23 17:17:47.573 [main] Log - Screenshot Taken and attached to report
[INFO ] 2023-10-23 17:17:47.673 [main] Log - Webelement clicked, cleared and text entered
[INFO ] 2023-10-23 17:17:47.673 [main] Log - Enter Sandbox Password
[INFO ] 2023-10-23 17:17:48.710 [main] Log - Screenshot Taken and attached to report
[INFO ] 2023-10-23 17:18:05.993 [main] Log - Element clicked
[INFO ] 2023-10-23 17:18:05.993 [main] Log - Click on Login
[INFO ] 2023-10-23 17:18:06.582 [main] Log - Screenshot Taken and attached to report
[INFO ] 2023-10-23 17:18:22.038 [main] Log - Webelement clicked, cleared and text entered
[INFO ] 2023-10-23 17:18:25.456 [main] Log - Screenshot Taken and attached to report
[INFO ] 2023-10-23 17:18:34.120 [main] Log - Screenshot Taken and attached to report
[INFO ] 2023-10-23 17:18:35.084 [main] Log - Browser refreshed
[INFO ] 2023-10-23 17:18:40.160 [main] Log - Element clicked
[INFO ] 2023-10-23 17:18:50.246 [main] Log - Element clicked
[INFO ] 2023-10-23 17:18:50.699 [main] Log - Screenshot Taken and attached to report
[INFO ] 2023-10-23 17:18:51.119 [main] Log - Screenshot Taken and attached to report
[INFO ] 2023-10-23 17:18:51.190 [main] Log - Method Passed : verifyText
[INFO ] 2023-10-23 17:18:51.562 [main] Log - Screenshot Taken and attached to report
[INFO ] 2023-10-23 17:18:51.593 [main] Log - Method Passed : verifyText
[INFO ] 2023-10-23 17:18:51.981 [main] Log - Screenshot Taken and attached to report
[INFO ] 2023-10-23 17:18:52.380 [main] Log - Screenshot Taken and attached to report
[INFO ] 2023-10-23 17:19:02.857 [main] Log - Webelement clicked, cleared and text entered
[INFO ] 2023-10-23 17:19:06.290 [main] Log - Screenshot Taken and attached to report
[INFO ] 2023-10-23 17:19:09.331 [main] Log - Method Passed : verifyBooleanCondition
[INFO ] 2023-10-23 17:19:09.760 [main] Log - Screenshot Taken and attached to report
[INFO ] 2023-10-23 17:19:09.762 [main] Log - Test Passed : com.thtechops.qa.automation.testClasses.Connect_disconnect_An_Account.drm_verification
[INFO ] 2023-10-23 17:19:10.177 [main] Log - Execution Finished
[INFO ] 2023-10-23 17:19:10.417 [main] Log - Suite FinishedConnect Disconnect Test Suite
[INFO ] 2023-10-23 17:19:10.419 [main] Log - Execution Started
[INFO ] 2023-10-23 17:19:10.420 [main] Log - Suite FinishedSuite
[INFO ] 2023-10-23 17:31:15.704 [main] Log - Configuration file found at : ./src/main/resources/config.properties
[INFO ] 2023-10-23 17:31:15.754 [main] Log - Execution Started
[INFO ] 2023-10-23 17:31:15.772 [main] Log - Open the Browser
[INFO ] 2023-10-23 17:31:18.067 [main] Log - Browser Opened : chrome with headless mode : false
[INFO ] 2023-10-23 17:31:18.077 [main] Log - ChromeDriver: chrome on mac (284f51c62a367af9f9816a5f825be14f)
[INFO ] 2023-10-23 17:31:18.177 [main] Log - Configuration file found at : ./src/main/resources/config.properties
[INFO ] 2023-10-23 17:31:18.206 [main] Log - Test Started : com.thtechops.qa.automation.testClasses.Connect_disconnect_An_Account.navigateToUrl
[INFO ] 2023-10-23 17:31:18.212 [main] Log - This message is from my own project
[INFO ] 2023-10-23 17:31:18.637 [main] Log - Browser window maximised
[INFO ] 2023-10-23 17:31:18.637 [main] Log - Navigation to URL
[INFO ] 2023-10-23 17:31:23.921 [main] Log - Navigated to URL
[INFO ] 2023-10-23 17:31:23.926 [main] Log - Page Load completed for : 1000
[INFO ] 2023-10-23 17:31:23.927 [main] Log - Navigated to Url : https://stg.trailhead.sfdc.sh/
[INFO ] 2023-10-23 17:31:23.933 [main] Log - Implicit wait completed for : 20
[INFO ] 2023-10-23 17:31:23.944 [main] Log - All Browser cookies deleted
[INFO ] 2023-10-23 17:31:26.961 [main] Log - Screenshot Taken and attached to report
[INFO ] 2023-10-23 17:31:34.948 [main] Log - Screenshot Taken and attached to report
[INFO ] 2023-10-23 17:31:39.321 [main] Log - Screenshot Taken and attached to report
[INFO ] 2023-10-23 17:31:48.116 [main] Log - Screenshot Taken and attached to report
[INFO ] 2023-10-23 17:31:52.667 [main] Log - Screenshot Taken and attached to report
[INFO ] 2023-10-23 17:31:56.670 [main] Log - Test Passed : com.thtechops.qa.automation.testClasses.Connect_disconnect_An_Account.navigateToUrl
[INFO ] 2023-10-23 17:32:01.911 [main] Log - Test Started : com.thtechops.qa.automation.testClasses.Connect_disconnect_An_Account.drm_verification
[INFO ] 2023-10-23 17:32:01.911 [main] Log - This message is from my own project
[ERROR] 2023-10-23 17:32:01.914 [main] Log - Can not find tab index
[INFO ] 2023-10-23 17:32:06.124 [main] Log - Navigated to URL
[INFO ] 2023-10-23 17:32:06.125 [main] Log - Go to Sandbox Login URL
[INFO ] 2023-10-23 17:32:06.273 [main] Log - Webelement clicked, cleared and text entered
[INFO ] 2023-10-23 17:32:06.273 [main] Log - Enter Sandbox Username
[INFO ] 2023-10-23 17:32:06.731 [main] Log - Screenshot Taken and attached to report
[INFO ] 2023-10-23 17:32:06.826 [main] Log - Webelement clicked, cleared and text entered
[INFO ] 2023-10-23 17:32:06.826 [main] Log - Enter Sandbox Password
[INFO ] 2023-10-23 17:32:07.341 [main] Log - Screenshot Taken and attached to report
[INFO ] 2023-10-23 17:35:51.394 [main] Log - Configuration file found at : ./src/main/resources/config.properties
[INFO ] 2023-10-23 17:35:51.446 [main] Log - Execution Started
[INFO ] 2023-10-23 17:35:51.464 [main] Log - Open the Browser
[INFO ] 2023-10-23 17:35:53.676 [main] Log - Browser Opened : chrome with headless mode : false
[INFO ] 2023-10-23 17:35:53.693 [main] Log - ChromeDriver: chrome on mac (2f5f528649240b0b6556a7638ca46a07)
[INFO ] 2023-10-23 17:35:53.804 [main] Log - Configuration file found at : ./src/main/resources/config.properties
[INFO ] 2023-10-23 17:35:53.824 [main] Log - Test Started : com.thtechops.qa.automation.testClasses.Connect_disconnect_An_Account.navigateToUrl
[INFO ] 2023-10-23 17:35:53.831 [main] Log - This message is from my own project
[INFO ] 2023-10-23 17:35:54.248 [main] Log - Browser window maximised
[INFO ] 2023-10-23 17:35:54.249 [main] Log - Navigation to URL
[INFO ] 2023-10-23 17:35:57.745 [main] Log - Navigated to URL
[INFO ] 2023-10-23 17:35:57.750 [main] Log - Page Load completed for : 1000
[INFO ] 2023-10-23 17:35:57.751 [main] Log - Navigated to Url : https://stg.trailhead.sfdc.sh/
[INFO ] 2023-10-23 17:35:57.754 [main] Log - Implicit wait completed for : 20
[INFO ] 2023-10-23 17:35:57.769 [main] Log - All Browser cookies deleted
[INFO ] 2023-10-23 17:36:00.765 [main] Log - Screenshot Taken and attached to report
[INFO ] 2023-10-23 17:36:07.377 [main] Log - Screenshot Taken and attached to report
[INFO ] 2023-10-23 17:36:11.753 [main] Log - Screenshot Taken and attached to report
[INFO ] 2023-10-23 17:36:20.364 [main] Log - Screenshot Taken and attached to report
[INFO ] 2023-10-23 17:36:24.928 [main] Log - Screenshot Taken and attached to report
[INFO ] 2023-10-23 17:36:28.935 [main] Log - Test Passed : com.thtechops.qa.automation.testClasses.Connect_disconnect_An_Account.navigateToUrl
[INFO ] 2023-10-23 17:36:32.795 [main] Log - Test Started : com.thtechops.qa.automation.testClasses.Connect_disconnect_An_Account.drm_verification
[INFO ] 2023-10-23 17:36:32.796 [main] Log - This message is from my own project
[ERROR] 2023-10-23 17:36:32.799 [main] Log - Can not find tab index
[INFO ] 2023-10-23 17:36:36.810 [main] Log - Navigated to URL
[INFO ] 2023-10-23 17:36:36.811 [main] Log - Go to Sandbox Login URL
[INFO ] 2023-10-23 17:36:36.959 [main] Log - Webelement clicked, cleared and text entered
[INFO ] 2023-10-23 17:36:36.959 [main] Log - Enter Sandbox Username
[INFO ] 2023-10-23 17:36:37.422 [main] Log - Screenshot Taken and attached to report
[INFO ] 2023-10-23 17:36:37.509 [main] Log - Webelement clicked, cleared and text entered
[INFO ] 2023-10-23 17:36:37.509 [main] Log - Enter Sandbox Password
[INFO ] 2023-10-23 17:36:37.954 [main] Log - Screenshot Taken and attached to report
[INFO ] 2023-10-23 17:36:47.608 [main] Log - Element clicked
[INFO ] 2023-10-23 17:36:47.608 [main] Log - Click on Login
[INFO ] 2023-10-23 17:36:48.090 [main] Log - Screenshot Taken and attached to report
[INFO ] 2023-10-23 17:44:33.353 [main] Log - Configuration file found at : ./src/main/resources/config.properties
[INFO ] 2023-10-23 17:44:33.406 [main] Log - Execution Started
[INFO ] 2023-10-23 17:44:33.427 [main] Log - Open the Browser
[INFO ] 2023-10-23 17:44:35.681 [main] Log - Browser Opened : chrome with headless mode : false
[INFO ] 2023-10-23 17:44:35.712 [main] Log - ChromeDriver: chrome on mac (630836e92cfeb4f5bfb554f9d255fb5f)
[INFO ] 2023-10-23 17:44:35.823 [main] Log - Configuration file found at : ./src/main/resources/config.properties
[INFO ] 2023-10-23 17:44:35.846 [main] Log - Test Started : com.thtechops.qa.automation.testClasses.Connect_disconnect_An_Account.navigateToUrl
[INFO ] 2023-10-23 17:44:35.850 [main] Log - This message is from my own project
[INFO ] 2023-10-23 17:44:36.275 [main] Log - Browser window maximised
[INFO ] 2023-10-23 17:44:36.275 [main] Log - Navigation to URL
[INFO ] 2023-10-23 17:44:42.659 [main] Log - Navigated to URL
[INFO ] 2023-10-23 17:44:42.664 [main] Log - Page Load completed for : 1000
[INFO ] 2023-10-23 17:44:42.664 [main] Log - Navigated to Url : https://stg.trailhead.sfdc.sh/
[INFO ] 2023-10-23 17:44:42.667 [main] Log - Implicit wait completed for : 20
[INFO ] 2023-10-23 17:44:42.683 [main] Log - All Browser cookies deleted
[INFO ] 2023-10-23 17:44:45.702 [main] Log - Screenshot Taken and attached to report
[INFO ] 2023-10-23 17:44:53.083 [main] Log - Screenshot Taken and attached to report
[INFO ] 2023-10-23 17:44:57.431 [main] Log - Screenshot Taken and attached to report
[INFO ] 2023-10-23 17:45:06.024 [main] Log - Screenshot Taken and attached to report
[INFO ] 2023-10-23 17:45:10.528 [main] Log - Screenshot Taken and attached to report
[INFO ] 2023-10-23 17:45:14.535 [main] Log - Test Passed : com.thtechops.qa.automation.testClasses.Connect_disconnect_An_Account.navigateToUrl
[INFO ] 2023-10-23 17:45:19.157 [main] Log - Test Started : com.thtechops.qa.automation.testClasses.Connect_disconnect_An_Account.drm_verification
[INFO ] 2023-10-23 17:45:19.157 [main] Log - This message is from my own project
[INFO ] 2023-10-23 17:45:23.778 [main] Log - Navigated to URL
[INFO ] 2023-10-23 17:45:23.778 [main] Log - Go to Sandbox Login URL
[INFO ] 2023-10-23 17:45:23.941 [main] Log - Webelement clicked, cleared and text entered
[INFO ] 2023-10-23 17:45:23.941 [main] Log - Enter Sandbox Username
[INFO ] 2023-10-23 17:45:24.403 [main] Log - Screenshot Taken and attached to report
[INFO ] 2023-10-23 17:45:24.491 [main] Log - Webelement clicked, cleared and text entered
[INFO ] 2023-10-23 17:45:24.491 [main] Log - Enter Sandbox Password
[INFO ] 2023-10-23 17:45:25.407 [main] Log - Screenshot Taken and attached to report
[INFO ] 2023-10-23 17:45:48.708 [main] Log - Element clicked
[INFO ] 2023-10-23 17:45:48.709 [main] Log - Click on Login
[INFO ] 2023-10-23 17:45:49.498 [main] Log - Screenshot Taken and attached to report
[INFO ] 2023-10-23 19:09:25.632 [main] Log - Configuration file found at : ./src/main/resources/config.properties
[INFO ] 2023-10-23 19:09:25.684 [main] Log - Execution Started
[INFO ] 2023-10-23 19:09:25.703 [main] Log - Open the Browser
[INFO ] 2023-10-23 19:09:28.551 [main] Log - Browser Opened : chrome with headless mode : false
[INFO ] 2023-10-23 19:09:28.565 [main] Log - ChromeDriver: chrome on mac (ba70294590796d9cd591d48b63a65805)
[INFO ] 2023-10-23 19:09:28.615 [main] Log - Configuration file found at : ./src/main/resources/config.properties
[INFO ] 2023-10-23 19:09:28.654 [main] Log - Test Started : com.thtechops.qa.automation.testClasses.Connect_disconnect_An_Account.navigateToUrl
[INFO ] 2023-10-23 19:09:28.664 [main] Log - This message is from my own project
[INFO ] 2023-10-23 19:09:29.085 [main] Log - Browser window maximised
[INFO ] 2023-10-23 19:09:29.085 [main] Log - Navigation to URL
[INFO ] 2023-10-23 19:09:32.682 [main] Log - Navigated to URL
[INFO ] 2023-10-23 19:09:32.688 [main] Log - Page Load completed for : 1000
[INFO ] 2023-10-23 19:09:32.688 [main] Log - Navigated to Url : https://stg.trailhead.sfdc.sh/
[INFO ] 2023-10-23 19:09:32.691 [main] Log - Implicit wait completed for : 20
[INFO ] 2023-10-23 19:09:32.699 [main] Log - All Browser cookies deleted
[INFO ] 2023-10-23 19:09:33.432 [main] Log - Screenshot Taken and attached to report
[INFO ] 2023-10-23 19:09:42.228 [main] Log - Screenshot Taken and attached to report
[INFO ] 2023-10-23 19:09:46.567 [main] Log - Screenshot Taken and attached to report
[INFO ] 2023-10-23 19:09:48.264 [main] Log - Screenshot Taken and attached to report
[INFO ] 2023-10-23 19:09:49.740 [main] Log - Screenshot Taken and attached to report
[INFO ] 2023-10-23 19:09:59.602 [main] Log - Screenshot Taken and attached to report
[INFO ] 2023-10-23 19:10:17.385 [main] Log - Screenshot Taken and attached to report
[INFO ] 2023-10-23 19:10:24.854 [main] Log - Screenshot Taken and attached to report
[INFO ] 2023-10-23 19:10:26.106 [main] Log - Screenshot Taken and attached to report
[INFO ] 2023-10-23 19:10:27.338 [main] Log - Screenshot Taken and attached to report
[INFO ] 2023-10-23 19:10:34.645 [main] Log - Screenshot Taken and attached to report
[INFO ] 2023-10-23 19:10:39.982 [main] Log - Screenshot Taken and attached to report
[INFO ] 2023-10-23 19:10:45.239 [main] Log - Screenshot Taken and attached to report
[INFO ] 2023-10-23 19:10:54.491 [main] Log - Screenshot Taken and attached to report
[INFO ] 2023-10-23 19:11:07.138 [main] Log - Method Passed : verifyBooleanCondition
[INFO ] 2023-10-23 19:11:07.691 [main] Log - Screenshot Taken and attached to report
[INFO ] 2023-10-23 19:11:12.697 [main] Log - Test Passed : com.thtechops.qa.automation.testClasses.Connect_disconnect_An_Account.navigateToUrl
[INFO ] 2023-10-23 19:11:13.252 [main] Log - Test Started : com.thtechops.qa.automation.testClasses.Connect_disconnect_An_Account.test_connect_disconnect_account
[INFO ] 2023-10-23 19:11:13.252 [main] Log - This message is from my own project
[INFO ] 2023-10-23 19:11:49.507 [main] Log - Screenshot Taken and attached to report
[INFO ] 2023-10-23 19:11:49.509 [main] Log - Test Passed : com.thtechops.qa.automation.testClasses.Connect_disconnect_An_Account.test_connect_disconnect_account
[INFO ] 2023-10-23 19:11:50.248 [main] Log - Test Started : com.thtechops.qa.automation.testClasses.Connect_disconnect_An_Account.drm_verification
[INFO ] 2023-10-23 19:11:50.248 [main] Log - This message is from my own project
[INFO ] 2023-10-23 19:11:54.694 [main] Log - Navigated to URL
[INFO ] 2023-10-23 19:11:54.695 [main] Log - Go to Sandbox Login URL
[INFO ] 2023-10-23 19:11:54.829 [main] Log - Webelement clicked, cleared and text entered
[INFO ] 2023-10-23 19:11:54.830 [main] Log - Enter Sandbox Username
[INFO ] 2023-10-23 19:11:55.273 [main] Log - Screenshot Taken and attached to report
[INFO ] 2023-10-23 19:11:55.354 [main] Log - Webelement clicked, cleared and text entered
[INFO ] 2023-10-23 19:11:55.354 [main] Log - Enter Sandbox Password
[INFO ] 2023-10-23 19:11:55.921 [main] Log - Screenshot Taken and attached to report
