[INFO ] 2023-10-25 00:24:17.404 [main] Log - Configuration file found at : ./src/main/resources/config.properties
[INFO ] 2023-10-25 00:24:17.464 [main] Log - Execution Started
[INFO ] 2023-10-25 00:24:17.489 [main] Log - Open the Browser
[INFO ] 2023-10-25 00:24:20.122 [main] Log - Browser Opened : chrome with headless mode : false
[INFO ] 2023-10-25 00:24:20.139 [main] Log - ChromeDriver: chrome on mac (1bb02f2d830efe5922a6bb704705653e)
[INFO ] 2023-10-25 00:24:20.280 [main] Log - Configuration file found at : ./src/main/resources/config.properties
[INFO ] 2023-10-25 00:24:20.308 [main] Log - Test Started : com.thtechops.qa.communityTag.testcases.T1_Community_tag_functionality.drm_verification
[INFO ] 2023-10-25 00:24:20.308 [main] Log - This message is from my own project
[INFO ] 2023-10-25 00:24:20.309 [main] Log - Open the Browser
[INFO ] 2023-10-25 00:24:21.690 [main] Log - Browser Opened : chrome with headless mode : false
[INFO ] 2023-10-25 00:24:21.698 [main] Log - ChromeDriver: chrome on mac (9d22218debbbebe5248cb1645529f79b)
[ERROR] 2023-10-25 00:24:22.193 [main] Log - Can not open new tab
[INFO ] 2023-10-25 00:24:26.059 [main] Log - Navigated to URL
[INFO ] 2023-10-25 00:24:26.059 [main] Log - Go to Sandbox Login URL
[INFO ] 2023-10-25 00:24:26.230 [main] Log - Webelement clicked, cleared and text entered
[INFO ] 2023-10-25 00:24:26.230 [main] Log - Enter Sandbox Username
[INFO ] 2023-10-25 00:24:26.724 [main] Log - Screenshot Taken and attached to report
[INFO ] 2023-10-25 00:24:26.854 [main] Log - Webelement clicked, cleared and text entered
[INFO ] 2023-10-25 00:24:26.855 [main] Log - Enter Sandbox Password
[INFO ] 2023-10-25 00:24:28.049 [main] Log - Screenshot Taken and attached to report
[INFO ] 2023-10-25 00:24:39.851 [main] Log - Element clicked
[INFO ] 2023-10-25 00:24:39.851 [main] Log - Click on Login
[INFO ] 2023-10-25 00:24:40.222 [main] Log - Screenshot Taken and attached to report
[INFO ] 2023-10-25 00:24:55.685 [main] Log - Webelement clicked, cleared and text entered
[INFO ] 2023-10-25 00:24:59.088 [main] Log - Screenshot Taken and attached to report
[INFO ] 2023-10-25 00:25:08.265 [main] Log - Browser refreshed
[INFO ] 2023-10-25 00:25:13.347 [main] Log - Element clicked
[INFO ] 2023-10-25 00:25:18.821 [main] Log - Screenshot Taken and attached to report
[INFO ] 2023-10-25 00:25:18.824 [main] Log - Implicit wait completed for : 10
[ERROR] 2023-10-25 00:25:18.828 [main] Log - Element is not yet visibleBy.xpath: //div[@class='slds-icon-waffle']
[INFO ] 2023-10-25 00:25:18.870 [main] Log - Element clicked
[INFO ] 2023-10-25 00:25:20.625 [main] Log - Webelement clicked, cleared and text entered
[INFO ] 2023-10-25 00:25:24.665 [main] Log - Element clicked
[INFO ] 2023-10-25 00:25:25.088 [main] Log - Screenshot Taken and attached to report
[INFO ] 2023-10-25 00:25:30.878 [main] Log - Element clicked
[INFO ] 2023-10-25 00:25:34.548 [main] Log - Screenshot Taken and attached to report
[INFO ] 2023-10-25 00:25:34.984 [main] Log - Screenshot Taken and attached to report
[INFO ] 2023-10-25 00:25:35.398 [main] Log - Screenshot Taken and attached to report
[INFO ] 2023-10-25 00:25:35.401 [main] Log - Test Passed : com.thtechops.qa.communityTag.testcases.T1_Community_tag_functionality.drm_verification
[INFO ] 2023-10-25 00:25:35.797 [main] Log - Execution Finished
[INFO ] 2023-10-25 00:25:36.089 [main] Log - Suite FinishedCommunity Tag Test Suite
[INFO ] 2023-10-25 00:25:36.091 [main] Log - Execution Started
[INFO ] 2023-10-25 00:25:36.092 [main] Log - Suite FinishedSuite
[INFO ] 2023-10-25 00:37:25.023 [main] Log - Configuration file found at : ./src/main/resources/config.properties
[INFO ] 2023-10-25 00:37:25.073 [main] Log - Execution Started
[INFO ] 2023-10-25 00:37:25.092 [main] Log - Open the Browser
[INFO ] 2023-10-25 00:37:27.553 [main] Log - Browser Opened : chrome with headless mode : false
[INFO ] 2023-10-25 00:37:27.568 [main] Log - ChromeDriver: chrome on mac (794d9c26453610aa92a3a998f35edfa2)
[INFO ] 2023-10-25 00:37:27.733 [main] Log - Configuration file found at : ./src/main/resources/config.properties
[INFO ] 2023-10-25 00:37:27.745 [main] Log - Test Started : com.thtechops.qa.communityTag.testcases.T1_Community_tag_functionality.drm_verification
[INFO ] 2023-10-25 00:37:27.745 [main] Log - This message is from my own project
[INFO ] 2023-10-25 00:37:27.745 [main] Log - Open the Browser
[INFO ] 2023-10-25 00:37:29.092 [main] Log - Browser Opened : chrome with headless mode : false
[INFO ] 2023-10-25 00:37:29.096 [main] Log - ChromeDriver: chrome on mac (fc600a01dc4b9e7d9a7f5367d34e1851)
[ERROR] 2023-10-25 00:37:29.572 [main] Log - Can not open new tab
[INFO ] 2023-10-25 00:37:34.229 [main] Log - Navigated to URL
[INFO ] 2023-10-25 00:37:34.245 [main] Log - Go to Sandbox Login URL
[INFO ] 2023-10-25 00:37:34.434 [main] Log - Webelement clicked, cleared and text entered
[INFO ] 2023-10-25 00:37:34.434 [main] Log - Enter Sandbox Username
[INFO ] 2023-10-25 00:37:34.901 [main] Log - Screenshot Taken and attached to report
[INFO ] 2023-10-25 00:37:35.000 [main] Log - Webelement clicked, cleared and text entered
[INFO ] 2023-10-25 00:37:35.000 [main] Log - Enter Sandbox Password
[INFO ] 2023-10-25 00:37:36.211 [main] Log - Screenshot Taken and attached to report
[INFO ] 2023-10-25 00:37:52.817 [main] Log - Element clicked
[INFO ] 2023-10-25 00:37:52.817 [main] Log - Click on Login
[INFO ] 2023-10-25 00:37:53.200 [main] Log - Screenshot Taken and attached to report
[INFO ] 2023-10-25 00:38:08.652 [main] Log - Webelement clicked, cleared and text entered
[INFO ] 2023-10-25 00:38:12.084 [main] Log - Screenshot Taken and attached to report
[INFO ] 2023-10-25 00:38:21.469 [main] Log - Browser refreshed
[INFO ] 2023-10-25 00:38:26.570 [main] Log - Element clicked
[INFO ] 2023-10-25 00:38:32.068 [main] Log - Screenshot Taken and attached to report
[INFO ] 2023-10-25 00:38:32.072 [main] Log - Implicit wait completed for : 10
[ERROR] 2023-10-25 00:38:32.073 [main] Log - Element is not yet visibleBy.xpath: //div[@class='slds-icon-waffle']
[INFO ] 2023-10-25 00:38:32.118 [main] Log - Element clicked
[INFO ] 2023-10-25 00:38:34.894 [main] Log - Webelement clicked, cleared and text entered
[INFO ] 2023-10-25 00:38:38.950 [main] Log - Element clicked
[INFO ] 2023-10-25 00:38:39.389 [main] Log - Screenshot Taken and attached to report
[INFO ] 2023-10-25 00:38:45.083 [main] Log - Element clicked
[INFO ] 2023-10-25 00:38:48.823 [main] Log - Screenshot Taken and attached to report
[INFO ] 2023-10-25 00:38:49.317 [main] Log - Screenshot Taken and attached to report
[INFO ] 2023-10-25 00:38:49.720 [main] Log - Screenshot Taken and attached to report
[INFO ] 2023-10-25 00:38:49.724 [main] Log - Test Passed : com.thtechops.qa.communityTag.testcases.T1_Community_tag_functionality.drm_verification
[INFO ] 2023-10-25 00:38:50.130 [main] Log - Execution Finished
[INFO ] 2023-10-25 00:38:53.500 [main] Log - Suite FinishedCommunity Tag Test Suite
[INFO ] 2023-10-25 00:38:53.502 [main] Log - Execution Started
[INFO ] 2023-10-25 00:38:53.504 [main] Log - Suite FinishedSuite
[INFO ] 2023-10-25 00:42:59.871 [main] Log - Configuration file found at : ./src/main/resources/config.properties
[INFO ] 2023-10-25 00:42:59.921 [main] Log - Execution Started
[INFO ] 2023-10-25 00:42:59.940 [main] Log - Open the Browser
[INFO ] 2023-10-25 00:43:02.304 [main] Log - Browser Opened : chrome with headless mode : false
[INFO ] 2023-10-25 00:43:02.319 [main] Log - ChromeDriver: chrome on mac (7dc706505560b9d8e11e349deeaa8843)
[INFO ] 2023-10-25 00:43:02.457 [main] Log - Configuration file found at : ./src/main/resources/config.properties
[INFO ] 2023-10-25 00:43:02.484 [main] Log - Test Started : com.thtechops.qa.communityTag.testcases.T1_Community_tag_functionality.drm_verification
[INFO ] 2023-10-25 00:43:02.485 [main] Log - This message is from my own project
[ERROR] 2023-10-25 00:43:02.911 [main] Log - Can not open new tab
[INFO ] 2023-10-25 00:43:06.722 [main] Log - Navigated to URL
[INFO ] 2023-10-25 00:43:06.722 [main] Log - Go to Sandbox Login URL
[INFO ] 2023-10-25 00:43:06.878 [main] Log - Webelement clicked, cleared and text entered
[INFO ] 2023-10-25 00:43:06.878 [main] Log - Enter Sandbox Username
[INFO ] 2023-10-25 00:43:07.376 [main] Log - Screenshot Taken and attached to report
[INFO ] 2023-10-25 00:43:07.479 [main] Log - Webelement clicked, cleared and text entered
[INFO ] 2023-10-25 00:43:07.480 [main] Log - Enter Sandbox Password
[INFO ] 2023-10-25 00:43:08.692 [main] Log - Screenshot Taken and attached to report
[INFO ] 2023-10-25 00:43:24.373 [main] Log - Element clicked
[INFO ] 2023-10-25 00:43:24.374 [main] Log - Click on Login
[INFO ] 2023-10-25 00:43:24.922 [main] Log - Screenshot Taken and attached to report
[INFO ] 2023-10-25 00:43:40.352 [main] Log - Webelement clicked, cleared and text entered
[INFO ] 2023-10-25 00:43:43.906 [main] Log - Screenshot Taken and attached to report
[INFO ] 2023-10-25 00:43:53.003 [main] Log - Browser refreshed
[INFO ] 2023-10-25 00:43:58.074 [main] Log - Element clicked
[INFO ] 2023-10-25 00:44:03.591 [main] Log - Screenshot Taken and attached to report
[INFO ] 2023-10-25 00:44:03.597 [main] Log - Implicit wait completed for : 10
[ERROR] 2023-10-25 00:44:03.599 [main] Log - Element is not yet visibleBy.xpath: //div[@class='slds-icon-waffle']
[INFO ] 2023-10-25 00:44:03.643 [main] Log - Element clicked
[INFO ] 2023-10-25 00:44:05.752 [main] Log - Webelement clicked, cleared and text entered
[INFO ] 2023-10-25 00:44:09.803 [main] Log - Element clicked
[INFO ] 2023-10-25 00:44:11.045 [main] Log - Screenshot Taken and attached to report
[INFO ] 2023-10-25 00:44:17.207 [main] Log - Element clicked
[INFO ] 2023-10-25 00:44:20.989 [main] Log - Screenshot Taken and attached to report
[INFO ] 2023-10-25 00:44:21.440 [main] Log - Screenshot Taken and attached to report
[INFO ] 2023-10-25 00:44:21.887 [main] Log - Screenshot Taken and attached to report
[INFO ] 2023-10-25 00:44:21.890 [main] Log - Test Passed : com.thtechops.qa.communityTag.testcases.T1_Community_tag_functionality.drm_verification
[INFO ] 2023-10-25 00:44:22.305 [main] Log - Execution Finished
[INFO ] 2023-10-25 00:44:22.569 [main] Log - Suite FinishedCommunity Tag Test Suite
[INFO ] 2023-10-25 00:44:22.571 [main] Log - Execution Started
[INFO ] 2023-10-25 00:44:22.573 [main] Log - Suite FinishedSuite
[INFO ] 2023-10-25 00:56:44.708 [main] Log - Configuration file found at : ./src/main/resources/config.properties
[INFO ] 2023-10-25 00:56:44.757 [main] Log - Execution Started
[INFO ] 2023-10-25 00:56:44.776 [main] Log - Open the Browser
[INFO ] 2023-10-25 00:56:46.997 [main] Log - Browser Opened : chrome with headless mode : false
[INFO ] 2023-10-25 00:56:47.000 [main] Log - ChromeDriver: chrome on mac (c845a5a938cb343bd23f1b9824771577)
[INFO ] 2023-10-25 00:56:47.139 [main] Log - Configuration file found at : ./src/main/resources/config.properties
[INFO ] 2023-10-25 00:56:47.152 [main] Log - Test Started : com.thtechops.qa.communityTag.testcases.T1_Community_tag_functionality.drm_verification
[INFO ] 2023-10-25 00:56:47.152 [main] Log - This message is from my own project
[ERROR] 2023-10-25 00:56:47.576 [main] Log - Can not open new tab
[INFO ] 2023-10-25 00:56:51.086 [main] Log - Navigated to URL
[INFO ] 2023-10-25 00:56:51.086 [main] Log - Go to Sandbox Login URL
[INFO ] 2023-10-25 00:56:51.248 [main] Log - Webelement clicked, cleared and text entered
[INFO ] 2023-10-25 00:56:51.248 [main] Log - Enter Sandbox Username
[INFO ] 2023-10-25 00:56:51.724 [main] Log - Screenshot Taken and attached to report
[INFO ] 2023-10-25 00:56:51.829 [main] Log - Webelement clicked, cleared and text entered
[INFO ] 2023-10-25 00:56:51.829 [main] Log - Enter Sandbox Password
[INFO ] 2023-10-25 00:56:52.803 [main] Log - Screenshot Taken and attached to report
[INFO ] 2023-10-25 00:57:03.124 [main] Log - Element clicked
[INFO ] 2023-10-25 00:57:03.124 [main] Log - Click on Login
[INFO ] 2023-10-25 00:57:03.516 [main] Log - Screenshot Taken and attached to report
[INFO ] 2023-10-25 00:57:18.981 [main] Log - Webelement clicked, cleared and text entered
[INFO ] 2023-10-25 00:57:22.490 [main] Log - Screenshot Taken and attached to report
[INFO ] 2023-10-25 00:57:32.062 [main] Log - Browser refreshed
[INFO ] 2023-10-25 00:57:37.117 [main] Log - Element clicked
[INFO ] 2023-10-25 00:57:42.651 [main] Log - Screenshot Taken and attached to report
[INFO ] 2023-10-25 00:57:42.656 [main] Log - Implicit wait completed for : 10
[ERROR] 2023-10-25 00:57:42.658 [main] Log - Element is not yet visibleBy.xpath: //div[@class='slds-icon-waffle']
[INFO ] 2023-10-25 00:57:42.703 [main] Log - Element clicked
[INFO ] 2023-10-25 00:57:44.520 [main] Log - Webelement clicked, cleared and text entered
[INFO ] 2023-10-25 00:57:48.638 [main] Log - Element clicked
[INFO ] 2023-10-25 00:57:49.040 [main] Log - Screenshot Taken and attached to report
[INFO ] 2023-10-25 00:57:55.808 [main] Log - Element clicked
[INFO ] 2023-10-25 00:57:59.015 [main] Log - Element clicked
[INFO ] 2023-10-25 00:57:59.492 [main] Log - Screenshot Taken and attached to report
[INFO ] 2023-10-25 00:57:59.530 [main] Log - Element clicked
[INFO ] 2023-10-25 00:58:00.051 [main] Log - Screenshot Taken and attached to report
[INFO ] 2023-10-25 00:58:00.054 [main] Log - Test Passed : com.thtechops.qa.communityTag.testcases.T1_Community_tag_functionality.drm_verification
[INFO ] 2023-10-25 00:58:00.442 [main] Log - Execution Finished
[INFO ] 2023-10-25 00:58:00.659 [main] Log - Suite FinishedCommunity Tag Test Suite
[INFO ] 2023-10-25 00:58:00.661 [main] Log - Execution Started
[INFO ] 2023-10-25 00:58:00.662 [main] Log - Suite FinishedSuite
[INFO ] 2023-10-25 01:10:04.667 [main] Log - Configuration file found at : ./src/main/resources/config.properties
[INFO ] 2023-10-25 01:10:04.716 [main] Log - Execution Started
[INFO ] 2023-10-25 01:10:04.735 [main] Log - Open the Browser
[INFO ] 2023-10-25 01:10:07.225 [main] Log - Browser Opened : chrome with headless mode : false
[INFO ] 2023-10-25 01:10:07.237 [main] Log - ChromeDriver: chrome on mac (0aae6e694d0e5e535f77c9a3cbc08ad3)
[INFO ] 2023-10-25 01:10:07.405 [main] Log - Configuration file found at : ./src/main/resources/config.properties
[INFO ] 2023-10-25 01:10:07.417 [main] Log - Test Started : com.thtechops.qa.communityTag.testcases.T1_Community_tag_functionality.drm_verification
[INFO ] 2023-10-25 01:10:07.417 [main] Log - This message is from my own project
[ERROR] 2023-10-25 01:10:07.835 [main] Log - Can not open new tab
[INFO ] 2023-10-25 01:10:12.062 [main] Log - Navigated to URL
[INFO ] 2023-10-25 01:10:12.062 [main] Log - Go to Sandbox Login URL
[INFO ] 2023-10-25 01:10:12.224 [main] Log - Webelement clicked, cleared and text entered
[INFO ] 2023-10-25 01:10:12.224 [main] Log - Enter Sandbox Username
[INFO ] 2023-10-25 01:10:12.717 [main] Log - Screenshot Taken and attached to report
[INFO ] 2023-10-25 01:10:12.816 [main] Log - Webelement clicked, cleared and text entered
[INFO ] 2023-10-25 01:10:12.816 [main] Log - Enter Sandbox Password
[INFO ] 2023-10-25 01:10:13.207 [main] Log - Screenshot Taken and attached to report
[INFO ] 2023-10-25 01:10:24.600 [main] Log - Element clicked
[INFO ] 2023-10-25 01:10:24.601 [main] Log - Click on Login
[INFO ] 2023-10-25 01:10:24.974 [main] Log - Screenshot Taken and attached to report
[INFO ] 2023-10-25 01:10:40.437 [main] Log - Webelement clicked, cleared and text entered
[INFO ] 2023-10-25 01:10:43.848 [main] Log - Screenshot Taken and attached to report
[INFO ] 2023-10-25 01:10:53.029 [main] Log - Browser refreshed
[INFO ] 2023-10-25 01:10:58.098 [main] Log - Element clicked
[INFO ] 2023-10-25 01:11:03.600 [main] Log - Screenshot Taken and attached to report
[INFO ] 2023-10-25 01:11:03.604 [main] Log - Implicit wait completed for : 10
[ERROR] 2023-10-25 01:11:03.606 [main] Log - Element is not yet visibleBy.xpath: //div[@class='slds-icon-waffle']
[INFO ] 2023-10-25 01:11:03.648 [main] Log - Element clicked
[INFO ] 2023-10-25 01:11:05.474 [main] Log - Webelement clicked, cleared and text entered
[INFO ] 2023-10-25 01:11:09.527 [main] Log - Element clicked
[INFO ] 2023-10-25 01:11:09.927 [main] Log - Screenshot Taken and attached to report
[INFO ] 2023-10-25 01:11:16.351 [main] Log - Element clicked
[INFO ] 2023-10-25 01:11:20.059 [main] Log - Screenshot Taken and attached to report
[INFO ] 2023-10-25 01:11:20.546 [main] Log - Screenshot Taken and attached to report
[INFO ] 2023-10-25 01:11:20.955 [main] Log - Screenshot Taken and attached to report
[INFO ] 2023-10-25 01:11:20.959 [main] Log - Test Passed : com.thtechops.qa.communityTag.testcases.T1_Community_tag_functionality.drm_verification
[INFO ] 2023-10-25 01:11:21.347 [main] Log - Execution Finished
[INFO ] 2023-10-25 01:11:21.569 [main] Log - Suite FinishedCommunity Tag Test Suite
[INFO ] 2023-10-25 01:11:21.571 [main] Log - Execution Started
[INFO ] 2023-10-25 01:11:21.572 [main] Log - Suite FinishedSuite
[INFO ] 2023-10-25 01:24:43.259 [main] Log - Configuration file found at : ./src/main/resources/config.properties
[INFO ] 2023-10-25 01:24:43.308 [main] Log - Execution Started
[INFO ] 2023-10-25 01:24:43.328 [main] Log - Open the Browser
[INFO ] 2023-10-25 01:24:45.761 [main] Log - Browser Opened : chrome with headless mode : false
[INFO ] 2023-10-25 01:24:45.767 [main] Log - ChromeDriver: chrome on mac (8c4c05666e7db0f2ae91022d24696949)
[INFO ] 2023-10-25 01:24:45.879 [main] Log - Configuration file found at : ./src/main/resources/config.properties
[INFO ] 2023-10-25 01:24:45.891 [main] Log - Test Started : com.thtechops.qa.communityTag.testcases.T1_Community_tag_functionality.drm_verification
[INFO ] 2023-10-25 01:24:45.892 [main] Log - This message is from my own project
[ERROR] 2023-10-25 01:24:46.330 [main] Log - Can not open new tab
[INFO ] 2023-10-25 01:24:50.272 [main] Log - Navigated to URL
[INFO ] 2023-10-25 01:24:50.272 [main] Log - Go to Sandbox Login URL
[INFO ] 2023-10-25 01:24:50.427 [main] Log - Webelement clicked, cleared and text entered
[INFO ] 2023-10-25 01:24:50.427 [main] Log - Enter Sandbox Username
[INFO ] 2023-10-25 01:24:50.933 [main] Log - Screenshot Taken and attached to report
[INFO ] 2023-10-25 01:24:51.032 [main] Log - Webelement clicked, cleared and text entered
[INFO ] 2023-10-25 01:24:51.038 [main] Log - Enter Sandbox Password
[INFO ] 2023-10-25 01:24:52.012 [main] Log - Screenshot Taken and attached to report
[INFO ] 2023-10-25 01:25:03.239 [main] Log - Element clicked
[INFO ] 2023-10-25 01:25:03.239 [main] Log - Click on Login
[INFO ] 2023-10-25 01:25:03.633 [main] Log - Screenshot Taken and attached to report
[INFO ] 2023-10-25 01:25:19.169 [main] Log - Webelement clicked, cleared and text entered
[INFO ] 2023-10-25 01:25:22.703 [main] Log - Screenshot Taken and attached to report
[INFO ] 2023-10-25 01:25:32.272 [main] Log - Browser refreshed
[INFO ] 2023-10-25 01:25:37.366 [main] Log - Element clicked
[INFO ] 2023-10-25 01:25:42.990 [main] Log - Screenshot Taken and attached to report
[INFO ] 2023-10-25 01:25:42.993 [main] Log - Implicit wait completed for : 10
[ERROR] 2023-10-25 01:25:42.995 [main] Log - Element is not yet visibleBy.xpath: //div[@class='slds-icon-waffle']
[INFO ] 2023-10-25 01:25:43.036 [main] Log - Element clicked
[INFO ] 2023-10-25 01:25:44.872 [main] Log - Webelement clicked, cleared and text entered
[INFO ] 2023-10-25 01:25:48.928 [main] Log - Element clicked
[INFO ] 2023-10-25 01:25:49.319 [main] Log - Screenshot Taken and attached to report
[INFO ] 2023-10-25 01:25:56.063 [main] Log - Element clicked
[INFO ] 2023-10-25 01:25:59.747 [main] Log - Screenshot Taken and attached to report
[INFO ] 2023-10-25 01:26:00.220 [main] Log - Screenshot Taken and attached to report
[INFO ] 2023-10-25 01:26:00.628 [main] Log - Screenshot Taken and attached to report
[INFO ] 2023-10-25 01:26:00.631 [main] Log - Test Passed : com.thtechops.qa.communityTag.testcases.T1_Community_tag_functionality.drm_verification
[INFO ] 2023-10-25 01:26:01.023 [main] Log - Execution Finished
[INFO ] 2023-10-25 01:26:01.245 [main] Log - Suite FinishedCommunity Tag Test Suite
[INFO ] 2023-10-25 01:26:01.247 [main] Log - Execution Started
[INFO ] 2023-10-25 01:26:01.249 [main] Log - Suite FinishedSuite
[INFO ] 2023-10-25 01:46:51.946 [main] Log - Configuration file found at : ./src/main/resources/config.properties
[INFO ] 2023-10-25 01:46:51.997 [main] Log - Execution Started
[INFO ] 2023-10-25 01:46:52.015 [main] Log - Open the Browser
[INFO ] 2023-10-25 01:46:54.217 [main] Log - Browser Opened : chrome with headless mode : false
[INFO ] 2023-10-25 01:46:54.230 [main] Log - ChromeDriver: chrome on mac (73b26610746a4676ee3ce4b15c58b224)
[INFO ] 2023-10-25 01:46:54.264 [main] Log - Configuration file found at : ./src/main/resources/config.properties
[INFO ] 2023-10-25 01:46:54.302 [main] Log - Test Started : com.thtechops.qa.communityTag.testcases.T1_Community_tag_functionality._1_LogIn_HelpPortal
[INFO ] 2023-10-25 01:46:54.312 [main] Log - This message is from my own project
[INFO ] 2023-10-25 01:46:54.731 [main] Log - Browser window maximised
[INFO ] 2023-10-25 01:47:00.333 [main] Log - Navigated to URL
[INFO ] 2023-10-25 01:47:00.341 [main] Log - Page Load completed for : 1000
[INFO ] 2023-10-25 01:47:00.348 [main] Log - Implicit wait completed for : 20
[INFO ] 2023-10-25 01:47:00.369 [main] Log - All Browser cookies deleted
[INFO ] 2023-10-25 01:47:13.328 [main] Log - Screenshot Taken and attached to report
[INFO ] 2023-10-25 01:47:20.180 [main] Log - Screenshot Taken and attached to report
[INFO ] 2023-10-25 01:47:24.584 [main] Log - Screenshot Taken and attached to report
[INFO ] 2023-10-25 01:47:33.486 [main] Log - Screenshot Taken and attached to report
[INFO ] 2023-10-25 01:47:38.001 [main] Log - Screenshot Taken and attached to report
[INFO ] 2023-10-25 01:47:42.009 [main] Log - Test Passed : com.thtechops.qa.communityTag.testcases.T1_Community_tag_functionality._1_LogIn_HelpPortal
[INFO ] 2023-10-25 01:47:46.714 [main] Log - Test Started : com.thtechops.qa.communityTag.testcases.T1_Community_tag_functionality._2_community_tag_functionality
[INFO ] 2023-10-25 01:47:46.714 [main] Log - This message is from my own project
[INFO ] 2023-10-25 01:48:06.306 [main] Log - Screenshot Taken and attached to report
[INFO ] 2023-10-25 01:48:09.395 [main] Log - Test Passed : com.thtechops.qa.communityTag.testcases.T1_Community_tag_functionality._2_community_tag_functionality
[INFO ] 2023-10-25 01:48:09.974 [main] Log - Test Started : com.thtechops.qa.communityTag.testcases.T1_Community_tag_functionality.drm_verification
[INFO ] 2023-10-25 01:48:09.974 [main] Log - This message is from my own project
[INFO ] 2023-10-25 01:48:14.373 [main] Log - Navigated to URL
[INFO ] 2023-10-25 01:48:14.373 [main] Log - Go to Sandbox Login URL
[INFO ] 2023-10-25 01:48:14.501 [main] Log - Webelement clicked, cleared and text entered
[INFO ] 2023-10-25 01:48:14.501 [main] Log - Enter Sandbox Username
[INFO ] 2023-10-25 01:48:14.956 [main] Log - Screenshot Taken and attached to report
[INFO ] 2023-10-25 01:48:15.054 [main] Log - Webelement clicked, cleared and text entered
[INFO ] 2023-10-25 01:48:15.055 [main] Log - Enter Sandbox Password
[INFO ] 2023-10-25 01:48:16.080 [main] Log - Screenshot Taken and attached to report
[INFO ] 2023-10-25 01:48:26.170 [main] Log - Element clicked
[INFO ] 2023-10-25 01:48:26.171 [main] Log - Click on Login
[INFO ] 2023-10-25 01:48:26.665 [main] Log - Screenshot Taken and attached to report
[INFO ] 2023-10-25 01:48:42.134 [main] Log - Webelement clicked, cleared and text entered
[INFO ] 2023-10-25 01:48:45.665 [main] Log - Screenshot Taken and attached to report
[INFO ] 2023-10-25 01:49:08.710 [main] Log - Implicit wait completed for : 10
[ERROR] 2023-10-25 01:49:08.713 [main] Log - Element is not yet visibleBy.xpath: //div[@class='slds-icon-waffle']
[INFO ] 2023-10-25 01:49:08.754 [main] Log - Element clicked
[INFO ] 2023-10-25 01:49:10.770 [main] Log - Webelement clicked, cleared and text entered
[INFO ] 2023-10-25 01:49:14.815 [main] Log - Element clicked
[INFO ] 2023-10-25 01:49:15.393 [main] Log - Screenshot Taken and attached to report
[INFO ] 2023-10-25 01:52:52.854 [main] Log - Configuration file found at : ./src/main/resources/config.properties
[INFO ] 2023-10-25 01:52:52.919 [main] Log - Execution Started
[INFO ] 2023-10-25 01:52:52.938 [main] Log - Open the Browser
[INFO ] 2023-10-25 01:52:55.415 [main] Log - Browser Opened : chrome with headless mode : false
[INFO ] 2023-10-25 01:52:55.429 [main] Log - ChromeDriver: chrome on mac (ae2e41efc9fdbfecb67fb9651e3ca9ed)
[INFO ] 2023-10-25 01:52:55.462 [main] Log - Configuration file found at : ./src/main/resources/config.properties
[INFO ] 2023-10-25 01:52:55.517 [main] Log - Test Started : com.thtechops.qa.communityTag.testcases.T1_Community_tag_functionality._1_LogIn_HelpPortal
[INFO ] 2023-10-25 01:52:55.517 [main] Log - This message is from my own project
[INFO ] 2023-10-25 01:52:55.934 [main] Log - Browser window maximised
[INFO ] 2023-10-25 01:52:59.941 [main] Log - Navigated to URL
[INFO ] 2023-10-25 01:52:59.945 [main] Log - Page Load completed for : 1000
[INFO ] 2023-10-25 01:52:59.951 [main] Log - Implicit wait completed for : 20
[INFO ] 2023-10-25 01:52:59.962 [main] Log - All Browser cookies deleted
[INFO ] 2023-10-25 01:53:12.951 [main] Log - Screenshot Taken and attached to report
[INFO ] 2023-10-25 01:53:19.483 [main] Log - Screenshot Taken and attached to report
[INFO ] 2023-10-25 01:53:23.935 [main] Log - Screenshot Taken and attached to report
[INFO ] 2023-10-25 01:53:32.637 [main] Log - Screenshot Taken and attached to report
[INFO ] 2023-10-25 01:53:37.157 [main] Log - Screenshot Taken and attached to report
[INFO ] 2023-10-25 01:53:41.162 [main] Log - Test Passed : com.thtechops.qa.communityTag.testcases.T1_Community_tag_functionality._1_LogIn_HelpPortal
[INFO ] 2023-10-25 01:53:46.241 [main] Log - Test Started : com.thtechops.qa.communityTag.testcases.T1_Community_tag_functionality._2_community_tag_functionality
[INFO ] 2023-10-25 01:53:46.241 [main] Log - This message is from my own project
[INFO ] 2023-10-25 01:54:02.607 [main] Log - Screenshot Taken and attached to report
[INFO ] 2023-10-25 01:54:06.272 [main] Log - Screenshot Taken and attached to report
[INFO ] 2023-10-25 01:54:09.995 [main] Log - Screenshot Taken and attached to report
[INFO ] 2023-10-25 01:54:10.129 [main] Log - Test Passed : com.thtechops.qa.communityTag.testcases.T1_Community_tag_functionality._2_community_tag_functionality
[INFO ] 2023-10-25 01:54:10.741 [main] Log - Test Started : com.thtechops.qa.communityTag.testcases.T1_Community_tag_functionality.drm_verification
[INFO ] 2023-10-25 01:54:10.742 [main] Log - This message is from my own project
[INFO ] 2023-10-25 01:54:14.911 [main] Log - Navigated to URL
[INFO ] 2023-10-25 01:54:14.912 [main] Log - Go to Sandbox Login URL
[INFO ] 2023-10-25 01:54:15.078 [main] Log - Webelement clicked, cleared and text entered
[INFO ] 2023-10-25 01:54:15.078 [main] Log - Enter Sandbox Username
[INFO ] 2023-10-25 01:54:15.553 [main] Log - Screenshot Taken and attached to report
[INFO ] 2023-10-25 01:54:15.633 [main] Log - Webelement clicked, cleared and text entered
[INFO ] 2023-10-25 01:54:15.633 [main] Log - Enter Sandbox Password
[INFO ] 2023-10-25 01:54:16.863 [main] Log - Screenshot Taken and attached to report
[INFO ] 2023-10-25 01:54:28.201 [main] Log - Element clicked
[INFO ] 2023-10-25 01:54:28.201 [main] Log - Click on Login
[INFO ] 2023-10-25 01:54:28.632 [main] Log - Screenshot Taken and attached to report
[INFO ] 2023-10-25 01:54:44.106 [main] Log - Webelement clicked, cleared and text entered
[INFO ] 2023-10-25 01:54:47.625 [main] Log - Screenshot Taken and attached to report
[INFO ] 2023-10-25 01:54:56.784 [main] Log - Browser refreshed
[INFO ] 2023-10-25 01:55:01.842 [main] Log - Element clicked
[INFO ] 2023-10-25 01:55:07.425 [main] Log - Screenshot Taken and attached to report
[INFO ] 2023-10-25 01:55:07.427 [main] Log - Implicit wait completed for : 10
[ERROR] 2023-10-25 01:55:07.429 [main] Log - Element is not yet visibleBy.xpath: //div[@class='slds-icon-waffle']
[INFO ] 2023-10-25 01:55:07.468 [main] Log - Element clicked
[INFO ] 2023-10-25 01:55:09.294 [main] Log - Webelement clicked, cleared and text entered
[INFO ] 2023-10-25 01:55:13.344 [main] Log - Element clicked
[INFO ] 2023-10-25 01:55:14.693 [main] Log - Screenshot Taken and attached to report
[INFO ] 2023-10-25 01:55:19.925 [main] Log - Element clicked
[ERROR] 2023-10-25 01:55:23.091 [main] Log - Method Failed : verifyElementSize
[INFO ] 2023-10-25 01:55:23.700 [main] Log - Screenshot Taken and attached to report
[INFO ] 2023-10-25 01:55:24.260 [main] Log - Screenshot Taken and attached to report
[INFO ] 2023-10-25 01:55:24.752 [main] Log - Screenshot Taken and attached to report
[INFO ] 2023-10-25 01:55:24.754 [main] Log - Test Passed : com.thtechops.qa.communityTag.testcases.T1_Community_tag_functionality.drm_verification
[INFO ] 2023-10-25 01:55:25.227 [main] Log - Execution Finished
[INFO ] 2023-10-25 01:55:25.475 [main] Log - Suite FinishedCommunity Tag Test Suite
[INFO ] 2023-10-25 01:55:25.478 [main] Log - Execution Started
[INFO ] 2023-10-25 01:55:25.479 [main] Log - Suite FinishedSuite
[INFO ] 2023-10-25 01:59:48.847 [main] Log - Configuration file found at : ./src/main/resources/config.properties
[INFO ] 2023-10-25 01:59:48.899 [main] Log - Execution Started
[INFO ] 2023-10-25 01:59:48.917 [main] Log - Open the Browser
[INFO ] 2023-10-25 01:59:51.285 [main] Log - Browser Opened : chrome with headless mode : false
[INFO ] 2023-10-25 01:59:51.300 [main] Log - ChromeDriver: chrome on mac (298cae00a4d36070b897d279d0e7bc6d)
[INFO ] 2023-10-25 01:59:51.338 [main] Log - Configuration file found at : ./src/main/resources/config.properties
[INFO ] 2023-10-25 01:59:51.389 [main] Log - Test Started : com.thtechops.qa.communityTag.testcases.T1_Community_tag_functionality._1_LogIn_HelpPortal
[INFO ] 2023-10-25 01:59:51.394 [main] Log - This message is from my own project
[INFO ] 2023-10-25 01:59:51.835 [main] Log - Browser window maximised
[INFO ] 2023-10-25 01:59:58.054 [main] Log - Navigated to URL
[INFO ] 2023-10-25 01:59:58.058 [main] Log - Page Load completed for : 1000
[INFO ] 2023-10-25 01:59:58.064 [main] Log - Implicit wait completed for : 20
[INFO ] 2023-10-25 01:59:58.076 [main] Log - All Browser cookies deleted
[INFO ] 2023-10-25 02:00:11.038 [main] Log - Screenshot Taken and attached to report
[INFO ] 2023-10-25 02:00:18.106 [main] Log - Screenshot Taken and attached to report
[INFO ] 2023-10-25 02:00:22.483 [main] Log - Screenshot Taken and attached to report
[INFO ] 2023-10-25 02:00:31.030 [main] Log - Screenshot Taken and attached to report
[INFO ] 2023-10-25 02:00:35.538 [main] Log - Screenshot Taken and attached to report
[INFO ] 2023-10-25 02:00:39.546 [main] Log - Test Passed : com.thtechops.qa.communityTag.testcases.T1_Community_tag_functionality._1_LogIn_HelpPortal
[INFO ] 2023-10-25 02:00:42.438 [main] Log - Test Started : com.thtechops.qa.communityTag.testcases.T1_Community_tag_functionality._2_community_tag_functionality
[INFO ] 2023-10-25 02:00:42.439 [main] Log - This message is from my own project
[INFO ] 2023-10-25 02:01:02.738 [main] Log - Screenshot Taken and attached to report
[INFO ] 2023-10-25 02:01:06.417 [main] Log - Screenshot Taken and attached to report
[INFO ] 2023-10-25 02:01:10.122 [main] Log - Screenshot Taken and attached to report
[INFO ] 2023-10-25 02:01:10.247 [main] Log - Test Passed : com.thtechops.qa.communityTag.testcases.T1_Community_tag_functionality._2_community_tag_functionality
[INFO ] 2023-10-25 02:01:10.850 [main] Log - Test Started : com.thtechops.qa.communityTag.testcases.T1_Community_tag_functionality.drm_verification
[INFO ] 2023-10-25 02:01:10.850 [main] Log - This message is from my own project
[INFO ] 2023-10-25 02:01:14.969 [main] Log - Navigated to URL
[INFO ] 2023-10-25 02:01:14.970 [main] Log - Go to Sandbox Login URL
[INFO ] 2023-10-25 02:01:15.095 [main] Log - Webelement clicked, cleared and text entered
[INFO ] 2023-10-25 02:01:15.096 [main] Log - Enter Sandbox Username
[INFO ] 2023-10-25 02:01:15.559 [main] Log - Screenshot Taken and attached to report
[INFO ] 2023-10-25 02:01:15.640 [main] Log - Webelement clicked, cleared and text entered
[INFO ] 2023-10-25 02:01:15.640 [main] Log - Enter Sandbox Password
[INFO ] 2023-10-25 02:01:16.612 [main] Log - Screenshot Taken and attached to report
[INFO ] 2023-10-25 02:01:26.512 [main] Log - Element clicked
[INFO ] 2023-10-25 02:01:26.512 [main] Log - Click on Login
[INFO ] 2023-10-25 02:01:26.999 [main] Log - Screenshot Taken and attached to report
[INFO ] 2023-10-25 02:01:42.430 [main] Log - Webelement clicked, cleared and text entered
[INFO ] 2023-10-25 02:01:46.010 [main] Log - Screenshot Taken and attached to report
[INFO ] 2023-10-25 02:01:55.596 [main] Log - Browser refreshed
[INFO ] 2023-10-25 02:02:00.664 [main] Log - Element clicked
[INFO ] 2023-10-25 02:02:06.276 [main] Log - Screenshot Taken and attached to report
[INFO ] 2023-10-25 02:02:06.278 [main] Log - Implicit wait completed for : 10
[ERROR] 2023-10-25 02:02:06.281 [main] Log - Element is not yet visibleBy.xpath: //div[@class='slds-icon-waffle']
[INFO ] 2023-10-25 02:02:06.320 [main] Log - Element clicked
[INFO ] 2023-10-25 02:02:08.144 [main] Log - Webelement clicked, cleared and text entered
[INFO ] 2023-10-25 02:02:12.190 [main] Log - Element clicked
[INFO ] 2023-10-25 02:02:13.550 [main] Log - Screenshot Taken and attached to report
[INFO ] 2023-10-25 02:02:18.826 [main] Log - Element clicked
[ERROR] 2023-10-25 02:02:25.005 [main] Log - Method Failed : verifyElementSize
[INFO ] 2023-10-25 02:02:25.512 [main] Log - Screenshot Taken and attached to report
[INFO ] 2023-10-25 02:02:26.014 [main] Log - Screenshot Taken and attached to report
[INFO ] 2023-10-25 02:02:26.537 [main] Log - Screenshot Taken and attached to report
[INFO ] 2023-10-25 02:02:29.542 [main] Log - Test Passed : com.thtechops.qa.communityTag.testcases.T1_Community_tag_functionality.drm_verification
[INFO ] 2023-10-25 02:02:30.115 [main] Log - Execution Finished
[INFO ] 2023-10-25 02:02:33.374 [main] Log - Suite FinishedCommunity Tag Test Suite
[INFO ] 2023-10-25 02:02:33.375 [main] Log - Execution Started
[INFO ] 2023-10-25 02:02:33.376 [main] Log - Suite FinishedSuite
[INFO ] 2023-10-25 10:57:13.706 [main] Log - Configuration file found at : ./src/main/resources/config.properties
[INFO ] 2023-10-25 10:57:13.770 [main] Log - Execution Started
[INFO ] 2023-10-25 10:57:13.793 [main] Log - Open the Browser
[INFO ] 2023-10-25 10:57:26.709 [main] Log - Browser Opened : chrome with headless mode : false
[INFO ] 2023-10-25 10:57:26.726 [main] Log - ChromeDriver: chrome on mac (3300ae6be8d5e606594ac0ae0ecadea0)
[INFO ] 2023-10-25 10:57:26.767 [main] Log - Configuration file found at : ./src/main/resources/config.properties
[INFO ] 2023-10-25 10:57:26.799 [main] Log - Test Started : com.thtechops.qa.communityTag.testcases.T1_Community_tag_functionality._1_LogIn_HelpPortal
[INFO ] 2023-10-25 10:57:26.799 [main] Log - This message is from my own project
[INFO ] 2023-10-25 10:57:27.213 [main] Log - Browser window maximised
[INFO ] 2023-10-25 10:57:32.038 [main] Log - Navigated to URL
[INFO ] 2023-10-25 10:57:32.043 [main] Log - Page Load completed for : 1000
[INFO ] 2023-10-25 10:57:32.050 [main] Log - Implicit wait completed for : 20
[INFO ] 2023-10-25 10:57:32.062 [main] Log - All Browser cookies deleted
[INFO ] 2023-10-25 10:57:42.843 [main] Log - Screenshot Taken and attached to report
[INFO ] 2023-10-25 10:57:52.238 [main] Log - Screenshot Taken and attached to report
[INFO ] 2023-10-25 10:57:56.568 [main] Log - Screenshot Taken and attached to report
[INFO ] 2023-10-25 10:57:58.393 [main] Log - Screenshot Taken and attached to report
[INFO ] 2023-10-25 10:57:59.836 [main] Log - Screenshot Taken and attached to report
[INFO ] 2023-10-25 10:58:09.825 [main] Log - Screenshot Taken and attached to report
[INFO ] 2023-10-25 10:58:15.222 [main] Log - Screenshot Taken and attached to report
[INFO ] 2023-10-25 10:58:29.034 [main] Log - Screenshot Taken and attached to report
[INFO ] 2023-10-25 10:58:30.350 [main] Log - Screenshot Taken and attached to report
[INFO ] 2023-10-25 10:58:31.668 [main] Log - Screenshot Taken and attached to report
[INFO ] 2023-10-25 10:58:38.925 [main] Log - Screenshot Taken and attached to report
[INFO ] 2023-10-25 10:58:44.241 [main] Log - Screenshot Taken and attached to report
[INFO ] 2023-10-25 10:58:49.503 [main] Log - Screenshot Taken and attached to report
[INFO ] 2023-10-25 10:58:58.717 [main] Log - Screenshot Taken and attached to report
[INFO ] 2023-10-25 10:59:08.396 [main] Log - Method Passed : verifyBooleanCondition
[INFO ] 2023-10-25 10:59:08.965 [main] Log - Screenshot Taken and attached to report
[INFO ] 2023-10-25 10:59:13.969 [main] Log - Test Passed : com.thtechops.qa.communityTag.testcases.T1_Community_tag_functionality._1_LogIn_HelpPortal
[INFO ] 2023-10-25 10:59:14.593 [main] Log - Test Started : com.thtechops.qa.communityTag.testcases.T1_Community_tag_functionality._2_community_tag_functionality
[INFO ] 2023-10-25 10:59:14.593 [main] Log - This message is from my own project
[INFO ] 2023-10-25 10:59:31.688 [main] Log - Screenshot Taken and attached to report
[INFO ] 2023-10-25 10:59:35.329 [main] Log - Screenshot Taken and attached to report
[INFO ] 2023-10-25 10:59:39.038 [main] Log - Screenshot Taken and attached to report
[INFO ] 2023-10-25 10:59:39.154 [main] Log - Test Passed : com.thtechops.qa.communityTag.testcases.T1_Community_tag_functionality._2_community_tag_functionality
[INFO ] 2023-10-25 10:59:39.748 [main] Log - Test Started : com.thtechops.qa.communityTag.testcases.T1_Community_tag_functionality.drm_verification
[INFO ] 2023-10-25 10:59:39.748 [main] Log - This message is from my own project
[INFO ] 2023-10-25 10:59:44.943 [main] Log - Navigated to URL
[INFO ] 2023-10-25 10:59:44.943 [main] Log - Go to Sandbox Login URL
[INFO ] 2023-10-25 10:59:45.083 [main] Log - Webelement clicked, cleared and text entered
[INFO ] 2023-10-25 10:59:45.083 [main] Log - Enter Sandbox Username
[INFO ] 2023-10-25 10:59:45.554 [main] Log - Screenshot Taken and attached to report
[INFO ] 2023-10-25 10:59:46.333 [main] Log - Webelement clicked, cleared and text entered
[INFO ] 2023-10-25 10:59:46.333 [main] Log - Enter Sandbox Password
[INFO ] 2023-10-25 10:59:46.850 [main] Log - Screenshot Taken and attached to report
[INFO ] 2023-10-25 10:59:57.245 [main] Log - Element clicked
[INFO ] 2023-10-25 10:59:57.245 [main] Log - Click on Login
[INFO ] 2023-10-25 10:59:57.733 [main] Log - Screenshot Taken and attached to report
[INFO ] 2023-10-25 11:00:13.182 [main] Log - Webelement clicked, cleared and text entered
[INFO ] 2023-10-25 11:00:16.817 [main] Log - Screenshot Taken and attached to report
[INFO ] 2023-10-25 11:00:26.112 [main] Log - Browser refreshed
[INFO ] 2023-10-25 11:00:31.182 [main] Log - Element clicked
[INFO ] 2023-10-25 11:00:36.854 [main] Log - Screenshot Taken and attached to report
[INFO ] 2023-10-25 11:00:36.856 [main] Log - Implicit wait completed for : 10
[ERROR] 2023-10-25 11:00:36.859 [main] Log - Element is not yet visibleBy.xpath: //div[@class='slds-icon-waffle']
[INFO ] 2023-10-25 11:00:36.920 [main] Log - Element clicked
[INFO ] 2023-10-25 11:00:38.660 [main] Log - Webelement clicked, cleared and text entered
[INFO ] 2023-10-25 11:00:42.691 [main] Log - Element clicked
[INFO ] 2023-10-25 11:00:43.197 [main] Log - Screenshot Taken and attached to report
[INFO ] 2023-10-25 11:00:49.003 [main] Log - Element clicked
[INFO ] 2023-10-25 11:00:55.173 [main] Log - Method Passed : verifyElementSize
[INFO ] 2023-10-25 11:00:55.679 [main] Log - Screenshot Taken and attached to report
[INFO ] 2023-10-25 11:00:56.167 [main] Log - Screenshot Taken and attached to report
[INFO ] 2023-10-25 11:00:59.172 [main] Log - Test Passed : com.thtechops.qa.communityTag.testcases.T1_Community_tag_functionality.drm_verification
[INFO ] 2023-10-25 11:00:59.667 [main] Log - Execution Finished
[INFO ] 2023-10-25 11:01:00.076 [main] Log - Driver Closed
[INFO ] 2023-10-25 11:01:00.078 [main] Log - Suite FinishedCommunity Tag Test Suite
[INFO ] 2023-10-25 11:01:00.081 [main] Log - Execution Started
[INFO ] 2023-10-25 11:01:00.083 [main] Log - Suite FinishedSuite
[INFO ] 2023-10-25 11:07:35.080 [main] Log - Configuration file found at : ./src/main/resources/config.properties
[INFO ] 2023-10-25 11:07:35.131 [main] Log - Execution Started
[INFO ] 2023-10-25 11:07:35.151 [main] Log - Open the Browser
[INFO ] 2023-10-25 11:07:37.402 [main] Log - Browser Opened : chrome with headless mode : false
[INFO ] 2023-10-25 11:07:37.419 [main] Log - ChromeDriver: chrome on mac (6092bb1a0752f7a69049472a590a9d7f)
[INFO ] 2023-10-25 11:07:37.531 [main] Log - Configuration file found at : ./src/main/resources/config.properties
[INFO ] 2023-10-25 11:07:37.556 [main] Log - Test Started : com.thtechops.qa.AddTohireme.testcases.T1_Add_to_Hire_Me_functionality.navigateToUrl
[INFO ] 2023-10-25 11:07:37.557 [main] Log - This message is from my own project
[INFO ] 2023-10-25 11:07:37.977 [main] Log - Browser window maximised
[INFO ] 2023-10-25 11:07:37.977 [main] Log - Navigation to URL
[INFO ] 2023-10-25 11:07:41.957 [main] Log - Navigated to URL
[INFO ] 2023-10-25 11:07:41.961 [main] Log - Page Load completed for : 1000
[INFO ] 2023-10-25 11:07:41.961 [main] Log - Navigated to Url : https://stg.trailhead.sfdc.sh/
[INFO ] 2023-10-25 11:07:41.965 [main] Log - Implicit wait completed for : 20
[INFO ] 2023-10-25 11:07:41.974 [main] Log - All Browser cookies deleted
[INFO ] 2023-10-25 11:07:41.975 [main] Log - Test Passed : com.thtechops.qa.AddTohireme.testcases.T1_Add_to_Hire_Me_functionality.navigateToUrl
[INFO ] 2023-10-25 11:07:42.735 [main] Log - Test Started : com.thtechops.qa.AddTohireme.testcases.T1_Add_to_Hire_Me_functionality._1_LogIn_HelpPortal
[INFO ] 2023-10-25 11:07:42.735 [main] Log - This message is from my own project
[INFO ] 2023-10-25 11:07:42.735 [main] Log - This Method is to Login on Help Portal and Redirection to Category Page
[INFO ] 2023-10-25 11:07:55.677 [main] Log - Screenshot Taken and attached to report
[INFO ] 2023-10-25 11:08:02.832 [main] Log - Screenshot Taken and attached to report
[INFO ] 2023-10-25 11:08:07.194 [main] Log - Screenshot Taken and attached to report
[INFO ] 2023-10-25 11:08:15.673 [main] Log - Screenshot Taken and attached to report
[INFO ] 2023-10-25 11:08:20.206 [main] Log - Screenshot Taken and attached to report
[INFO ] 2023-10-25 11:08:24.211 [main] Log - Test Passed : com.thtechops.qa.AddTohireme.testcases.T1_Add_to_Hire_Me_functionality._1_LogIn_HelpPortal
[INFO ] 2023-10-25 11:08:28.063 [main] Log - Test Started : com.thtechops.qa.AddTohireme.testcases.T1_Add_to_Hire_Me_functionality._2_add_hire_me_functionality
[INFO ] 2023-10-25 11:08:28.063 [main] Log - This message is from my own project
[INFO ] 2023-10-25 11:08:33.985 [main] Log - Browser refreshed
[INFO ] 2023-10-25 11:09:06.858 [main] Log - current url fetched https://www-uat1.salesforce.com/trailblazer/profile
[ERROR] 2023-10-25 11:09:06.868 [main] Log - Method Failed : verifyText
[INFO ] 2023-10-25 11:09:07.533 [main] Log - Screenshot Taken and attached to report
[INFO ] 2023-10-25 11:09:27.577 [main] Log - Test Failed : com.thtechops.qa.AddTohireme.testcases.T1_Add_to_Hire_Me_functionality._2_add_hire_me_functionality
[INFO ] 2023-10-25 11:09:28.235 [main] Log - Driver Closed
[INFO ] 2023-10-25 11:09:28.236 [main] Log - Execution Finished
[INFO ] 2023-10-25 11:09:28.556 [main] Log - Suite FinishedHire Me Test Suite
[INFO ] 2023-10-25 11:09:28.558 [main] Log - Execution Started
[INFO ] 2023-10-25 11:09:28.560 [main] Log - Suite FinishedSuite
[INFO ] 2023-10-25 16:19:58.057 [main] Log - Configuration file found at : ./src/main/resources/config.properties
[INFO ] 2023-10-25 16:19:58.155 [main] Log - Execution Started
[INFO ] 2023-10-25 16:19:58.187 [main] Log - Open the Browser
[INFO ] 2023-10-25 16:20:00.667 [main] Log - Browser Opened : chrome with headless mode : false
[INFO ] 2023-10-25 16:20:00.678 [main] Log - ChromeDriver: chrome on mac (ba1d33d3f005cf89a140c08aa940d39d)
[INFO ] 2023-10-25 16:20:00.805 [main] Log - Configuration file found at : ./src/main/resources/config.properties
[INFO ] 2023-10-25 16:20:00.819 [main] Log - Test Started : com.thtechops.qa.AddTohireme.testcases.T1_Add_to_Hire_Me_functionality.navigateToUrl
[INFO ] 2023-10-25 16:20:00.819 [main] Log - This message is from my own project
[INFO ] 2023-10-25 16:20:01.241 [main] Log - Browser window maximised
[INFO ] 2023-10-25 16:20:01.241 [main] Log - Navigation to URL
[INFO ] 2023-10-25 16:20:05.102 [main] Log - Navigated to URL
[INFO ] 2023-10-25 16:20:05.108 [main] Log - Page Load completed for : 1000
[INFO ] 2023-10-25 16:20:05.108 [main] Log - Navigated to Url : https://stg.trailhead.sfdc.sh/
[INFO ] 2023-10-25 16:20:05.112 [main] Log - Implicit wait completed for : 20
[INFO ] 2023-10-25 16:20:05.124 [main] Log - All Browser cookies deleted
[INFO ] 2023-10-25 16:20:05.125 [main] Log - Test Passed : com.thtechops.qa.AddTohireme.testcases.T1_Add_to_Hire_Me_functionality.navigateToUrl
[INFO ] 2023-10-25 16:20:05.969 [main] Log - Test Started : com.thtechops.qa.AddTohireme.testcases.T1_Add_to_Hire_Me_functionality._1_LogIn_HelpPortal
[INFO ] 2023-10-25 16:20:05.969 [main] Log - This message is from my own project
[INFO ] 2023-10-25 16:20:05.969 [main] Log - This Method is to Login on Help Portal and Redirection to Category Page
[INFO ] 2023-10-25 16:20:18.917 [main] Log - Screenshot Taken and attached to report
[INFO ] 2023-10-25 16:20:25.555 [main] Log - Screenshot Taken and attached to report
[INFO ] 2023-10-25 16:20:29.967 [main] Log - Screenshot Taken and attached to report
[INFO ] 2023-10-25 16:20:38.834 [main] Log - Screenshot Taken and attached to report
[INFO ] 2023-10-25 16:20:43.359 [main] Log - Screenshot Taken and attached to report
[INFO ] 2023-10-25 16:20:47.366 [main] Log - Test Passed : com.thtechops.qa.AddTohireme.testcases.T1_Add_to_Hire_Me_functionality._1_LogIn_HelpPortal
[INFO ] 2023-10-25 16:20:49.287 [main] Log - Test Started : com.thtechops.qa.AddTohireme.testcases.T1_Add_to_Hire_Me_functionality._2_add_hire_me_functionality
[INFO ] 2023-10-25 16:20:49.288 [main] Log - This message is from my own project
[INFO ] 2023-10-25 16:20:55.404 [main] Log - Browser refreshed
[INFO ] 2023-10-25 16:21:31.391 [main] Log - current url fetched https://www-uat1.salesforce.com/trailblazer/profile
[ERROR] 2023-10-25 16:21:31.400 [main] Log - Method Failed : verifyText
[INFO ] 2023-10-25 16:21:32.039 [main] Log - Screenshot Taken and attached to report
[INFO ] 2023-10-25 16:22:18.173 [main] Log - Configuration file found at : ./src/main/resources/config.properties
[INFO ] 2023-10-25 16:22:18.228 [main] Log - Execution Started
[INFO ] 2023-10-25 16:22:18.253 [main] Log - Open the Browser
[INFO ] 2023-10-25 16:22:20.574 [main] Log - Browser Opened : chrome with headless mode : false
[INFO ] 2023-10-25 16:22:20.580 [main] Log - ChromeDriver: chrome on mac (1e6b1c72185795fb3c31f58949766b6c)
[INFO ] 2023-10-25 16:22:20.613 [main] Log - Configuration file found at : ./src/main/resources/config.properties
[INFO ] 2023-10-25 16:22:20.649 [main] Log - Test Started : com.thtechops.qa.automation.testClasses.Connect_disconnect_An_Account.navigateToUrl
[INFO ] 2023-10-25 16:22:20.658 [main] Log - This message is from my own project
[INFO ] 2023-10-25 16:22:21.078 [main] Log - Browser window maximised
[INFO ] 2023-10-25 16:22:21.078 [main] Log - Navigation to URL
[INFO ] 2023-10-25 16:22:26.026 [main] Log - Navigated to URL
[INFO ] 2023-10-25 16:22:26.031 [main] Log - Page Load completed for : 1000
[INFO ] 2023-10-25 16:22:26.031 [main] Log - Navigated to Url : https://stg.trailhead.sfdc.sh/
[INFO ] 2023-10-25 16:22:26.036 [main] Log - Implicit wait completed for : 20
[INFO ] 2023-10-25 16:22:26.049 [main] Log - All Browser cookies deleted
[INFO ] 2023-10-25 16:22:26.972 [main] Log - Screenshot Taken and attached to report
[INFO ] 2023-10-25 16:22:35.766 [main] Log - Screenshot Taken and attached to report
[INFO ] 2023-10-25 16:22:40.186 [main] Log - Screenshot Taken and attached to report
[INFO ] 2023-10-25 16:22:41.837 [main] Log - Screenshot Taken and attached to report
[INFO ] 2023-10-25 16:22:43.354 [main] Log - Screenshot Taken and attached to report
[INFO ] 2023-10-25 16:22:53.122 [main] Log - Screenshot Taken and attached to report
[INFO ] 2023-10-25 16:22:58.528 [main] Log - Screenshot Taken and attached to report
[INFO ] 2023-10-25 16:23:11.896 [main] Log - Screenshot Taken and attached to report
[INFO ] 2023-10-25 16:23:13.195 [main] Log - Screenshot Taken and attached to report
[INFO ] 2023-10-25 16:23:14.499 [main] Log - Screenshot Taken and attached to report
[INFO ] 2023-10-25 16:23:21.811 [main] Log - Screenshot Taken and attached to report
[INFO ] 2023-10-25 16:23:27.205 [main] Log - Screenshot Taken and attached to report
[INFO ] 2023-10-25 16:23:32.543 [main] Log - Screenshot Taken and attached to report
[INFO ] 2023-10-25 16:23:41.860 [main] Log - Screenshot Taken and attached to report
[INFO ] 2023-10-25 16:23:53.101 [main] Log - Method Passed : verifyBooleanCondition
[INFO ] 2023-10-25 16:23:53.683 [main] Log - Screenshot Taken and attached to report
[INFO ] 2023-10-25 16:23:58.689 [main] Log - Test Passed : com.thtechops.qa.automation.testClasses.Connect_disconnect_An_Account.navigateToUrl
[INFO ] 2023-10-25 16:23:59.348 [main] Log - Test Started : com.thtechops.qa.automation.testClasses.Connect_disconnect_An_Account.test_connect_disconnect_account
[INFO ] 2023-10-25 16:23:59.349 [main] Log - This message is from my own project
[INFO ] 2023-10-25 16:24:17.443 [main] Log - Screenshot Taken and attached to report
[INFO ] 2023-10-25 16:24:23.143 [main] Log - Screenshot Taken and attached to report
[INFO ] 2023-10-25 16:24:23.762 [main] Log - Screenshot Taken and attached to report
[INFO ] 2023-10-25 16:24:40.336 [main] Log - Screenshot Taken and attached to report
[ERROR] 2023-10-25 16:24:53.399 [main] Log - Method Failed : verifyText
[INFO ] 2023-10-25 16:24:53.400 [main] Log - Test Passed : com.thtechops.qa.automation.testClasses.Connect_disconnect_An_Account.test_connect_disconnect_account
[INFO ] 2023-10-25 16:24:53.874 [main] Log - Test Started : com.thtechops.qa.automation.testClasses.Connect_disconnect_An_Account.drm_verification
[INFO ] 2023-10-25 16:24:53.874 [main] Log - This message is from my own project
[INFO ] 2023-10-25 16:24:58.331 [main] Log - Navigated to URL
[INFO ] 2023-10-25 16:24:58.331 [main] Log - Go to Sandbox Login URL
[INFO ] 2023-10-25 16:24:58.485 [main] Log - Webelement clicked, cleared and text entered
[INFO ] 2023-10-25 16:24:58.485 [main] Log - Enter Sandbox Username
[INFO ] 2023-10-25 16:24:59.000 [main] Log - Screenshot Taken and attached to report
[INFO ] 2023-10-25 16:24:59.921 [main] Log - Webelement clicked, cleared and text entered
[INFO ] 2023-10-25 16:24:59.921 [main] Log - Enter Sandbox Password
[INFO ] 2023-10-25 16:25:00.631 [main] Log - Screenshot Taken and attached to report
[INFO ] 2023-10-25 16:25:10.636 [main] Log - Element clicked
[INFO ] 2023-10-25 16:25:10.636 [main] Log - Click on Login
[INFO ] 2023-10-25 16:25:11.144 [main] Log - Screenshot Taken and attached to report
[INFO ] 2023-10-25 16:25:26.600 [main] Log - Webelement clicked, cleared and text entered
[INFO ] 2023-10-25 16:25:30.233 [main] Log - Screenshot Taken and attached to report
[INFO ] 2023-10-25 16:25:38.919 [main] Log - Screenshot Taken and attached to report
[INFO ] 2023-10-25 16:25:39.842 [main] Log - Browser refreshed
[INFO ] 2023-10-25 16:25:44.934 [main] Log - Element clicked
[INFO ] 2023-10-25 16:25:55.010 [main] Log - Element clicked
[INFO ] 2023-10-25 16:25:55.539 [main] Log - Screenshot Taken and attached to report
[INFO ] 2023-10-25 16:25:56.150 [main] Log - Screenshot Taken and attached to report
[INFO ] 2023-10-25 16:25:56.219 [main] Log - Method Passed : verifyText
[INFO ] 2023-10-25 16:25:56.723 [main] Log - Screenshot Taken and attached to report
[INFO ] 2023-10-25 16:25:56.751 [main] Log - Method Passed : verifyText
[INFO ] 2023-10-25 16:25:57.278 [main] Log - Screenshot Taken and attached to report
[INFO ] 2023-10-25 16:25:57.837 [main] Log - Screenshot Taken and attached to report
[INFO ] 2023-10-25 16:26:08.294 [main] Log - Webelement clicked, cleared and text entered
[INFO ] 2023-10-25 16:26:11.862 [main] Log - Screenshot Taken and attached to report
[INFO ] 2023-10-25 16:26:14.893 [main] Log - Method Passed : verifyBooleanCondition
[INFO ] 2023-10-25 16:26:15.421 [main] Log - Screenshot Taken and attached to report
[INFO ] 2023-10-25 16:26:15.433 [main] Log - Test Passed : com.thtechops.qa.automation.testClasses.Connect_disconnect_An_Account.drm_verification
[INFO ] 2023-10-25 16:26:15.930 [main] Log - Test Started : com.thtechops.qa.automation.testClasses.Connect_disconnect_An_Account.disconnect_the_contact
[INFO ] 2023-10-25 16:26:15.931 [main] Log - This message is from my own project
[INFO ] 2023-10-25 16:26:20.003 [main] Log - Browser refreshed
[INFO ] 2023-10-25 16:26:27.188 [main] Log - Test Failed : com.thtechops.qa.automation.testClasses.Connect_disconnect_An_Account.disconnect_the_contact
[INFO ] 2023-10-25 16:26:27.689 [main] Log - Execution Finished
[INFO ] 2023-10-25 16:26:27.976 [main] Log - Suite FinishedConnect Disconnect Test Suite
[INFO ] 2023-10-25 16:26:27.978 [main] Log - Execution Started
[INFO ] 2023-10-25 16:26:27.979 [main] Log - Suite FinishedSuite
[INFO ] 2023-10-25 16:56:15.785 [main] Log - Configuration file found at : ./src/main/resources/config.properties
[INFO ] 2023-10-25 16:56:15.836 [main] Log - Execution Started
[INFO ] 2023-10-25 16:56:15.854 [main] Log - Open the Browser
[INFO ] 2023-10-25 16:56:18.188 [main] Log - Browser Opened : chrome with headless mode : false
[INFO ] 2023-10-25 16:56:18.196 [main] Log - ChromeDriver: chrome on mac (59e57ab34e41c7167935b5300a199c36)
[INFO ] 2023-10-25 16:56:18.231 [main] Log - Configuration file found at : ./src/main/resources/config.properties
[INFO ] 2023-10-25 16:56:18.264 [main] Log - Test Started : com.thtechops.qa.automation.testClasses.Connect_disconnect_An_Account.navigateToUrl
[INFO ] 2023-10-25 16:56:18.273 [main] Log - This message is from my own project
[INFO ] 2023-10-25 16:56:18.690 [main] Log - Browser window maximised
[INFO ] 2023-10-25 16:56:18.690 [main] Log - Navigation to URL
[INFO ] 2023-10-25 16:56:21.960 [main] Log - Navigated to URL
[INFO ] 2023-10-25 16:56:21.964 [main] Log - Page Load completed for : 1000
[INFO ] 2023-10-25 16:56:21.965 [main] Log - Navigated to Url : https://stg.trailhead.sfdc.sh/
[INFO ] 2023-10-25 16:56:21.969 [main] Log - Implicit wait completed for : 20
[INFO ] 2023-10-25 16:56:21.988 [main] Log - All Browser cookies deleted
[INFO ] 2023-10-25 16:56:22.738 [main] Log - Screenshot Taken and attached to report
[INFO ] 2023-10-25 16:56:31.527 [main] Log - Screenshot Taken and attached to report
[INFO ] 2023-10-25 16:56:35.889 [main] Log - Screenshot Taken and attached to report
[INFO ] 2023-10-25 16:56:43.881 [main] Log - Screenshot Taken and attached to report
[INFO ] 2023-10-25 16:56:45.393 [main] Log - Screenshot Taken and attached to report
[INFO ] 2023-10-25 16:56:54.932 [main] Log - Screenshot Taken and attached to report
[INFO ] 2023-10-25 16:57:00.387 [main] Log - Screenshot Taken and attached to report
[INFO ] 2023-10-25 16:57:12.747 [main] Log - Screenshot Taken and attached to report
[INFO ] 2023-10-25 16:57:14.041 [main] Log - Screenshot Taken and attached to report
[INFO ] 2023-10-25 16:57:15.317 [main] Log - Screenshot Taken and attached to report
[INFO ] 2023-10-25 16:57:22.637 [main] Log - Screenshot Taken and attached to report
[INFO ] 2023-10-25 16:57:28.024 [main] Log - Screenshot Taken and attached to report
[INFO ] 2023-10-25 16:57:33.331 [main] Log - Screenshot Taken and attached to report
[INFO ] 2023-10-25 16:57:42.586 [main] Log - Screenshot Taken and attached to report
[INFO ] 2023-10-25 16:57:52.890 [main] Log - Method Passed : verifyBooleanCondition
[INFO ] 2023-10-25 16:57:53.460 [main] Log - Screenshot Taken and attached to report
[INFO ] 2023-10-25 16:57:58.469 [main] Log - Test Passed : com.thtechops.qa.automation.testClasses.Connect_disconnect_An_Account.navigateToUrl
[INFO ] 2023-10-25 16:57:59.081 [main] Log - Test Started : com.thtechops.qa.automation.testClasses.Connect_disconnect_An_Account.test_connect_disconnect_account
[INFO ] 2023-10-25 16:57:59.081 [main] Log - This message is from my own project
[INFO ] 2023-10-25 16:58:16.003 [main] Log - Screenshot Taken and attached to report
[INFO ] 2023-10-25 16:58:21.668 [main] Log - Screenshot Taken and attached to report
[INFO ] 2023-10-25 16:58:22.258 [main] Log - Screenshot Taken and attached to report
[INFO ] 2023-10-25 16:58:38.844 [main] Log - Screenshot Taken and attached to report
[ERROR] 2023-10-25 16:58:52.481 [main] Log - Method Failed : verifyText
[INFO ] 2023-10-25 16:58:52.482 [main] Log - Test Passed : com.thtechops.qa.automation.testClasses.Connect_disconnect_An_Account.test_connect_disconnect_account
[INFO ] 2023-10-25 16:58:52.921 [main] Log - Test Started : com.thtechops.qa.automation.testClasses.Connect_disconnect_An_Account.drm_verification
[INFO ] 2023-10-25 16:58:52.921 [main] Log - This message is from my own project
[INFO ] 2023-10-25 16:58:57.331 [main] Log - Navigated to URL
[INFO ] 2023-10-25 16:58:57.332 [main] Log - Go to Sandbox Login URL
[INFO ] 2023-10-25 16:58:57.471 [main] Log - Webelement clicked, cleared and text entered
[INFO ] 2023-10-25 16:58:57.471 [main] Log - Enter Sandbox Username
[INFO ] 2023-10-25 16:58:57.942 [main] Log - Screenshot Taken and attached to report
[INFO ] 2023-10-25 16:58:58.781 [main] Log - Webelement clicked, cleared and text entered
[INFO ] 2023-10-25 16:58:58.781 [main] Log - Enter Sandbox Password
[INFO ] 2023-10-25 16:58:59.444 [main] Log - Screenshot Taken and attached to report
[INFO ] 2023-10-25 16:59:09.209 [main] Log - Element clicked
[INFO ] 2023-10-25 16:59:09.210 [main] Log - Click on Login
[INFO ] 2023-10-25 16:59:09.714 [main] Log - Screenshot Taken and attached to report
[INFO ] 2023-10-25 16:59:25.165 [main] Log - Webelement clicked, cleared and text entered
[INFO ] 2023-10-25 16:59:28.763 [main] Log - Screenshot Taken and attached to report
[INFO ] 2023-10-25 16:59:38.126 [main] Log - Screenshot Taken and attached to report
[INFO ] 2023-10-25 16:59:39.752 [main] Log - Browser refreshed
[INFO ] 2023-10-25 16:59:44.800 [main] Log - Element clicked
[INFO ] 2023-10-25 16:59:54.907 [main] Log - Element clicked
[INFO ] 2023-10-25 16:59:55.412 [main] Log - Screenshot Taken and attached to report
[INFO ] 2023-10-25 16:59:55.943 [main] Log - Screenshot Taken and attached to report
[INFO ] 2023-10-25 16:59:55.970 [main] Log - Method Passed : verifyText
[INFO ] 2023-10-25 16:59:56.472 [main] Log - Screenshot Taken and attached to report
[INFO ] 2023-10-25 16:59:56.500 [main] Log - Method Passed : verifyText
[INFO ] 2023-10-25 16:59:57.005 [main] Log - Screenshot Taken and attached to report
[INFO ] 2023-10-25 16:59:57.521 [main] Log - Screenshot Taken and attached to report
[INFO ] 2023-10-25 17:00:07.989 [main] Log - Webelement clicked, cleared and text entered
[INFO ] 2023-10-25 17:00:11.540 [main] Log - Screenshot Taken and attached to report
[INFO ] 2023-10-25 17:00:14.572 [main] Log - Method Passed : verifyBooleanCondition
[INFO ] 2023-10-25 17:00:15.107 [main] Log - Screenshot Taken and attached to report
[INFO ] 2023-10-25 17:00:15.118 [main] Log - Test Passed : com.thtechops.qa.automation.testClasses.Connect_disconnect_An_Account.drm_verification
[INFO ] 2023-10-25 17:00:15.613 [main] Log - Test Started : com.thtechops.qa.automation.testClasses.Connect_disconnect_An_Account.disconnect_the_contact
[INFO ] 2023-10-25 17:00:15.614 [main] Log - This message is from my own project
[INFO ] 2023-10-25 17:00:20.001 [main] Log - Browser refreshed
[INFO ] 2023-10-25 17:00:41.657 [main] Log - Webelement clicked, cleared and text entered
[INFO ] 2023-10-25 17:00:45.226 [main] Log - Screenshot Taken and attached to report
[INFO ] 2023-10-25 17:00:54.102 [main] Log - Screenshot Taken and attached to report
[INFO ] 2023-10-25 17:00:55.110 [main] Log - Browser refreshed
[INFO ] 2023-10-25 17:01:00.169 [main] Log - Element clicked
[INFO ] 2023-10-25 17:01:10.272 [main] Log - Element clicked
[INFO ] 2023-10-25 17:01:10.796 [main] Log - Screenshot Taken and attached to report
[INFO ] 2023-10-25 17:01:11.319 [main] Log - Screenshot Taken and attached to report
[INFO ] 2023-10-25 17:01:11.346 [main] Log - Method Passed : verifyText
[INFO ] 2023-10-25 17:01:11.819 [main] Log - Screenshot Taken and attached to report
[INFO ] 2023-10-25 17:01:11.845 [main] Log - Method Passed : verifyText
[INFO ] 2023-10-25 17:01:12.346 [main] Log - Screenshot Taken and attached to report
[INFO ] 2023-10-25 17:01:12.854 [main] Log - Screenshot Taken and attached to report
[INFO ] 2023-10-25 17:01:23.422 [main] Log - Webelement clicked, cleared and text entered
[INFO ] 2023-10-25 17:01:26.940 [main] Log - Screenshot Taken and attached to report
[INFO ] 2023-10-25 17:01:29.981 [main] Log - Method Passed : verifyBooleanCondition
[INFO ] 2023-10-25 17:01:30.504 [main] Log - Screenshot Taken and attached to report
[INFO ] 2023-10-25 17:01:30.505 [main] Log - Test Passed : com.thtechops.qa.automation.testClasses.Connect_disconnect_An_Account.disconnect_the_contact
[INFO ] 2023-10-25 17:01:31.008 [main] Log - Execution Finished
[INFO ] 2023-10-25 17:01:31.381 [main] Log - Suite FinishedConnect Disconnect Test Suite
[INFO ] 2023-10-25 17:01:31.383 [main] Log - Execution Started
[INFO ] 2023-10-25 17:01:31.384 [main] Log - Suite FinishedSuite
[INFO ] 2023-10-25 17:09:46.503 [main] Log - Configuration file found at : ./src/main/resources/config.properties
[INFO ] 2023-10-25 17:09:46.557 [main] Log - Configuration file found at : ./src/main/resources/config.properties
[INFO ] 2023-10-25 17:09:46.568 [main] Log - Configuration file found at : ./src/main/resources/config.properties
[INFO ] 2023-10-25 17:09:46.578 [main] Log - Execution Started
[INFO ] 2023-10-25 17:09:46.597 [main] Log - Open the Browser
[INFO ] 2023-10-25 17:09:48.836 [main] Log - Browser Opened : chrome with headless mode : false
[INFO ] 2023-10-25 17:09:48.853 [main] Log - ChromeDriver: chrome on mac (280c3acb090419b80a9e31eae7f6420a)
[INFO ] 2023-10-25 17:09:48.888 [main] Log - Configuration file found at : ./src/main/resources/config.properties
[INFO ] 2023-10-25 17:09:48.918 [main] Log - Test Started : com.thtechops.qa.communityTag.testcases.T1_Community_tag_functionality._1_LogIn_HelpPortal
[INFO ] 2023-10-25 17:09:48.931 [main] Log - This message is from my own project
[INFO ] 2023-10-25 17:09:49.359 [main] Log - Browser window maximised
[INFO ] 2023-10-25 17:13:50.599 [main] Log - Configuration file found at : ./src/main/resources/config.properties
[INFO ] 2023-10-25 17:13:50.649 [main] Log - Configuration file found at : ./src/main/resources/config.properties
[INFO ] 2023-10-25 17:13:50.659 [main] Log - Configuration file found at : ./src/main/resources/config.properties
[INFO ] 2023-10-25 17:13:50.668 [main] Log - Execution Started
[INFO ] 2023-10-25 17:13:50.687 [main] Log - Open the Browser
[INFO ] 2023-10-25 17:13:53.141 [main] Log - Browser Opened : chrome with headless mode : false
[INFO ] 2023-10-25 17:13:53.158 [main] Log - ChromeDriver: chrome on mac (6ec32410dab22bac2196e96be8fd1b84)
[INFO ] 2023-10-25 17:13:53.186 [main] Log - Configuration file found at : ./src/main/resources/config.properties
[INFO ] 2023-10-25 17:13:53.234 [main] Log - Test Started : com.thtechops.qa.communityTag.testcases.T1_Community_tag_functionality._1_LogIn_HelpPortal
[INFO ] 2023-10-25 17:13:53.234 [main] Log - This message is from my own project
[INFO ] 2023-10-25 17:13:53.656 [main] Log - Browser window maximised
[INFO ] 2023-10-25 17:13:59.210 [main] Log - Navigated to URL
[INFO ] 2023-10-25 17:13:59.218 [main] Log - Page Load completed for : 1000
[INFO ] 2023-10-25 17:13:59.224 [main] Log - Implicit wait completed for : 20
[INFO ] 2023-10-25 17:13:59.240 [main] Log - All Browser cookies deleted
[INFO ] 2023-10-25 17:14:10.010 [main] Log - Screenshot Taken and attached to report
[INFO ] 2023-10-25 17:14:19.756 [main] Log - Screenshot Taken and attached to report
[INFO ] 2023-10-25 17:14:24.144 [main] Log - Screenshot Taken and attached to report
[INFO ] 2023-10-25 17:14:32.253 [main] Log - Screenshot Taken and attached to report
[INFO ] 2023-10-25 17:14:33.730 [main] Log - Screenshot Taken and attached to report
[INFO ] 2023-10-25 17:14:43.614 [main] Log - Screenshot Taken and attached to report
[INFO ] 2023-10-25 17:15:01.501 [main] Log - Screenshot Taken and attached to report
[INFO ] 2023-10-25 17:15:08.816 [main] Log - Screenshot Taken and attached to report
[INFO ] 2023-10-25 17:15:10.134 [main] Log - Screenshot Taken and attached to report
[INFO ] 2023-10-25 17:15:11.431 [main] Log - Screenshot Taken and attached to report
[INFO ] 2023-10-25 17:15:18.710 [main] Log - Screenshot Taken and attached to report
[INFO ] 2023-10-25 17:15:24.001 [main] Log - Screenshot Taken and attached to report
[INFO ] 2023-10-25 17:15:29.319 [main] Log - Screenshot Taken and attached to report
[INFO ] 2023-10-25 17:15:38.539 [main] Log - Screenshot Taken and attached to report
[INFO ] 2023-10-25 17:15:49.656 [main] Log - Method Passed : verifyBooleanCondition
[INFO ] 2023-10-25 17:15:50.263 [main] Log - Screenshot Taken and attached to report
[INFO ] 2023-10-25 17:15:55.270 [main] Log - Test Passed : com.thtechops.qa.communityTag.testcases.T1_Community_tag_functionality._1_LogIn_HelpPortal
[INFO ] 2023-10-25 17:15:55.969 [main] Log - Test Started : com.thtechops.qa.communityTag.testcases.T1_Community_tag_functionality._2_community_tag_functionality
[INFO ] 2023-10-25 17:15:55.970 [main] Log - This message is from my own project
[INFO ] 2023-10-25 17:16:12.596 [main] Log - Screenshot Taken and attached to report
[INFO ] 2023-10-25 17:16:16.251 [main] Log - Screenshot Taken and attached to report
[INFO ] 2023-10-25 17:16:19.961 [main] Log - Screenshot Taken and attached to report
[INFO ] 2023-10-25 17:16:20.084 [main] Log - Test Passed : com.thtechops.qa.communityTag.testcases.T1_Community_tag_functionality._2_community_tag_functionality
[INFO ] 2023-10-25 17:16:20.678 [main] Log - Test Started : com.thtechops.qa.communityTag.testcases.T1_Community_tag_functionality.drm_verification
[INFO ] 2023-10-25 17:16:20.678 [main] Log - This message is from my own project
[INFO ] 2023-10-25 17:16:24.862 [main] Log - Navigated to URL
[INFO ] 2023-10-25 17:16:24.862 [main] Log - Go to Sandbox Login URL
[INFO ] 2023-10-25 17:16:24.995 [main] Log - Webelement clicked, cleared and text entered
[INFO ] 2023-10-25 17:16:24.995 [main] Log - Enter Sandbox Username
[INFO ] 2023-10-25 17:16:25.431 [main] Log - Screenshot Taken and attached to report
[INFO ] 2023-10-25 17:16:25.512 [main] Log - Webelement clicked, cleared and text entered
[INFO ] 2023-10-25 17:16:25.512 [main] Log - Enter Sandbox Password
[INFO ] 2023-10-25 17:16:26.581 [main] Log - Screenshot Taken and attached to report
[INFO ] 2023-10-25 17:16:35.953 [main] Log - Element clicked
[INFO ] 2023-10-25 17:16:35.954 [main] Log - Click on Login
[INFO ] 2023-10-25 17:16:36.480 [main] Log - Screenshot Taken and attached to report
[INFO ] 2023-10-25 17:16:51.957 [main] Log - Webelement clicked, cleared and text entered
[INFO ] 2023-10-25 17:16:55.465 [main] Log - Screenshot Taken and attached to report
[INFO ] 2023-10-25 17:17:04.461 [main] Log - Browser refreshed
[INFO ] 2023-10-25 17:17:09.527 [main] Log - Element clicked
[INFO ] 2023-10-25 17:17:15.139 [main] Log - Screenshot Taken and attached to report
[INFO ] 2023-10-25 17:17:15.140 [main] Log - Implicit wait completed for : 10
[ERROR] 2023-10-25 17:17:15.142 [main] Log - Element is not yet visibleBy.xpath: //div[@class='slds-icon-waffle']
[INFO ] 2023-10-25 17:17:15.176 [main] Log - Element clicked
[INFO ] 2023-10-25 17:17:17.036 [main] Log - Webelement clicked, cleared and text entered
[INFO ] 2023-10-25 17:17:21.091 [main] Log - Element clicked
[INFO ] 2023-10-25 17:17:22.412 [main] Log - Screenshot Taken and attached to report
[INFO ] 2023-10-25 17:17:28.386 [main] Log - Element clicked
[INFO ] 2023-10-25 17:17:34.563 [main] Log - Method Passed : verifyElementSize
[INFO ] 2023-10-25 17:17:35.046 [main] Log - Screenshot Taken and attached to report
[INFO ] 2023-10-25 17:17:35.550 [main] Log - Screenshot Taken and attached to report
[INFO ] 2023-10-25 17:17:38.554 [main] Log - Test Passed : com.thtechops.qa.communityTag.testcases.T1_Community_tag_functionality.drm_verification
[INFO ] 2023-10-25 17:17:39.043 [main] Log - Execution Finished
[INFO ] 2023-10-25 17:17:39.462 [main] Log - Driver Closed
[INFO ] 2023-10-25 17:17:39.469 [main] Log - Suite FinishedCommunity Tag Test Suite
[INFO ] 2023-10-25 17:17:39.471 [main] Log - Execution Started
[INFO ] 2023-10-25 17:17:39.473 [main] Log - Open the Browser
[INFO ] 2023-10-25 17:17:40.967 [main] Log - Browser Opened : chrome with headless mode : false
[INFO ] 2023-10-25 17:17:40.972 [main] Log - ChromeDriver: chrome on mac (b4fff315c12302a3a8e84e8bfbee7826)
[INFO ] 2023-10-25 17:17:40.976 [main] Log - Configuration file found at : ./src/main/resources/config.properties
[INFO ] 2023-10-25 17:17:41.012 [main] Log - Test Started : com.thtechops.qa.automation.testClasses.Connect_disconnect_An_Account.sign_up_email
[INFO ] 2023-10-25 17:17:41.027 [main] Log - This message is from my own project
[INFO ] 2023-10-25 17:17:41.434 [main] Log - Browser window maximised
[INFO ] 2023-10-25 17:17:41.434 [main] Log - Navigation to URL
[INFO ] 2023-10-25 17:17:46.352 [main] Log - Navigated to URL
[INFO ] 2023-10-25 17:17:46.355 [main] Log - Page Load completed for : 1000
[INFO ] 2023-10-25 17:17:46.355 [main] Log - Navigated to Url : https://stg.trailhead.sfdc.sh/
[INFO ] 2023-10-25 17:17:46.360 [main] Log - Implicit wait completed for : 20
[INFO ] 2023-10-25 17:17:46.377 [main] Log - All Browser cookies deleted
[INFO ] 2023-10-25 17:17:47.178 [main] Log - Screenshot Taken and attached to report
[INFO ] 2023-10-25 17:17:56.400 [main] Log - Screenshot Taken and attached to report
[INFO ] 2023-10-25 17:18:00.724 [main] Log - Screenshot Taken and attached to report
[INFO ] 2023-10-25 17:18:08.718 [main] Log - Screenshot Taken and attached to report
[INFO ] 2023-10-25 17:18:10.205 [main] Log - Screenshot Taken and attached to report
[INFO ] 2023-10-25 17:18:18.652 [main] Log - Screenshot Taken and attached to report
[INFO ] 2023-10-25 17:18:24.084 [main] Log - Screenshot Taken and attached to report
[INFO ] 2023-10-25 17:18:35.357 [main] Log - Screenshot Taken and attached to report
[INFO ] 2023-10-25 17:18:36.648 [main] Log - Screenshot Taken and attached to report
[INFO ] 2023-10-25 17:18:37.926 [main] Log - Screenshot Taken and attached to report
[INFO ] 2023-10-25 17:18:45.308 [main] Log - Screenshot Taken and attached to report
[INFO ] 2023-10-25 17:18:50.636 [main] Log - Screenshot Taken and attached to report
[INFO ] 2023-10-25 17:18:55.965 [main] Log - Screenshot Taken and attached to report
[INFO ] 2023-10-25 17:19:05.262 [main] Log - Screenshot Taken and attached to report
[INFO ] 2023-10-25 17:19:15.310 [main] Log - Method Passed : verifyBooleanCondition
[INFO ] 2023-10-25 17:19:15.902 [main] Log - Screenshot Taken and attached to report
[INFO ] 2023-10-25 17:19:20.907 [main] Log - Test Passed : com.thtechops.qa.automation.testClasses.Connect_disconnect_An_Account.sign_up_email
[INFO ] 2023-10-25 17:19:21.484 [main] Log - Test Started : com.thtechops.qa.automation.testClasses.Connect_disconnect_An_Account.test_connect_account
[INFO ] 2023-10-25 17:19:21.484 [main] Log - This message is from my own project
[INFO ] 2023-10-25 17:19:36.800 [main] Log - Screenshot Taken and attached to report
[INFO ] 2023-10-25 17:19:42.485 [main] Log - Screenshot Taken and attached to report
[INFO ] 2023-10-25 17:19:43.059 [main] Log - Screenshot Taken and attached to report
[INFO ] 2023-10-25 17:19:59.926 [main] Log - Screenshot Taken and attached to report
[ERROR] 2023-10-25 17:20:13.098 [main] Log - Method Failed : verifyText
[INFO ] 2023-10-25 17:20:13.099 [main] Log - Test Passed : com.thtechops.qa.automation.testClasses.Connect_disconnect_An_Account.test_connect_account
[INFO ] 2023-10-25 17:20:13.536 [main] Log - Test Started : com.thtechops.qa.automation.testClasses.Connect_disconnect_An_Account.drm_verification
[INFO ] 2023-10-25 17:20:13.536 [main] Log - This message is from my own project
[INFO ] 2023-10-25 17:20:17.428 [main] Log - Navigated to URL
[INFO ] 2023-10-25 17:20:17.428 [main] Log - Go to Sandbox Login URL
[INFO ] 2023-10-25 17:20:17.562 [main] Log - Webelement clicked, cleared and text entered
[INFO ] 2023-10-25 17:20:17.562 [main] Log - Enter Sandbox Username
[INFO ] 2023-10-25 17:20:18.011 [main] Log - Screenshot Taken and attached to report
[INFO ] 2023-10-25 17:20:18.089 [main] Log - Webelement clicked, cleared and text entered
[INFO ] 2023-10-25 17:20:18.089 [main] Log - Enter Sandbox Password
[INFO ] 2023-10-25 17:20:18.879 [main] Log - Screenshot Taken and attached to report
[INFO ] 2023-10-25 17:20:27.747 [main] Log - Element clicked
[INFO ] 2023-10-25 17:20:27.747 [main] Log - Click on Login
[INFO ] 2023-10-25 17:20:28.240 [main] Log - Screenshot Taken and attached to report
[INFO ] 2023-10-25 17:20:43.733 [main] Log - Webelement clicked, cleared and text entered
[INFO ] 2023-10-25 17:20:47.342 [main] Log - Screenshot Taken and attached to report
[INFO ] 2023-10-25 17:20:56.110 [main] Log - Screenshot Taken and attached to report
[INFO ] 2023-10-25 17:20:57.050 [main] Log - Browser refreshed
[INFO ] 2023-10-25 17:21:02.101 [main] Log - Element clicked
[INFO ] 2023-10-25 17:21:12.224 [main] Log - Element clicked
[INFO ] 2023-10-25 17:21:12.733 [main] Log - Screenshot Taken and attached to report
[INFO ] 2023-10-25 17:21:13.264 [main] Log - Screenshot Taken and attached to report
[INFO ] 2023-10-25 17:21:13.335 [main] Log - Method Passed : verifyText
[INFO ] 2023-10-25 17:21:13.840 [main] Log - Screenshot Taken and attached to report
[INFO ] 2023-10-25 17:21:13.867 [main] Log - Method Passed : verifyText
[INFO ] 2023-10-25 17:21:14.338 [main] Log - Screenshot Taken and attached to report
[INFO ] 2023-10-25 17:21:14.906 [main] Log - Screenshot Taken and attached to report
[INFO ] 2023-10-25 17:21:25.374 [main] Log - Webelement clicked, cleared and text entered
[INFO ] 2023-10-25 17:21:28.947 [main] Log - Screenshot Taken and attached to report
[INFO ] 2023-10-25 17:21:31.997 [main] Log - Method Passed : verifyBooleanCondition
[INFO ] 2023-10-25 17:21:32.536 [main] Log - Screenshot Taken and attached to report
[INFO ] 2023-10-25 17:21:32.546 [main] Log - Test Passed : com.thtechops.qa.automation.testClasses.Connect_disconnect_An_Account.drm_verification
[INFO ] 2023-10-25 17:21:33.016 [main] Log - Test Started : com.thtechops.qa.automation.testClasses.Connect_disconnect_An_Account.disconnect_the_contact
[INFO ] 2023-10-25 17:21:33.016 [main] Log - This message is from my own project
[INFO ] 2023-10-25 17:21:36.394 [main] Log - Browser refreshed
[INFO ] 2023-10-25 17:21:52.031 [main] Log - Screenshot Taken and attached to report
[INFO ] 2023-10-25 17:22:02.413 [main] Log - Webelement clicked, cleared and text entered
[INFO ] 2023-10-25 17:22:05.965 [main] Log - Screenshot Taken and attached to report
[INFO ] 2023-10-25 17:22:14.804 [main] Log - Screenshot Taken and attached to report
[INFO ] 2023-10-25 17:22:15.654 [main] Log - Browser refreshed
[INFO ] 2023-10-25 17:22:20.704 [main] Log - Element clicked
[INFO ] 2023-10-25 17:22:30.806 [main] Log - Element clicked
[INFO ] 2023-10-25 17:22:31.352 [main] Log - Screenshot Taken and attached to report
[INFO ] 2023-10-25 17:22:31.910 [main] Log - Screenshot Taken and attached to report
[INFO ] 2023-10-25 17:22:31.938 [main] Log - Method Passed : verifyText
[INFO ] 2023-10-25 17:22:32.449 [main] Log - Screenshot Taken and attached to report
[INFO ] 2023-10-25 17:22:32.476 [main] Log - Method Passed : verifyText
[INFO ] 2023-10-25 17:22:32.987 [main] Log - Screenshot Taken and attached to report
[INFO ] 2023-10-25 17:22:33.486 [main] Log - Screenshot Taken and attached to report
[INFO ] 2023-10-25 17:22:43.956 [main] Log - Webelement clicked, cleared and text entered
[INFO ] 2023-10-25 17:22:47.512 [main] Log - Screenshot Taken and attached to report
[INFO ] 2023-10-25 17:22:50.556 [main] Log - Method Passed : verifyBooleanCondition
[INFO ] 2023-10-25 17:22:51.091 [main] Log - Screenshot Taken and attached to report
[INFO ] 2023-10-25 17:22:51.091 [main] Log - Test Passed : com.thtechops.qa.automation.testClasses.Connect_disconnect_An_Account.disconnect_the_contact
[INFO ] 2023-10-25 17:22:51.610 [main] Log - Execution Finished
[INFO ] 2023-10-25 17:22:51.810 [main] Log - Suite FinishedConnect Disconnect Test Suite
[INFO ] 2023-10-25 17:22:51.812 [main] Log - Execution Started
[INFO ] 2023-10-25 17:22:51.820 [main] Log - Configuration file found at : ./src/main/resources/config.properties
[INFO ] 2023-10-25 17:22:51.821 [main] Log - Test Started : com.thtechops.qa.automation.testClasses.SignUp_Test.drm_verification
[INFO ] 2023-10-25 17:22:51.822 [main] Log - This message is from my own project
[INFO ] 2023-10-25 17:22:51.822 [main] Log - Open the Browser
[INFO ] 2023-10-25 17:22:53.462 [main] Log - Browser Opened : chrome with headless mode : false
[INFO ] 2023-10-25 17:22:53.471 [main] Log - ChromeDriver: chrome on mac (64b9feb457bff73cd6312e2fe3ebefc3)
[ERROR] 2023-10-25 17:22:53.677 [main] Log - Can not open new tab
[INFO ] 2023-10-25 17:22:57.415 [main] Log - Navigated to URL
[INFO ] 2023-10-25 17:22:57.415 [main] Log - Go to Sandbox Login URL
[INFO ] 2023-10-25 17:22:57.608 [main] Log - Webelement clicked, cleared and text entered
[INFO ] 2023-10-25 17:22:57.608 [main] Log - Enter Sandbox Username
[INFO ] 2023-10-25 17:22:58.083 [main] Log - Screenshot Taken and attached to report
[INFO ] 2023-10-25 17:22:58.168 [main] Log - Webelement clicked, cleared and text entered
[INFO ] 2023-10-25 17:22:58.168 [main] Log - Enter Sandbox Password
[INFO ] 2023-10-25 17:22:58.573 [main] Log - Screenshot Taken and attached to report
[INFO ] 2023-10-25 17:23:08.068 [main] Log - Element clicked
[INFO ] 2023-10-25 17:23:08.068 [main] Log - Click on Login
[INFO ] 2023-10-25 17:23:08.468 [main] Log - Screenshot Taken and attached to report
[INFO ] 2023-10-25 17:23:23.900 [main] Log - Webelement clicked, cleared and text entered
[INFO ] 2023-10-25 17:23:27.328 [main] Log - Screenshot Taken and attached to report
[INFO ] 2023-10-25 17:23:40.644 [main] Log - Webelement clicked, cleared and text entered
[INFO ] 2023-10-25 17:23:44.081 [main] Log - Screenshot Taken and attached to report
[INFO ] 2023-10-25 17:23:47.252 [main] Log - Method Passed : verifyBooleanCondition
[INFO ] 2023-10-25 17:23:47.687 [main] Log - Screenshot Taken and attached to report
[INFO ] 2023-10-25 17:23:47.687 [main] Log - Test Passed : com.thtechops.qa.automation.testClasses.SignUp_Test.drm_verification
[INFO ] 2023-10-25 17:23:48.123 [main] Log - Execution Finished
[INFO ] 2023-10-25 17:23:48.310 [main] Log - Suite FinishedDRM Infra Suite
[INFO ] 2023-10-25 17:23:48.311 [main] Log - Execution Started
[INFO ] 2023-10-25 17:23:48.312 [main] Log - Suite FinishedSuite
[INFO ] 2023-10-25 17:25:28.657 [main] Log - Configuration file found at : ./src/main/resources/config.properties
[INFO ] 2023-10-25 17:25:28.707 [main] Log - Configuration file found at : ./src/main/resources/config.properties
[INFO ] 2023-10-25 17:25:28.719 [main] Log - Configuration file found at : ./src/main/resources/config.properties
[INFO ] 2023-10-25 17:25:28.733 [main] Log - Execution Started
[INFO ] 2023-10-25 17:25:28.758 [main] Log - Open the Browser
[INFO ] 2023-10-25 17:32:46.371 [main] Log - Configuration file found at : ./src/main/resources/config.properties
[INFO ] 2023-10-25 17:32:46.419 [main] Log - Execution Started
[INFO ] 2023-10-25 17:32:46.457 [main] Log - Configuration file found at : ./src/main/resources/config.properties
[INFO ] 2023-10-25 17:32:46.491 [main] Log - Test Started : com.thtechops.qa.automation.testClasses.SignUp_Test.navigateToUrl
[INFO ] 2023-10-25 17:32:46.491 [main] Log - This message is from my own project
[INFO ] 2023-10-25 17:32:46.492 [main] Log - Open the Browser
[INFO ] 2023-10-25 17:32:48.797 [main] Log - Browser Opened : chrome with headless mode : false
[INFO ] 2023-10-25 17:32:48.813 [main] Log - ChromeDriver: chrome on mac (b33f32d2cd2294a06aa3c2f425cb8580)
[INFO ] 2023-10-25 17:32:49.249 [main] Log - Browser window maximised
[INFO ] 2023-10-25 17:32:49.249 [main] Log - Navigation to URL
[INFO ] 2023-10-25 17:32:54.410 [main] Log - Navigated to URL
[INFO ] 2023-10-25 17:32:54.417 [main] Log - Page Load completed for : 1000
[INFO ] 2023-10-25 17:32:54.417 [main] Log - Navigated to Url : https://stg.trailhead.sfdc.sh/
[INFO ] 2023-10-25 17:32:54.426 [main] Log - Implicit wait completed for : 20
[INFO ] 2023-10-25 17:32:55.266 [main] Log - Screenshot Taken and attached to report
[INFO ] 2023-10-25 17:33:04.449 [main] Log - Screenshot Taken and attached to report
[INFO ] 2023-10-25 17:33:08.844 [main] Log - Screenshot Taken and attached to report
[INFO ] 2023-10-25 17:33:16.684 [main] Log - Screenshot Taken and attached to report
[INFO ] 2023-10-25 17:33:18.164 [main] Log - Screenshot Taken and attached to report
[INFO ] 2023-10-25 17:33:27.614 [main] Log - Screenshot Taken and attached to report
[INFO ] 2023-10-25 17:33:40.498 [main] Log - Screenshot Taken and attached to report
[INFO ] 2023-10-25 17:33:47.892 [main] Log - Screenshot Taken and attached to report
[INFO ] 2023-10-25 17:33:49.194 [main] Log - Screenshot Taken and attached to report
[INFO ] 2023-10-25 17:33:50.509 [main] Log - Screenshot Taken and attached to report
[INFO ] 2023-10-25 17:33:57.824 [main] Log - Screenshot Taken and attached to report
[INFO ] 2023-10-25 17:34:03.112 [main] Log - Screenshot Taken and attached to report
[INFO ] 2023-10-25 17:34:08.461 [main] Log - Screenshot Taken and attached to report
[INFO ] 2023-10-25 17:34:17.788 [main] Log - Screenshot Taken and attached to report
[INFO ] 2023-10-25 17:34:29.105 [main] Log - Method Passed : verifyBooleanCondition
[INFO ] 2023-10-25 17:34:29.783 [main] Log - Screenshot Taken and attached to report
[INFO ] 2023-10-25 17:34:34.810 [main] Log - All Browser cookies deleted
[INFO ] 2023-10-25 17:34:35.085 [main] Log - Open the Browser
[INFO ] 2023-10-25 17:34:36.540 [main] Log - Browser Opened : chrome with headless mode : false
[INFO ] 2023-10-25 17:34:36.545 [main] Log - ChromeDriver: chrome on mac (3ee511c1198d1257250bfab26f6af0b7)
[INFO ] 2023-10-25 17:34:36.961 [main] Log - Browser window maximised
[INFO ] 2023-10-25 17:34:36.961 [main] Log - Navigation to URL
[INFO ] 2023-10-25 17:34:41.433 [main] Log - Navigated to URL
[INFO ] 2023-10-25 17:34:41.435 [main] Log - Page Load completed for : 1000
[INFO ] 2023-10-25 17:34:41.435 [main] Log - Navigated to Url : https://stg.trailhead.sfdc.sh/
[INFO ] 2023-10-25 17:34:41.437 [main] Log - Implicit wait completed for : 20
[INFO ] 2023-10-25 17:34:42.588 [main] Log - Screenshot Taken and attached to report
[INFO ] 2023-10-25 17:34:52.089 [main] Log - Screenshot Taken and attached to report
[INFO ] 2023-10-25 17:34:56.472 [main] Log - Screenshot Taken and attached to report
[INFO ] 2023-10-25 17:35:04.298 [main] Log - Screenshot Taken and attached to report
[INFO ] 2023-10-25 17:35:05.778 [main] Log - Screenshot Taken and attached to report
[INFO ] 2023-10-25 17:35:14.231 [main] Log - Screenshot Taken and attached to report
[INFO ] 2023-10-25 17:35:19.695 [main] Log - Screenshot Taken and attached to report
[INFO ] 2023-10-25 17:35:45.745 [main] Log - All Browser cookies deleted
[INFO ] 2023-10-25 17:35:45.909 [main] Log - Test Passed : com.thtechops.qa.automation.testClasses.SignUp_Test.navigateToUrl
[INFO ] 2023-10-25 17:35:45.967 [main] Log - Test Started : com.thtechops.qa.automation.testClasses.SignUp_Test.login_using_otp
[INFO ] 2023-10-25 17:35:45.967 [main] Log - This message is from my own project
[INFO ] 2023-10-25 17:35:45.967 [main] Log - Open the Browser
[INFO ] 2023-10-25 17:35:47.533 [main] Log - Browser Opened : chrome with headless mode : false
[INFO ] 2023-10-25 17:35:47.551 [main] Log - ChromeDriver: chrome on mac (d911b82f5364e61a1a29d1d960bfda19)
[INFO ] 2023-10-25 17:35:48.001 [main] Log - Browser window maximised
[INFO ] 2023-10-25 17:35:48.001 [main] Log - Navigation to URL
[INFO ] 2023-10-25 17:35:53.995 [main] Log - Navigated to URL
[INFO ] 2023-10-25 17:35:54.001 [main] Log - Page Load completed for : 1000
[INFO ] 2023-10-25 17:35:54.002 [main] Log - Navigated to Url : https://stg.trailhead.sfdc.sh/
[INFO ] 2023-10-25 17:35:54.007 [main] Log - Implicit wait completed for : 20
[INFO ] 2023-10-25 17:35:57.008 [main] Log - Screenshot Taken and attached to report
[INFO ] 2023-10-25 17:39:37.544 [main] Log - Configuration file found at : ./src/main/resources/config.properties
[INFO ] 2023-10-25 17:39:37.593 [main] Log - Execution Started
[INFO ] 2023-10-25 17:39:37.632 [main] Log - Configuration file found at : ./src/main/resources/config.properties
[INFO ] 2023-10-25 17:39:37.665 [main] Log - Test Started : com.thtechops.qa.automation.testClasses.SignUp_Test.navigateToUrl
[INFO ] 2023-10-25 17:39:37.665 [main] Log - This message is from my own project
[INFO ] 2023-10-25 17:39:37.666 [main] Log - Open the Browser
[INFO ] 2023-10-25 17:39:39.949 [main] Log - Browser Opened : chrome with headless mode : false
[INFO ] 2023-10-25 17:39:39.955 [main] Log - ChromeDriver: chrome on mac (900c8904b462c34d6ffe8e59a012728c)
[INFO ] 2023-10-25 17:39:40.398 [main] Log - Browser window maximised
[INFO ] 2023-10-25 17:39:40.398 [main] Log - Navigation to URL
[INFO ] 2023-10-25 17:39:45.446 [main] Log - Navigated to URL
[INFO ] 2023-10-25 17:39:45.453 [main] Log - Page Load completed for : 1000
[INFO ] 2023-10-25 17:39:45.453 [main] Log - Navigated to Url : https://stg.trailhead.sfdc.sh/
[INFO ] 2023-10-25 17:39:45.458 [main] Log - Implicit wait completed for : 20
[INFO ] 2023-10-25 17:39:46.269 [main] Log - Screenshot Taken and attached to report
[INFO ] 2023-10-25 17:39:54.847 [main] Log - Screenshot Taken and attached to report
[INFO ] 2023-10-25 17:39:59.208 [main] Log - Screenshot Taken and attached to report
[INFO ] 2023-10-25 17:40:07.211 [main] Log - Screenshot Taken and attached to report
[INFO ] 2023-10-25 17:40:08.688 [main] Log - Screenshot Taken and attached to report
[INFO ] 2023-10-25 17:40:18.275 [main] Log - Screenshot Taken and attached to report
[INFO ] 2023-10-25 17:40:23.700 [main] Log - Screenshot Taken and attached to report
[INFO ] 2023-10-25 17:40:36.679 [main] Log - Screenshot Taken and attached to report
[INFO ] 2023-10-25 17:40:37.978 [main] Log - Screenshot Taken and attached to report
[INFO ] 2023-10-25 17:40:39.271 [main] Log - Screenshot Taken and attached to report
[INFO ] 2023-10-25 17:40:46.629 [main] Log - Screenshot Taken and attached to report
[INFO ] 2023-10-25 17:40:51.952 [main] Log - Screenshot Taken and attached to report
[INFO ] 2023-10-25 17:40:57.304 [main] Log - Screenshot Taken and attached to report
[INFO ] 2023-10-25 17:41:06.620 [main] Log - Screenshot Taken and attached to report
[INFO ] 2023-10-25 17:41:18.817 [main] Log - Method Passed : verifyBooleanCondition
[INFO ] 2023-10-25 17:41:19.484 [main] Log - Screenshot Taken and attached to report
[INFO ] 2023-10-25 17:41:24.514 [main] Log - All Browser cookies deleted
[INFO ] 2023-10-25 17:41:24.835 [main] Log - Open the Browser
[INFO ] 2023-10-25 17:41:26.244 [main] Log - Browser Opened : chrome with headless mode : false
[INFO ] 2023-10-25 17:41:26.253 [main] Log - ChromeDriver: chrome on mac (ad1870eba476d1510e7cf28db33b6e7f)
[INFO ] 2023-10-25 17:41:26.682 [main] Log - Browser window maximised
[INFO ] 2023-10-25 17:41:26.682 [main] Log - Navigation to URL
[INFO ] 2023-10-25 17:41:32.040 [main] Log - Navigated to URL
[INFO ] 2023-10-25 17:41:32.042 [main] Log - Page Load completed for : 1000
[INFO ] 2023-10-25 17:41:32.043 [main] Log - Navigated to Url : https://stg.trailhead.sfdc.sh/
[INFO ] 2023-10-25 17:41:32.045 [main] Log - Implicit wait completed for : 20
[INFO ] 2023-10-25 17:41:32.789 [main] Log - Screenshot Taken and attached to report
[INFO ] 2023-10-25 17:41:40.958 [main] Log - Screenshot Taken and attached to report
[INFO ] 2023-10-25 17:41:45.324 [main] Log - Screenshot Taken and attached to report
[INFO ] 2023-10-25 17:41:53.275 [main] Log - Screenshot Taken and attached to report
[INFO ] 2023-10-25 17:41:54.752 [main] Log - Screenshot Taken and attached to report
[INFO ] 2023-10-25 17:42:03.150 [main] Log - Screenshot Taken and attached to report
[INFO ] 2023-10-25 17:42:08.593 [main] Log - Screenshot Taken and attached to report
[INFO ] 2023-10-25 17:42:20.013 [main] Log - Screenshot Taken and attached to report
[INFO ] 2023-10-25 17:42:21.284 [main] Log - Screenshot Taken and attached to report
[INFO ] 2023-10-25 17:42:22.543 [main] Log - Screenshot Taken and attached to report
[INFO ] 2023-10-25 17:42:29.859 [main] Log - Screenshot Taken and attached to report
[INFO ] 2023-10-25 17:42:35.211 [main] Log - Screenshot Taken and attached to report
[INFO ] 2023-10-25 17:42:40.505 [main] Log - Screenshot Taken and attached to report
[INFO ] 2023-10-25 17:42:49.753 [main] Log - Screenshot Taken and attached to report
[INFO ] 2023-10-25 17:42:59.877 [main] Log - Method Passed : verifyBooleanCondition
[INFO ] 2023-10-25 17:43:00.550 [main] Log - Screenshot Taken and attached to report
[INFO ] 2023-10-25 17:43:05.586 [main] Log - All Browser cookies deleted
[INFO ] 2023-10-25 17:43:05.857 [main] Log - Test Passed : com.thtechops.qa.automation.testClasses.SignUp_Test.navigateToUrl
[INFO ] 2023-10-25 17:43:05.939 [main] Log - Test Started : com.thtechops.qa.automation.testClasses.SignUp_Test.login_using_otp
[INFO ] 2023-10-25 17:43:05.939 [main] Log - This message is from my own project
[INFO ] 2023-10-25 17:43:05.940 [main] Log - Open the Browser
[INFO ] 2023-10-25 17:43:07.334 [main] Log - Browser Opened : chrome with headless mode : false
[INFO ] 2023-10-25 17:43:07.344 [main] Log - ChromeDriver: chrome on mac (b8744a151fa054125bc6006e67da6853)
[INFO ] 2023-10-25 17:43:07.790 [main] Log - Browser window maximised
[INFO ] 2023-10-25 17:43:07.791 [main] Log - Navigation to URL
[INFO ] 2023-10-25 17:43:10.784 [main] Log - Navigated to URL
[INFO ] 2023-10-25 17:43:10.786 [main] Log - Page Load completed for : 1000
[INFO ] 2023-10-25 17:43:10.786 [main] Log - Navigated to Url : https://stg.trailhead.sfdc.sh/
[INFO ] 2023-10-25 17:43:10.788 [main] Log - Implicit wait completed for : 20
[INFO ] 2023-10-25 17:43:13.701 [main] Log - Screenshot Taken and attached to report
[INFO ] 2023-10-25 17:43:20.377 [main] Log - Screenshot Taken and attached to report
[INFO ] 2023-10-25 17:43:24.761 [main] Log - Screenshot Taken and attached to report
[INFO ] 2023-10-25 17:43:32.545 [main] Log - Screenshot Taken and attached to report
[INFO ] 2023-10-25 17:43:37.125 [main] Log - Screenshot Taken and attached to report
[INFO ] 2023-10-25 17:43:50.168 [main] Log - Screenshot Taken and attached to report
[INFO ] 2023-10-25 17:43:55.779 [main] Log - Screenshot Taken and attached to report
[INFO ] 2023-10-25 17:44:01.401 [main] Log - Screenshot Taken and attached to report
[INFO ] 2023-10-25 17:44:01.993 [main] Log - Screenshot Taken and attached to report
[INFO ] 2023-10-25 17:44:18.558 [main] Log - Screenshot Taken and attached to report
[INFO ] 2023-10-25 17:44:24.139 [main] Log - Screenshot Taken and attached to report
[INFO ] 2023-10-25 17:44:37.618 [main] Log - Screenshot Taken and attached to report
[INFO ] 2023-10-25 17:44:37.618 [main] Log - Test Passed : com.thtechops.qa.automation.testClasses.SignUp_Test.login_using_otp
[INFO ] 2023-10-25 17:44:38.068 [main] Log - Test Started : com.thtechops.qa.automation.testClasses.SignUp_Test.drm_verification
[INFO ] 2023-10-25 17:44:38.069 [main] Log - This message is from my own project
[INFO ] 2023-10-25 17:44:38.069 [main] Log - Open the Browser
[INFO ] 2023-10-25 17:44:39.395 [main] Log - Browser Opened : chrome with headless mode : false
[INFO ] 2023-10-25 17:44:39.415 [main] Log - ChromeDriver: chrome on mac (dc5af7094ed61d4df17c14118d9346a9)
[ERROR] 2023-10-25 17:44:39.857 [main] Log - Can not open new tab
[INFO ] 2023-10-25 17:44:44.007 [main] Log - Navigated to URL
[INFO ] 2023-10-25 17:44:44.008 [main] Log - Go to Sandbox Login URL
[INFO ] 2023-10-25 17:44:44.166 [main] Log - Webelement clicked, cleared and text entered
[INFO ] 2023-10-25 17:44:44.166 [main] Log - Enter Sandbox Username
[INFO ] 2023-10-25 17:44:44.629 [main] Log - Screenshot Taken and attached to report
[INFO ] 2023-10-25 17:44:44.714 [main] Log - Webelement clicked, cleared and text entered
[INFO ] 2023-10-25 17:44:44.714 [main] Log - Enter Sandbox Password
[INFO ] 2023-10-25 17:44:45.132 [main] Log - Screenshot Taken and attached to report
[INFO ] 2023-10-25 17:44:55.509 [main] Log - Element clicked
[INFO ] 2023-10-25 17:44:55.509 [main] Log - Click on Login
[INFO ] 2023-10-25 17:44:55.946 [main] Log - Screenshot Taken and attached to report
[INFO ] 2023-10-25 17:45:11.341 [main] Log - Webelement clicked, cleared and text entered
[INFO ] 2023-10-25 17:45:14.764 [main] Log - Screenshot Taken and attached to report
[INFO ] 2023-10-25 17:45:23.368 [main] Log - Screenshot Taken and attached to report
[INFO ] 2023-10-25 17:45:24.442 [main] Log - Browser refreshed
[INFO ] 2023-10-25 17:45:29.501 [main] Log - Element clicked
[INFO ] 2023-10-25 17:45:39.609 [main] Log - Element clicked
[INFO ] 2023-10-25 17:45:40.023 [main] Log - Screenshot Taken and attached to report
[INFO ] 2023-10-25 17:45:40.456 [main] Log - Screenshot Taken and attached to report
[ERROR] 2023-10-25 17:45:40.525 [main] Log - Method Failed : verifyText
[INFO ] 2023-10-25 17:45:40.955 [main] Log - Screenshot Taken and attached to report
[ERROR] 2023-10-25 17:45:40.983 [main] Log - Method Failed : verifyText
[INFO ] 2023-10-25 17:45:41.386 [main] Log - Screenshot Taken and attached to report
[INFO ] 2023-10-25 17:45:41.862 [main] Log - Screenshot Taken and attached to report
[INFO ] 2023-10-25 17:45:52.292 [main] Log - Webelement clicked, cleared and text entered
[INFO ] 2023-10-25 17:45:55.727 [main] Log - Screenshot Taken and attached to report
[INFO ] 2023-10-25 17:45:58.748 [main] Log - Test Passed : com.thtechops.qa.automation.testClasses.SignUp_Test.drm_verification
[INFO ] 2023-10-25 17:45:59.243 [main] Log - Execution Finished
[INFO ] 2023-10-25 17:45:59.779 [main] Log - Suite FinishedContact Merge Functionality 
[INFO ] 2023-10-25 17:45:59.781 [main] Log - Execution Started
[INFO ] 2023-10-25 17:45:59.783 [main] Log - Suite FinishedSuite
[INFO ] 2023-10-25 17:59:20.716 [main] Log - Configuration file found at : ./src/main/resources/config.properties
[INFO ] 2023-10-25 17:59:20.767 [main] Log - Configuration file found at : ./src/main/resources/config.properties
[INFO ] 2023-10-25 17:59:20.780 [main] Log - Configuration file found at : ./src/main/resources/config.properties
[INFO ] 2023-10-25 17:59:20.792 [main] Log - Execution Started
[INFO ] 2023-10-25 17:59:20.832 [main] Log - Configuration file found at : ./src/main/resources/config.properties
[INFO ] 2023-10-25 17:59:20.869 [main] Log - Test Started : com.thtechops.qa.automation.testClasses.SignUp_Test.navigateToUrl
[INFO ] 2023-10-25 17:59:20.869 [main] Log - This message is from my own project
[INFO ] 2023-10-25 17:59:20.869 [main] Log - Open the Browser
[INFO ] 2023-10-25 17:59:23.599 [main] Log - Browser Opened : chrome with headless mode : false
[INFO ] 2023-10-25 17:59:23.608 [main] Log - ChromeDriver: chrome on mac (bf71d7c7364e5042e21497b48672815f)
[INFO ] 2023-10-25 17:59:24.068 [main] Log - Browser window maximised
[INFO ] 2023-10-25 17:59:24.069 [main] Log - Navigation to URL
[INFO ] 2023-10-25 17:59:29.548 [main] Log - Navigated to URL
[INFO ] 2023-10-25 17:59:29.555 [main] Log - Page Load completed for : 1000
[INFO ] 2023-10-25 17:59:29.556 [main] Log - Navigated to Url : https://stg.trailhead.sfdc.sh/
[INFO ] 2023-10-25 17:59:29.561 [main] Log - Implicit wait completed for : 20
[INFO ] 2023-10-25 17:59:30.345 [main] Log - Screenshot Taken and attached to report
[INFO ] 2023-10-25 17:59:39.880 [main] Log - Screenshot Taken and attached to report
[INFO ] 2023-10-25 17:59:44.259 [main] Log - Screenshot Taken and attached to report
[INFO ] 2023-10-25 17:59:52.199 [main] Log - Screenshot Taken and attached to report
[INFO ] 2023-10-25 17:59:53.659 [main] Log - Screenshot Taken and attached to report
[INFO ] 2023-10-25 18:00:03.056 [main] Log - Screenshot Taken and attached to report
[INFO ] 2023-10-25 18:01:14.443 [main] Log - Screenshot Taken and attached to report
[INFO ] 2023-10-25 18:01:21.922 [main] Log - Screenshot Taken and attached to report
[INFO ] 2023-10-25 18:01:23.290 [main] Log - Screenshot Taken and attached to report
[INFO ] 2023-10-25 18:01:24.634 [main] Log - Screenshot Taken and attached to report
[INFO ] 2023-10-25 18:01:31.932 [main] Log - Screenshot Taken and attached to report
[INFO ] 2023-10-25 18:01:37.247 [main] Log - Screenshot Taken and attached to report
[INFO ] 2023-10-25 18:01:42.524 [main] Log - Screenshot Taken and attached to report
[INFO ] 2023-10-25 18:01:51.733 [main] Log - Screenshot Taken and attached to report
[INFO ] 2023-10-25 18:02:03.041 [main] Log - Method Passed : verifyBooleanCondition
[INFO ] 2023-10-25 18:02:03.695 [main] Log - Screenshot Taken and attached to report
[INFO ] 2023-10-25 18:02:08.726 [main] Log - All Browser cookies deleted
[INFO ] 2023-10-25 18:02:08.999 [main] Log - Open the Browser
[INFO ] 2023-10-25 18:02:10.352 [main] Log - Browser Opened : chrome with headless mode : false
[INFO ] 2023-10-25 18:02:10.358 [main] Log - ChromeDriver: chrome on mac (6fa0d06cc01a31adb4a2d34b2af3cca4)
[INFO ] 2023-10-25 18:02:10.790 [main] Log - Browser window maximised
[INFO ] 2023-10-25 18:02:10.790 [main] Log - Navigation to URL
[INFO ] 2023-10-25 18:02:15.931 [main] Log - Navigated to URL
[INFO ] 2023-10-25 18:02:15.934 [main] Log - Page Load completed for : 1000
[INFO ] 2023-10-25 18:02:15.934 [main] Log - Navigated to Url : https://stg.trailhead.sfdc.sh/
[INFO ] 2023-10-25 18:02:15.936 [main] Log - Implicit wait completed for : 20
[INFO ] 2023-10-25 18:02:16.698 [main] Log - Screenshot Taken and attached to report
[INFO ] 2023-10-25 18:02:24.612 [main] Log - Screenshot Taken and attached to report
[INFO ] 2023-10-25 18:02:28.986 [main] Log - Screenshot Taken and attached to report
[INFO ] 2023-10-25 18:02:36.732 [main] Log - Screenshot Taken and attached to report
[INFO ] 2023-10-25 18:02:38.219 [main] Log - Screenshot Taken and attached to report
[INFO ] 2023-10-25 18:02:46.668 [main] Log - Screenshot Taken and attached to report
[INFO ] 2023-10-25 18:02:52.103 [main] Log - Screenshot Taken and attached to report
[INFO ] 2023-10-25 18:03:54.526 [main] Log - Screenshot Taken and attached to report
[INFO ] 2023-10-25 18:03:55.798 [main] Log - Screenshot Taken and attached to report
[INFO ] 2023-10-25 18:03:57.101 [main] Log - Screenshot Taken and attached to report
[INFO ] 2023-10-25 18:04:04.396 [main] Log - Screenshot Taken and attached to report
[INFO ] 2023-10-25 18:04:09.715 [main] Log - Screenshot Taken and attached to report
[INFO ] 2023-10-25 18:04:15.014 [main] Log - Screenshot Taken and attached to report
[INFO ] 2023-10-25 18:04:24.277 [main] Log - Screenshot Taken and attached to report
[INFO ] 2023-10-25 18:04:34.863 [main] Log - Method Passed : verifyBooleanCondition
[INFO ] 2023-10-25 18:04:35.430 [main] Log - Screenshot Taken and attached to report
[INFO ] 2023-10-25 18:04:40.459 [main] Log - All Browser cookies deleted
[INFO ] 2023-10-25 18:04:40.729 [main] Log - Test Passed : com.thtechops.qa.automation.testClasses.SignUp_Test.navigateToUrl
[INFO ] 2023-10-25 18:04:43.803 [main] Log - Test Started : com.thtechops.qa.automation.testClasses.SignUp_Test.login_using_otp
[INFO ] 2023-10-25 18:04:43.804 [main] Log - This message is from my own project
[INFO ] 2023-10-25 18:04:43.804 [main] Log - Open the Browser
[INFO ] 2023-10-25 18:04:45.154 [main] Log - Browser Opened : chrome with headless mode : false
[INFO ] 2023-10-25 18:04:45.157 [main] Log - ChromeDriver: chrome on mac (a7bf30474b65040973133727b8b5ed83)
[INFO ] 2023-10-25 18:04:45.573 [main] Log - Browser window maximised
[INFO ] 2023-10-25 18:04:45.574 [main] Log - Navigation to URL
[INFO ] 2023-10-25 18:04:49.288 [main] Log - Navigated to URL
[INFO ] 2023-10-25 18:04:49.290 [main] Log - Page Load completed for : 1000
[INFO ] 2023-10-25 18:04:49.290 [main] Log - Navigated to Url : https://stg.trailhead.sfdc.sh/
[INFO ] 2023-10-25 18:04:49.292 [main] Log - Implicit wait completed for : 20
[INFO ] 2023-10-25 18:04:52.235 [main] Log - Screenshot Taken and attached to report
[INFO ] 2023-10-25 18:04:58.781 [main] Log - Screenshot Taken and attached to report
[INFO ] 2023-10-25 18:05:03.180 [main] Log - Screenshot Taken and attached to report
[INFO ] 2023-10-25 18:05:10.655 [main] Log - Screenshot Taken and attached to report
[INFO ] 2023-10-25 18:05:15.190 [main] Log - Screenshot Taken and attached to report
[INFO ] 2023-10-25 18:06:37.536 [main] Log - Screenshot Taken and attached to report
[INFO ] 2023-10-25 18:06:43.163 [main] Log - Screenshot Taken and attached to report
[INFO ] 2023-10-25 18:06:48.804 [main] Log - Screenshot Taken and attached to report
[INFO ] 2023-10-25 18:06:49.409 [main] Log - Screenshot Taken and attached to report
[INFO ] 2023-10-25 18:07:05.960 [main] Log - Screenshot Taken and attached to report
[INFO ] 2023-10-25 18:07:11.511 [main] Log - Screenshot Taken and attached to report
[INFO ] 2023-10-25 18:07:23.790 [main] Log - Screenshot Taken and attached to report
[INFO ] 2023-10-25 18:07:23.790 [main] Log - Test Passed : com.thtechops.qa.automation.testClasses.SignUp_Test.login_using_otp
[INFO ] 2023-10-25 18:07:24.273 [main] Log - Test Started : com.thtechops.qa.automation.testClasses.SignUp_Test.drm_verification
[INFO ] 2023-10-25 18:07:24.273 [main] Log - This message is from my own project
[INFO ] 2023-10-25 18:07:24.273 [main] Log - Open the Browser
[INFO ] 2023-10-25 18:07:25.599 [main] Log - Browser Opened : chrome with headless mode : false
[INFO ] 2023-10-25 18:07:25.603 [main] Log - ChromeDriver: chrome on mac (92664d612ebe8e72feae2a0a2958b701)
[ERROR] 2023-10-25 18:07:26.062 [main] Log - Can not open new tab
[INFO ] 2023-10-25 18:07:30.115 [main] Log - Navigated to URL
[INFO ] 2023-10-25 18:07:30.116 [main] Log - Go to Sandbox Login URL
[INFO ] 2023-10-25 18:07:30.271 [main] Log - Webelement clicked, cleared and text entered
[INFO ] 2023-10-25 18:07:30.271 [main] Log - Enter Sandbox Username
[INFO ] 2023-10-25 18:07:30.738 [main] Log - Screenshot Taken and attached to report
[INFO ] 2023-10-25 18:07:30.821 [main] Log - Webelement clicked, cleared and text entered
[INFO ] 2023-10-25 18:07:30.821 [main] Log - Enter Sandbox Password
[INFO ] 2023-10-25 18:07:31.255 [main] Log - Screenshot Taken and attached to report
[INFO ] 2023-10-25 18:07:42.689 [main] Log - Element clicked
[INFO ] 2023-10-25 18:07:42.689 [main] Log - Click on Login
[INFO ] 2023-10-25 18:07:43.114 [main] Log - Screenshot Taken and attached to report
[INFO ] 2023-10-25 18:07:58.527 [main] Log - Webelement clicked, cleared and text entered
[INFO ] 2023-10-25 18:08:01.955 [main] Log - Screenshot Taken and attached to report
[INFO ] 2023-10-25 18:08:10.608 [main] Log - Screenshot Taken and attached to report
[INFO ] 2023-10-25 18:08:11.508 [main] Log - Browser refreshed
[INFO ] 2023-10-25 18:08:16.643 [main] Log - Element clicked
[INFO ] 2023-10-25 18:08:26.739 [main] Log - Element clicked
[INFO ] 2023-10-25 18:08:27.201 [main] Log - Screenshot Taken and attached to report
[INFO ] 2023-10-25 18:08:27.632 [main] Log - Screenshot Taken and attached to report
[INFO ] 2023-10-25 18:08:27.700 [main] Log - Method Passed : verifyText
[INFO ] 2023-10-25 18:08:28.100 [main] Log - Screenshot Taken and attached to report
[ERROR] 2023-10-25 18:08:28.132 [main] Log - Method Failed : verifyText
[INFO ] 2023-10-25 18:08:28.563 [main] Log - Screenshot Taken and attached to report
[INFO ] 2023-10-25 18:08:29.021 [main] Log - Screenshot Taken and attached to report
[INFO ] 2023-10-25 18:08:39.471 [main] Log - Webelement clicked, cleared and text entered
[INFO ] 2023-10-25 18:08:42.902 [main] Log - Screenshot Taken and attached to report
[INFO ] 2023-10-25 18:08:51.124 [main] Log - Test Passed : com.thtechops.qa.automation.testClasses.SignUp_Test.drm_verification
[INFO ] 2023-10-25 18:08:51.556 [main] Log - Execution Finished
[INFO ] 2023-10-25 18:08:51.947 [main] Log - Suite FinishedContact Merge Functionality 
[INFO ] 2023-10-25 18:08:51.949 [main] Log - Execution Started
[INFO ] 2023-10-25 18:08:51.950 [main] Log - Open the Browser
[INFO ] 2023-10-25 18:08:53.376 [main] Log - Browser Opened : chrome with headless mode : false
[INFO ] 2023-10-25 18:08:53.389 [main] Log - ChromeDriver: chrome on mac (b9ea06c01d7ccc0e326f2c6d43af8c17)
[INFO ] 2023-10-25 18:08:53.394 [main] Log - Configuration file found at : ./src/main/resources/config.properties
[INFO ] 2023-10-25 18:08:53.412 [main] Log - Test Started : com.thtechops.qa.communityTag.testcases.T1_Community_tag_functionality._1_LogIn_HelpPortal
[INFO ] 2023-10-25 18:08:53.443 [main] Log - This message is from my own project
[INFO ] 2023-10-25 18:08:53.875 [main] Log - Browser window maximised
[INFO ] 2023-10-25 18:08:57.762 [main] Log - Navigated to URL
[INFO ] 2023-10-25 18:08:57.765 [main] Log - Page Load completed for : 1000
[INFO ] 2023-10-25 18:08:57.769 [main] Log - Implicit wait completed for : 20
[INFO ] 2023-10-25 18:08:57.780 [main] Log - All Browser cookies deleted
[INFO ] 2023-10-25 18:09:08.570 [main] Log - Screenshot Taken and attached to report
[INFO ] 2023-10-25 18:09:17.463 [main] Log - Screenshot Taken and attached to report
[INFO ] 2023-10-25 18:09:21.790 [main] Log - Screenshot Taken and attached to report
[INFO ] 2023-10-25 18:09:29.737 [main] Log - Screenshot Taken and attached to report
[INFO ] 2023-10-25 18:09:31.202 [main] Log - Screenshot Taken and attached to report
[INFO ] 2023-10-25 18:09:39.600 [main] Log - Screenshot Taken and attached to report
[INFO ] 2023-10-25 18:09:45.011 [main] Log - Screenshot Taken and attached to report
[INFO ] 2023-10-25 18:09:56.582 [main] Log - Screenshot Taken and attached to report
[INFO ] 2023-10-25 18:09:57.911 [main] Log - Screenshot Taken and attached to report
[INFO ] 2023-10-25 18:09:59.242 [main] Log - Screenshot Taken and attached to report
[INFO ] 2023-10-25 18:10:06.505 [main] Log - Screenshot Taken and attached to report
[INFO ] 2023-10-25 18:10:11.811 [main] Log - Screenshot Taken and attached to report
[INFO ] 2023-10-25 18:10:17.140 [main] Log - Screenshot Taken and attached to report
[INFO ] 2023-10-25 18:10:26.402 [main] Log - Screenshot Taken and attached to report
[INFO ] 2023-10-25 18:10:35.535 [main] Log - Method Passed : verifyBooleanCondition
[INFO ] 2023-10-25 18:10:36.248 [main] Log - Screenshot Taken and attached to report
[INFO ] 2023-10-25 18:10:41.252 [main] Log - Test Passed : com.thtechops.qa.communityTag.testcases.T1_Community_tag_functionality._1_LogIn_HelpPortal
[INFO ] 2023-10-25 18:10:41.955 [main] Log - Test Started : com.thtechops.qa.communityTag.testcases.T1_Community_tag_functionality._2_community_tag_functionality
[INFO ] 2023-10-25 18:10:41.955 [main] Log - This message is from my own project
[INFO ] 2023-10-25 18:11:02.046 [main] Log - Screenshot Taken and attached to report
[INFO ] 2023-10-25 18:11:05.682 [main] Log - Screenshot Taken and attached to report
[INFO ] 2023-10-25 18:11:09.400 [main] Log - Screenshot Taken and attached to report
[INFO ] 2023-10-25 18:11:09.514 [main] Log - Test Passed : com.thtechops.qa.communityTag.testcases.T1_Community_tag_functionality._2_community_tag_functionality
[INFO ] 2023-10-25 18:11:10.128 [main] Log - Test Started : com.thtechops.qa.communityTag.testcases.T1_Community_tag_functionality.drm_verification
[INFO ] 2023-10-25 18:11:10.128 [main] Log - This message is from my own project
[INFO ] 2023-10-25 18:11:13.841 [main] Log - Navigated to URL
[INFO ] 2023-10-25 18:11:13.841 [main] Log - Go to Sandbox Login URL
[INFO ] 2023-10-25 18:11:13.974 [main] Log - Webelement clicked, cleared and text entered
[INFO ] 2023-10-25 18:11:13.974 [main] Log - Enter Sandbox Username
[INFO ] 2023-10-25 18:11:14.456 [main] Log - Screenshot Taken and attached to report
[INFO ] 2023-10-25 18:11:14.531 [main] Log - Webelement clicked, cleared and text entered
[INFO ] 2023-10-25 18:11:14.531 [main] Log - Enter Sandbox Password
[INFO ] 2023-10-25 18:11:15.042 [main] Log - Screenshot Taken and attached to report
[INFO ] 2023-10-25 18:11:24.630 [main] Log - Element clicked
[INFO ] 2023-10-25 18:11:24.630 [main] Log - Click on Login
[INFO ] 2023-10-25 18:11:25.125 [main] Log - Screenshot Taken and attached to report
[INFO ] 2023-10-25 18:11:40.585 [main] Log - Webelement clicked, cleared and text entered
[INFO ] 2023-10-25 18:11:44.124 [main] Log - Screenshot Taken and attached to report
[INFO ] 2023-10-25 18:11:53.184 [main] Log - Browser refreshed
[INFO ] 2023-10-25 18:11:58.254 [main] Log - Element clicked
[INFO ] 2023-10-25 18:12:03.864 [main] Log - Screenshot Taken and attached to report
[INFO ] 2023-10-25 18:12:03.866 [main] Log - Implicit wait completed for : 10
[ERROR] 2023-10-25 18:12:03.867 [main] Log - Element is not yet visibleBy.xpath: //div[@class='slds-icon-waffle']
[INFO ] 2023-10-25 18:12:03.901 [main] Log - Element clicked
[INFO ] 2023-10-25 18:12:06.499 [main] Log - Webelement clicked, cleared and text entered
[INFO ] 2023-10-25 18:12:10.551 [main] Log - Element clicked
[INFO ] 2023-10-25 18:12:12.211 [main] Log - Screenshot Taken and attached to report
[INFO ] 2023-10-25 18:12:17.537 [main] Log - Element clicked
[INFO ] 2023-10-25 18:12:23.711 [main] Log - Method Passed : verifyElementSize
[INFO ] 2023-10-25 18:12:24.240 [main] Log - Screenshot Taken and attached to report
[INFO ] 2023-10-25 18:12:24.754 [main] Log - Screenshot Taken and attached to report
[INFO ] 2023-10-25 18:12:27.759 [main] Log - Test Passed : com.thtechops.qa.communityTag.testcases.T1_Community_tag_functionality.drm_verification
[INFO ] 2023-10-25 18:12:28.286 [main] Log - Execution Finished
[INFO ] 2023-10-25 18:12:28.655 [main] Log - Driver Closed
[INFO ] 2023-10-25 18:12:28.656 [main] Log - Suite FinishedCommunity Tag Test Suite
[INFO ] 2023-10-25 18:12:28.658 [main] Log - Execution Started
[INFO ] 2023-10-25 18:12:28.660 [main] Log - Open the Browser
[INFO ] 2023-10-25 18:12:30.158 [main] Log - Browser Opened : chrome with headless mode : false
[INFO ] 2023-10-25 18:12:30.168 [main] Log - ChromeDriver: chrome on mac (404ee29c145d49225c0040151fb8cb4b)
[INFO ] 2023-10-25 18:12:30.172 [main] Log - Configuration file found at : ./src/main/resources/config.properties
[INFO ] 2023-10-25 18:12:30.190 [main] Log - Test Started : com.thtechops.qa.automation.testClasses.Connect_disconnect_An_Account.sign_up_email
[INFO ] 2023-10-25 18:12:30.208 [main] Log - This message is from my own project
[INFO ] 2023-10-25 18:12:30.641 [main] Log - Browser window maximised
[INFO ] 2023-10-25 18:12:30.641 [main] Log - Navigation to URL
[INFO ] 2023-10-25 18:12:35.575 [main] Log - Navigated to URL
[INFO ] 2023-10-25 18:12:35.579 [main] Log - Page Load completed for : 1000
[INFO ] 2023-10-25 18:12:35.580 [main] Log - Navigated to Url : https://stg.trailhead.sfdc.sh/
[INFO ] 2023-10-25 18:12:35.582 [main] Log - Implicit wait completed for : 20
[INFO ] 2023-10-25 18:12:35.596 [main] Log - All Browser cookies deleted
[INFO ] 2023-10-25 18:12:36.355 [main] Log - Screenshot Taken and attached to report
[INFO ] 2023-10-25 18:12:45.906 [main] Log - Screenshot Taken and attached to report
[INFO ] 2023-10-25 18:12:50.251 [main] Log - Screenshot Taken and attached to report
[INFO ] 2023-10-25 18:12:58.252 [main] Log - Screenshot Taken and attached to report
[INFO ] 2023-10-25 18:12:59.747 [main] Log - Screenshot Taken and attached to report
[INFO ] 2023-10-25 18:13:08.536 [main] Log - Screenshot Taken and attached to report
[INFO ] 2023-10-25 18:13:23.323 [main] Log - Screenshot Taken and attached to report
[INFO ] 2023-10-25 18:13:30.622 [main] Log - Screenshot Taken and attached to report
[INFO ] 2023-10-25 18:13:31.943 [main] Log - Screenshot Taken and attached to report
[INFO ] 2023-10-25 18:13:33.232 [main] Log - Screenshot Taken and attached to report
[INFO ] 2023-10-25 18:13:40.511 [main] Log - Screenshot Taken and attached to report
[INFO ] 2023-10-25 18:13:45.809 [main] Log - Screenshot Taken and attached to report
[INFO ] 2023-10-25 18:13:51.074 [main] Log - Screenshot Taken and attached to report
[INFO ] 2023-10-25 18:14:00.304 [main] Log - Screenshot Taken and attached to report
[INFO ] 2023-10-25 18:14:10.579 [main] Log - Method Passed : verifyBooleanCondition
[INFO ] 2023-10-25 18:14:11.112 [main] Log - Screenshot Taken and attached to report
[INFO ] 2023-10-25 18:14:16.117 [main] Log - Test Passed : com.thtechops.qa.automation.testClasses.Connect_disconnect_An_Account.sign_up_email
[INFO ] 2023-10-25 18:14:16.655 [main] Log - Test Started : com.thtechops.qa.automation.testClasses.Connect_disconnect_An_Account.test_connect_account
[INFO ] 2023-10-25 18:14:16.656 [main] Log - This message is from my own project
[INFO ] 2023-10-25 18:14:32.108 [main] Log - Screenshot Taken and attached to report
[INFO ] 2023-10-25 18:14:37.766 [main] Log - Screenshot Taken and attached to report
[INFO ] 2023-10-25 18:14:38.345 [main] Log - Screenshot Taken and attached to report
[INFO ] 2023-10-25 18:14:54.998 [main] Log - Screenshot Taken and attached to report
[ERROR] 2023-10-25 18:15:08.372 [main] Log - Method Failed : verifyText
[INFO ] 2023-10-25 18:15:08.372 [main] Log - Test Passed : com.thtechops.qa.automation.testClasses.Connect_disconnect_An_Account.test_connect_account
[INFO ] 2023-10-25 18:15:08.829 [main] Log - Test Started : com.thtechops.qa.automation.testClasses.Connect_disconnect_An_Account.drm_verification
[INFO ] 2023-10-25 18:15:08.830 [main] Log - This message is from my own project
[INFO ] 2023-10-25 18:15:12.740 [main] Log - Navigated to URL
[INFO ] 2023-10-25 18:15:12.740 [main] Log - Go to Sandbox Login URL
[INFO ] 2023-10-25 18:15:12.861 [main] Log - Webelement clicked, cleared and text entered
[INFO ] 2023-10-25 18:15:12.861 [main] Log - Enter Sandbox Username
[INFO ] 2023-10-25 18:15:13.344 [main] Log - Screenshot Taken and attached to report
[INFO ] 2023-10-25 18:15:13.417 [main] Log - Webelement clicked, cleared and text entered
[INFO ] 2023-10-25 18:15:13.417 [main] Log - Enter Sandbox Password
[INFO ] 2023-10-25 18:15:14.259 [main] Log - Screenshot Taken and attached to report
[INFO ] 2023-10-25 18:15:29.386 [main] Log - Element clicked
[INFO ] 2023-10-25 18:15:29.387 [main] Log - Click on Login
[INFO ] 2023-10-25 18:15:30.075 [main] Log - Screenshot Taken and attached to report
[INFO ] 2023-10-25 18:15:45.530 [main] Log - Webelement clicked, cleared and text entered
[INFO ] 2023-10-25 18:15:49.058 [main] Log - Screenshot Taken and attached to report
[INFO ] 2023-10-25 18:15:57.767 [main] Log - Screenshot Taken and attached to report
[INFO ] 2023-10-25 18:15:58.704 [main] Log - Browser refreshed
[INFO ] 2023-10-25 18:16:03.763 [main] Log - Element clicked
[INFO ] 2023-10-25 18:16:13.845 [main] Log - Element clicked
[INFO ] 2023-10-25 18:16:14.360 [main] Log - Screenshot Taken and attached to report
[INFO ] 2023-10-25 18:16:14.897 [main] Log - Screenshot Taken and attached to report
[INFO ] 2023-10-25 18:16:14.923 [main] Log - Method Passed : verifyText
[INFO ] 2023-10-25 18:16:15.418 [main] Log - Screenshot Taken and attached to report
[INFO ] 2023-10-25 18:16:15.446 [main] Log - Method Passed : verifyText
[INFO ] 2023-10-25 18:16:15.944 [main] Log - Screenshot Taken and attached to report
[INFO ] 2023-10-25 18:16:16.455 [main] Log - Screenshot Taken and attached to report
[INFO ] 2023-10-25 18:16:26.934 [main] Log - Webelement clicked, cleared and text entered
[INFO ] 2023-10-25 18:16:30.501 [main] Log - Screenshot Taken and attached to report
[INFO ] 2023-10-25 18:16:53.617 [main] Log - Test Passed : com.thtechops.qa.automation.testClasses.Connect_disconnect_An_Account.drm_verification
[INFO ] 2023-10-25 18:16:54.139 [main] Log - Test Started : com.thtechops.qa.automation.testClasses.Connect_disconnect_An_Account.disconnect_the_contact
[INFO ] 2023-10-25 18:16:54.139 [main] Log - This message is from my own project
[INFO ] 2023-10-25 18:16:57.403 [main] Log - Browser refreshed
[INFO ] 2023-10-25 18:17:13.095 [main] Log - Screenshot Taken and attached to report
[INFO ] 2023-10-25 18:17:23.498 [main] Log - Webelement clicked, cleared and text entered
[INFO ] 2023-10-25 18:17:27.029 [main] Log - Screenshot Taken and attached to report
[INFO ] 2023-10-25 18:17:35.907 [main] Log - Screenshot Taken and attached to report
[INFO ] 2023-10-25 18:17:36.777 [main] Log - Browser refreshed
[INFO ] 2023-10-25 18:17:41.839 [main] Log - Element clicked
[INFO ] 2023-10-25 18:17:51.951 [main] Log - Element clicked
[INFO ] 2023-10-25 18:17:52.511 [main] Log - Screenshot Taken and attached to report
[INFO ] 2023-10-25 18:17:53.009 [main] Log - Screenshot Taken and attached to report
[INFO ] 2023-10-25 18:17:53.038 [main] Log - Method Passed : verifyText
[INFO ] 2023-10-25 18:17:53.569 [main] Log - Screenshot Taken and attached to report
[INFO ] 2023-10-25 18:17:53.596 [main] Log - Method Passed : verifyText
[INFO ] 2023-10-25 18:17:54.090 [main] Log - Screenshot Taken and attached to report
[INFO ] 2023-10-25 18:17:54.624 [main] Log - Screenshot Taken and attached to report
[INFO ] 2023-10-25 18:18:05.150 [main] Log - Webelement clicked, cleared and text entered
[INFO ] 2023-10-25 18:18:08.704 [main] Log - Screenshot Taken and attached to report
[INFO ] 2023-10-25 18:18:31.723 [main] Log - Test Passed : com.thtechops.qa.automation.testClasses.Connect_disconnect_An_Account.disconnect_the_contact
[INFO ] 2023-10-25 18:18:32.298 [main] Log - Execution Finished
[INFO ] 2023-10-25 18:18:32.670 [main] Log - Suite FinishedConnect Disconnect Test Suite
[INFO ] 2023-10-25 18:18:32.672 [main] Log - Execution Started
[INFO ] 2023-10-25 18:18:32.673 [main] Log - Suite FinishedSuite
[INFO ] 2023-10-25 18:34:20.661 [main] Log - Configuration file found at : ./src/main/resources/config.properties
[INFO ] 2023-10-25 18:34:20.709 [main] Log - Execution Started
[INFO ] 2023-10-25 18:34:20.815 [main] Log - Configuration file found at : ./src/main/resources/config.properties
[INFO ] 2023-10-25 18:34:20.830 [main] Log - Test Started : com.thtechops.qa.automation.testClasses.SignUp_Test.drm_verification
[INFO ] 2023-10-25 18:34:20.830 [main] Log - This message is from my own project
[INFO ] 2023-10-25 18:34:20.831 [main] Log - Open the Browser
[INFO ] 2023-10-25 18:34:23.533 [main] Log - Browser Opened : chrome with headless mode : false
[INFO ] 2023-10-25 18:34:23.534 [main] Log - ChromeDriver: chrome on mac (3159f380104f698bb527c995c2cdb38f)
[ERROR] 2023-10-25 18:34:24.079 [main] Log - Can not open new tab
[INFO ] 2023-10-25 18:34:27.958 [main] Log - Navigated to URL
[INFO ] 2023-10-25 18:34:27.959 [main] Log - Go to Sandbox Login URL
[INFO ] 2023-10-25 18:34:28.219 [main] Log - Webelement clicked, cleared and text entered
[INFO ] 2023-10-25 18:34:28.220 [main] Log - Enter Sandbox Username
[INFO ] 2023-10-25 18:34:28.759 [main] Log - Screenshot Taken and attached to report
[INFO ] 2023-10-25 18:34:28.865 [main] Log - Webelement clicked, cleared and text entered
[INFO ] 2023-10-25 18:34:28.865 [main] Log - Enter Sandbox Password
[INFO ] 2023-10-25 18:34:29.598 [main] Log - Screenshot Taken and attached to report
[INFO ] 2023-10-25 18:34:39.537 [main] Log - Element clicked
[INFO ] 2023-10-25 18:34:39.538 [main] Log - Click on Login
[INFO ] 2023-10-25 18:34:39.979 [main] Log - Screenshot Taken and attached to report
[INFO ] 2023-10-25 18:34:55.455 [main] Log - Webelement clicked, cleared and text entered
[INFO ] 2023-10-25 18:34:59.010 [main] Log - Screenshot Taken and attached to report
[INFO ] 2023-10-25 18:35:07.198 [main] Log - Method Passed : verifyElementSize
[INFO ] 2023-10-25 18:35:07.655 [main] Log - Screenshot Taken and attached to report
[INFO ] 2023-10-25 18:35:08.596 [main] Log - Browser refreshed
[INFO ] 2023-10-25 18:35:13.653 [main] Log - Element clicked
[INFO ] 2023-10-25 18:35:23.751 [main] Log - Element clicked
[INFO ] 2023-10-25 18:35:23.772 [main] Log - Method Passed : verifyBooleanCondition
[INFO ] 2023-10-25 18:35:24.193 [main] Log - Screenshot Taken and attached to report
[INFO ] 2023-10-25 18:35:24.694 [main] Log - Screenshot Taken and attached to report
[INFO ] 2023-10-25 18:35:24.724 [main] Log - Method Passed : verifyText
[INFO ] 2023-10-25 18:35:25.147 [main] Log - Screenshot Taken and attached to report
[ERROR] 2023-10-25 18:35:25.221 [main] Log - Method Failed : verifyText
[INFO ] 2023-10-25 18:35:25.639 [main] Log - Screenshot Taken and attached to report
[INFO ] 2023-10-25 18:35:26.075 [main] Log - Screenshot Taken and attached to report
[INFO ] 2023-10-25 18:35:26.077 [main] Log - Test Passed : com.thtechops.qa.automation.testClasses.SignUp_Test.drm_verification
[INFO ] 2023-10-25 18:35:26.485 [main] Log - Execution Finished
[INFO ] 2023-10-25 18:35:26.727 [main] Log - Suite FinishedContact Merge Functionality 
[INFO ] 2023-10-25 18:35:26.729 [main] Log - Execution Started
[INFO ] 2023-10-25 18:35:26.730 [main] Log - Suite FinishedSuite
[INFO ] 2023-10-25 18:44:25.956 [main] Log - Configuration file found at : ./src/main/resources/config.properties
[INFO ] 2023-10-25 18:44:26.007 [main] Log - Configuration file found at : ./src/main/resources/config.properties
[INFO ] 2023-10-25 18:44:26.019 [main] Log - Configuration file found at : ./src/main/resources/config.properties
[INFO ] 2023-10-25 18:44:26.031 [main] Log - Execution Started
[INFO ] 2023-10-25 18:44:26.070 [main] Log - Configuration file found at : ./src/main/resources/config.properties
[INFO ] 2023-10-25 18:44:26.104 [main] Log - Test Started : com.thtechops.qa.automation.testClasses.SignUp_Test.navigateToUrl
[INFO ] 2023-10-25 18:44:26.104 [main] Log - This message is from my own project
[INFO ] 2023-10-25 18:44:26.104 [main] Log - Open the Browser
[INFO ] 2023-10-25 18:44:28.521 [main] Log - Browser Opened : chrome with headless mode : false
[INFO ] 2023-10-25 18:44:28.536 [main] Log - ChromeDriver: chrome on mac (ce5cc1cdd325eb5aca35ff968c8a5d1a)
[INFO ] 2023-10-25 18:44:28.957 [main] Log - Browser window maximised
[INFO ] 2023-10-25 18:44:28.957 [main] Log - Navigation to URL
[INFO ] 2023-10-25 18:44:34.331 [main] Log - Navigated to URL
[INFO ] 2023-10-25 18:44:34.337 [main] Log - Page Load completed for : 1000
[INFO ] 2023-10-25 18:44:34.337 [main] Log - Navigated to Url : https://stg.trailhead.sfdc.sh/
[INFO ] 2023-10-25 18:44:34.341 [main] Log - Implicit wait completed for : 20
[INFO ] 2023-10-25 18:44:35.120 [main] Log - Screenshot Taken and attached to report
[INFO ] 2023-10-25 18:44:43.424 [main] Log - Screenshot Taken and attached to report
[INFO ] 2023-10-25 18:44:47.812 [main] Log - Screenshot Taken and attached to report
[INFO ] 2023-10-25 18:44:55.768 [main] Log - Screenshot Taken and attached to report
[INFO ] 2023-10-25 18:44:57.301 [main] Log - Screenshot Taken and attached to report
[INFO ] 2023-10-25 18:45:07.239 [main] Log - Screenshot Taken and attached to report
[INFO ] 2023-10-25 18:45:12.693 [main] Log - Screenshot Taken and attached to report
[INFO ] 2023-10-25 18:45:22.149 [main] Log - Screenshot Taken and attached to report
[INFO ] 2023-10-25 18:45:23.555 [main] Log - Screenshot Taken and attached to report
[INFO ] 2023-10-25 18:45:24.891 [main] Log - Screenshot Taken and attached to report
[INFO ] 2023-10-25 18:45:32.204 [main] Log - Screenshot Taken and attached to report
[INFO ] 2023-10-25 18:45:37.542 [main] Log - Screenshot Taken and attached to report
[INFO ] 2023-10-25 18:45:42.828 [main] Log - Screenshot Taken and attached to report
[INFO ] 2023-10-25 18:45:52.075 [main] Log - Screenshot Taken and attached to report
[INFO ] 2023-10-25 18:46:03.313 [main] Log - Method Passed : verifyBooleanCondition
[INFO ] 2023-10-25 18:46:03.945 [main] Log - Screenshot Taken and attached to report
[INFO ] 2023-10-25 18:46:08.974 [main] Log - All Browser cookies deleted
[INFO ] 2023-10-25 18:46:09.239 [main] Log - Open the Browser
[INFO ] 2023-10-25 18:46:10.650 [main] Log - Browser Opened : chrome with headless mode : false
[INFO ] 2023-10-25 18:46:10.666 [main] Log - ChromeDriver: chrome on mac (859ba7eae5b565e6e7370db687b7434d)
[INFO ] 2023-10-25 18:46:11.104 [main] Log - Browser window maximised
[INFO ] 2023-10-25 18:46:11.105 [main] Log - Navigation to URL
[INFO ] 2023-10-25 18:46:14.328 [main] Log - Navigated to URL
[INFO ] 2023-10-25 18:46:14.330 [main] Log - Page Load completed for : 1000
[INFO ] 2023-10-25 18:46:14.330 [main] Log - Navigated to Url : https://stg.trailhead.sfdc.sh/
[INFO ] 2023-10-25 18:46:14.333 [main] Log - Implicit wait completed for : 20
[INFO ] 2023-10-25 18:46:15.080 [main] Log - Screenshot Taken and attached to report
[INFO ] 2023-10-25 18:46:23.536 [main] Log - Screenshot Taken and attached to report
[INFO ] 2023-10-25 18:46:27.916 [main] Log - Screenshot Taken and attached to report
[INFO ] 2023-10-25 18:46:35.859 [main] Log - Screenshot Taken and attached to report
[INFO ] 2023-10-25 18:46:37.386 [main] Log - Screenshot Taken and attached to report
[INFO ] 2023-10-25 18:46:45.814 [main] Log - Screenshot Taken and attached to report
[INFO ] 2023-10-25 18:46:51.232 [main] Log - Screenshot Taken and attached to report
[INFO ] 2023-10-25 18:47:01.032 [main] Log - Screenshot Taken and attached to report
[INFO ] 2023-10-25 18:47:02.302 [main] Log - Screenshot Taken and attached to report
[INFO ] 2023-10-25 18:47:03.684 [main] Log - Screenshot Taken and attached to report
[INFO ] 2023-10-25 18:47:10.990 [main] Log - Screenshot Taken and attached to report
[INFO ] 2023-10-25 18:47:16.336 [main] Log - Screenshot Taken and attached to report
[INFO ] 2023-10-25 18:47:21.611 [main] Log - Screenshot Taken and attached to report
[INFO ] 2023-10-25 18:47:30.879 [main] Log - Screenshot Taken and attached to report
[INFO ] 2023-10-25 18:47:41.693 [main] Log - Method Passed : verifyBooleanCondition
[INFO ] 2023-10-25 18:47:42.273 [main] Log - Screenshot Taken and attached to report
[INFO ] 2023-10-25 18:47:47.307 [main] Log - All Browser cookies deleted
[INFO ] 2023-10-25 18:47:47.579 [main] Log - Test Passed : com.thtechops.qa.automation.testClasses.SignUp_Test.navigateToUrl
[INFO ] 2023-10-25 18:47:47.655 [main] Log - Test Started : com.thtechops.qa.automation.testClasses.SignUp_Test.login_using_otp
[INFO ] 2023-10-25 18:47:47.656 [main] Log - This message is from my own project
[INFO ] 2023-10-25 18:47:47.656 [main] Log - Open the Browser
[INFO ] 2023-10-25 18:47:49.044 [main] Log - Browser Opened : chrome with headless mode : false
[INFO ] 2023-10-25 18:47:49.047 [main] Log - ChromeDriver: chrome on mac (f2499860f24234619414a2225489fda5)
[INFO ] 2023-10-25 18:47:49.461 [main] Log - Browser window maximised
[INFO ] 2023-10-25 18:47:49.461 [main] Log - Navigation to URL
[INFO ] 2023-10-25 18:47:52.693 [main] Log - Navigated to URL
[INFO ] 2023-10-25 18:47:52.695 [main] Log - Page Load completed for : 1000
[INFO ] 2023-10-25 18:47:52.695 [main] Log - Navigated to Url : https://stg.trailhead.sfdc.sh/
[INFO ] 2023-10-25 18:47:52.697 [main] Log - Implicit wait completed for : 20
[INFO ] 2023-10-25 18:47:55.632 [main] Log - Screenshot Taken and attached to report
[INFO ] 2023-10-25 18:48:02.185 [main] Log - Screenshot Taken and attached to report
[INFO ] 2023-10-25 18:48:06.568 [main] Log - Screenshot Taken and attached to report
[INFO ] 2023-10-25 18:48:14.064 [main] Log - Screenshot Taken and attached to report
[INFO ] 2023-10-25 18:48:18.583 [main] Log - Screenshot Taken and attached to report
[INFO ] 2023-10-25 18:48:30.357 [main] Log - Screenshot Taken and attached to report
[INFO ] 2023-10-25 18:48:35.986 [main] Log - Screenshot Taken and attached to report
[INFO ] 2023-10-25 18:48:41.664 [main] Log - Screenshot Taken and attached to report
[INFO ] 2023-10-25 18:48:42.238 [main] Log - Screenshot Taken and attached to report
[INFO ] 2023-10-25 18:48:58.739 [main] Log - Screenshot Taken and attached to report
[INFO ] 2023-10-25 18:49:04.325 [main] Log - Screenshot Taken and attached to report
[INFO ] 2023-10-25 18:49:17.087 [main] Log - Screenshot Taken and attached to report
[INFO ] 2023-10-25 18:49:17.087 [main] Log - Test Passed : com.thtechops.qa.automation.testClasses.SignUp_Test.login_using_otp
[INFO ] 2023-10-25 18:49:17.542 [main] Log - Test Started : com.thtechops.qa.automation.testClasses.SignUp_Test.drm_verification
[INFO ] 2023-10-25 18:49:17.542 [main] Log - This message is from my own project
[INFO ] 2023-10-25 18:49:17.542 [main] Log - Open the Browser
[INFO ] 2023-10-25 18:49:18.936 [main] Log - Browser Opened : chrome with headless mode : false
[INFO ] 2023-10-25 18:49:18.958 [main] Log - ChromeDriver: chrome on mac (4063a8e679188a710f02abff30484c62)
[ERROR] 2023-10-25 18:49:19.414 [main] Log - Can not open new tab
[INFO ] 2023-10-25 18:49:23.509 [main] Log - Navigated to URL
[INFO ] 2023-10-25 18:49:23.509 [main] Log - Go to Sandbox Login URL
[INFO ] 2023-10-25 18:49:23.665 [main] Log - Webelement clicked, cleared and text entered
[INFO ] 2023-10-25 18:49:23.665 [main] Log - Enter Sandbox Username
[INFO ] 2023-10-25 18:49:24.155 [main] Log - Screenshot Taken and attached to report
[INFO ] 2023-10-25 18:49:24.255 [main] Log - Webelement clicked, cleared and text entered
[INFO ] 2023-10-25 18:49:24.267 [main] Log - Enter Sandbox Password
[INFO ] 2023-10-25 18:49:24.698 [main] Log - Screenshot Taken and attached to report
[INFO ] 2023-10-25 18:49:35.475 [main] Log - Element clicked
[INFO ] 2023-10-25 18:49:35.475 [main] Log - Click on Login
[INFO ] 2023-10-25 18:49:35.849 [main] Log - Screenshot Taken and attached to report
[INFO ] 2023-10-25 18:49:51.284 [main] Log - Webelement clicked, cleared and text entered
[INFO ] 2023-10-25 18:49:54.787 [main] Log - Screenshot Taken and attached to report
[WARN ] 2023-10-25 18:50:02.950 [main] Log - WebElement Not found
[INFO ] 2023-10-25 18:50:13.314 [main] Log - Webelement clicked, cleared and text entered
[INFO ] 2023-10-25 18:50:16.752 [main] Log - Screenshot Taken and attached to report
[WARN ] 2023-10-25 18:50:25.740 [main] Log - WebElement Not found
[INFO ] 2023-10-25 18:50:25.741 [main] Log - Test Passed : com.thtechops.qa.automation.testClasses.SignUp_Test.drm_verification
[INFO ] 2023-10-25 18:50:26.217 [main] Log - Execution Finished
[INFO ] 2023-10-25 18:50:26.667 [main] Log - Suite FinishedContact Merge Functionality 
[INFO ] 2023-10-25 18:50:26.669 [main] Log - Execution Started
[INFO ] 2023-10-25 18:50:26.670 [main] Log - Open the Browser
[INFO ] 2023-10-25 18:50:28.252 [main] Log - Browser Opened : chrome with headless mode : false
[INFO ] 2023-10-25 18:50:28.257 [main] Log - ChromeDriver: chrome on mac (f915f2ea7a31b9b9aa6d374f75a3404e)
[INFO ] 2023-10-25 18:50:28.280 [main] Log - Configuration file found at : ./src/main/resources/config.properties
[INFO ] 2023-10-25 18:50:28.299 [main] Log - Test Started : com.thtechops.qa.communityTag.testcases.T1_Community_tag_functionality._1_LogIn_HelpPortal
[INFO ] 2023-10-25 18:50:28.314 [main] Log - This message is from my own project
[INFO ] 2023-10-25 18:50:28.727 [main] Log - Browser window maximised
[INFO ] 2023-10-25 18:50:33.176 [main] Log - Navigated to URL
[INFO ] 2023-10-25 18:50:33.177 [main] Log - Page Load completed for : 1000
[INFO ] 2023-10-25 18:50:33.179 [main] Log - Implicit wait completed for : 20
[INFO ] 2023-10-25 18:50:33.191 [main] Log - All Browser cookies deleted
[INFO ] 2023-10-25 18:50:43.996 [main] Log - Screenshot Taken and attached to report
[INFO ] 2023-10-25 18:54:12.183 [main] Log - Configuration file found at : ./src/main/resources/config.properties
[INFO ] 2023-10-25 18:54:12.239 [main] Log - Configuration file found at : ./src/main/resources/config.properties
[INFO ] 2023-10-25 18:54:12.253 [main] Log - Configuration file found at : ./src/main/resources/config.properties
[INFO ] 2023-10-25 18:54:12.265 [main] Log - Execution Started
[INFO ] 2023-10-25 18:54:12.308 [main] Log - Configuration file found at : ./src/main/resources/config.properties
[INFO ] 2023-10-25 18:54:12.344 [main] Log - Test Started : com.thtechops.qa.automation.testClasses.SignUp_Test.navigateToUrl
[INFO ] 2023-10-25 18:54:12.344 [main] Log - This message is from my own project
[INFO ] 2023-10-25 18:54:12.345 [main] Log - Open the Browser
[INFO ] 2023-10-25 18:54:14.883 [main] Log - Browser Opened : chrome with headless mode : false
[INFO ] 2023-10-25 18:54:14.900 [main] Log - ChromeDriver: chrome on mac (b06511073d2e48c2c1f0a3baee9d6d9f)
[INFO ] 2023-10-25 18:54:15.321 [main] Log - Browser window maximised
[INFO ] 2023-10-25 18:54:15.321 [main] Log - Navigation to URL
[INFO ] 2023-10-25 18:54:18.642 [main] Log - Navigated to URL
[INFO ] 2023-10-25 18:54:18.648 [main] Log - Page Load completed for : 1000
[INFO ] 2023-10-25 18:54:18.648 [main] Log - Navigated to Url : https://stg.trailhead.sfdc.sh/
[INFO ] 2023-10-25 18:54:18.651 [main] Log - Implicit wait completed for : 20
[INFO ] 2023-10-25 18:54:19.445 [main] Log - Screenshot Taken and attached to report
[INFO ] 2023-10-25 18:54:27.730 [main] Log - Screenshot Taken and attached to report
[INFO ] 2023-10-25 18:54:32.139 [main] Log - Screenshot Taken and attached to report
[INFO ] 2023-10-25 18:54:39.946 [main] Log - Screenshot Taken and attached to report
[INFO ] 2023-10-25 18:54:41.435 [main] Log - Screenshot Taken and attached to report
[INFO ] 2023-10-25 18:54:50.913 [main] Log - Screenshot Taken and attached to report
[INFO ] 2023-10-25 18:54:56.334 [main] Log - Screenshot Taken and attached to report
[INFO ] 2023-10-25 18:55:09.792 [main] Log - Screenshot Taken and attached to report
[INFO ] 2023-10-25 18:55:11.080 [main] Log - Screenshot Taken and attached to report
[INFO ] 2023-10-25 18:55:12.382 [main] Log - Screenshot Taken and attached to report
[INFO ] 2023-10-25 18:55:19.682 [main] Log - Screenshot Taken and attached to report
[INFO ] 2023-10-25 18:55:24.987 [main] Log - Screenshot Taken and attached to report
[INFO ] 2023-10-25 18:55:30.286 [main] Log - Screenshot Taken and attached to report
[INFO ] 2023-10-25 18:55:39.563 [main] Log - Screenshot Taken and attached to report
[INFO ] 2023-10-25 18:55:52.902 [main] Log - Method Passed : verifyBooleanCondition
[INFO ] 2023-10-25 18:55:53.521 [main] Log - Screenshot Taken and attached to report
[INFO ] 2023-10-25 18:55:58.558 [main] Log - All Browser cookies deleted
[INFO ] 2023-10-25 18:55:58.886 [main] Log - Open the Browser
[INFO ] 2023-10-25 18:56:00.295 [main] Log - Browser Opened : chrome with headless mode : false
[INFO ] 2023-10-25 18:56:00.312 [main] Log - ChromeDriver: chrome on mac (0b00ee2a319ce6acd5c7e5e6740a6423)
[INFO ] 2023-10-25 18:56:00.721 [main] Log - Browser window maximised
[INFO ] 2023-10-25 18:56:00.721 [main] Log - Navigation to URL
[INFO ] 2023-10-25 18:56:04.012 [main] Log - Navigated to URL
[INFO ] 2023-10-25 18:56:04.014 [main] Log - Page Load completed for : 1000
[INFO ] 2023-10-25 18:56:04.015 [main] Log - Navigated to Url : https://stg.trailhead.sfdc.sh/
[INFO ] 2023-10-25 18:56:04.017 [main] Log - Implicit wait completed for : 20
[INFO ] 2023-10-25 18:56:04.827 [main] Log - Screenshot Taken and attached to report
[INFO ] 2023-10-25 18:56:14.529 [main] Log - Screenshot Taken and attached to report
[INFO ] 2023-10-25 18:56:18.895 [main] Log - Screenshot Taken and attached to report
[INFO ] 2023-10-25 18:56:26.714 [main] Log - Screenshot Taken and attached to report
[INFO ] 2023-10-25 18:56:28.198 [main] Log - Screenshot Taken and attached to report
[INFO ] 2023-10-25 18:56:36.683 [main] Log - Screenshot Taken and attached to report
[INFO ] 2023-10-25 18:56:42.093 [main] Log - Screenshot Taken and attached to report
[INFO ] 2023-10-25 18:56:49.789 [main] Log - Screenshot Taken and attached to report
[INFO ] 2023-10-25 18:56:51.124 [main] Log - Screenshot Taken and attached to report
[INFO ] 2023-10-25 18:56:52.456 [main] Log - Screenshot Taken and attached to report
[INFO ] 2023-10-25 18:56:59.725 [main] Log - Screenshot Taken and attached to report
[INFO ] 2023-10-25 18:57:05.060 [main] Log - Screenshot Taken and attached to report
[INFO ] 2023-10-25 18:57:10.329 [main] Log - Screenshot Taken and attached to report
[INFO ] 2023-10-25 18:57:19.556 [main] Log - Screenshot Taken and attached to report
[INFO ] 2023-10-25 18:57:30.282 [main] Log - Method Passed : verifyBooleanCondition
[INFO ] 2023-10-25 18:57:30.930 [main] Log - Screenshot Taken and attached to report
[INFO ] 2023-10-25 18:57:35.965 [main] Log - All Browser cookies deleted
[INFO ] 2023-10-25 18:57:36.235 [main] Log - Test Passed : com.thtechops.qa.automation.testClasses.SignUp_Test.navigateToUrl
[INFO ] 2023-10-25 18:57:36.298 [main] Log - Test Started : com.thtechops.qa.automation.testClasses.SignUp_Test.login_using_otp
[INFO ] 2023-10-25 18:57:36.298 [main] Log - This message is from my own project
[INFO ] 2023-10-25 18:57:36.298 [main] Log - Open the Browser
[INFO ] 2023-10-25 18:57:37.696 [main] Log - Browser Opened : chrome with headless mode : false
[INFO ] 2023-10-25 18:57:37.706 [main] Log - ChromeDriver: chrome on mac (fcd56f94db6b53b99c8bb302df050a92)
[INFO ] 2023-10-25 18:57:38.142 [main] Log - Browser window maximised
[INFO ] 2023-10-25 18:57:38.142 [main] Log - Navigation to URL
[INFO ] 2023-10-25 18:57:41.885 [main] Log - Navigated to URL
[INFO ] 2023-10-25 18:57:41.888 [main] Log - Page Load completed for : 1000
[INFO ] 2023-10-25 18:57:41.889 [main] Log - Navigated to Url : https://stg.trailhead.sfdc.sh/
[INFO ] 2023-10-25 18:57:41.893 [main] Log - Implicit wait completed for : 20
[INFO ] 2023-10-25 18:57:44.873 [main] Log - Screenshot Taken and attached to report
[INFO ] 2023-10-25 18:57:51.693 [main] Log - Screenshot Taken and attached to report
[INFO ] 2023-10-25 18:57:56.058 [main] Log - Screenshot Taken and attached to report
[INFO ] 2023-10-25 18:58:03.622 [main] Log - Screenshot Taken and attached to report
[INFO ] 2023-10-25 18:58:08.169 [main] Log - Screenshot Taken and attached to report
[INFO ] 2023-10-25 18:58:25.666 [main] Log - Screenshot Taken and attached to report
[INFO ] 2023-10-25 18:58:31.278 [main] Log - Screenshot Taken and attached to report
[INFO ] 2023-10-25 18:58:36.949 [main] Log - Screenshot Taken and attached to report
[INFO ] 2023-10-25 18:58:37.561 [main] Log - Screenshot Taken and attached to report
[INFO ] 2023-10-25 18:58:54.112 [main] Log - Screenshot Taken and attached to report
[INFO ] 2023-10-25 18:58:59.695 [main] Log - Screenshot Taken and attached to report
[INFO ] 2023-10-25 18:59:12.521 [main] Log - Screenshot Taken and attached to report
[INFO ] 2023-10-25 18:59:12.521 [main] Log - Test Passed : com.thtechops.qa.automation.testClasses.SignUp_Test.login_using_otp
[INFO ] 2023-10-25 18:59:13.013 [main] Log - Test Started : com.thtechops.qa.automation.testClasses.SignUp_Test.drm_verification
[INFO ] 2023-10-25 18:59:13.013 [main] Log - This message is from my own project
[INFO ] 2023-10-25 18:59:13.014 [main] Log - Open the Browser
[INFO ] 2023-10-25 18:59:14.412 [main] Log - Browser Opened : chrome with headless mode : false
[INFO ] 2023-10-25 18:59:14.430 [main] Log - ChromeDriver: chrome on mac (5ac4388616d0517a498bd6031c748d10)
[ERROR] 2023-10-25 18:59:14.891 [main] Log - Can not open new tab
[INFO ] 2023-10-25 18:59:18.479 [main] Log - Navigated to URL
[INFO ] 2023-10-25 18:59:18.479 [main] Log - Go to Sandbox Login URL
[INFO ] 2023-10-25 18:59:18.638 [main] Log - Webelement clicked, cleared and text entered
[INFO ] 2023-10-25 18:59:18.638 [main] Log - Enter Sandbox Username
[INFO ] 2023-10-25 18:59:19.102 [main] Log - Screenshot Taken and attached to report
[INFO ] 2023-10-25 18:59:19.191 [main] Log - Webelement clicked, cleared and text entered
[INFO ] 2023-10-25 18:59:19.191 [main] Log - Enter Sandbox Password
[INFO ] 2023-10-25 18:59:19.975 [main] Log - Screenshot Taken and attached to report
[INFO ] 2023-10-25 18:59:29.859 [main] Log - Element clicked
[INFO ] 2023-10-25 18:59:29.859 [main] Log - Click on Login
[INFO ] 2023-10-25 18:59:30.255 [main] Log - Screenshot Taken and attached to report
[INFO ] 2023-10-25 18:59:45.685 [main] Log - Webelement clicked, cleared and text entered
[INFO ] 2023-10-25 18:59:49.111 [main] Log - Screenshot Taken and attached to report
[INFO ] 2023-10-25 18:59:57.737 [main] Log - Screenshot Taken and attached to report
[INFO ] 2023-10-25 18:59:58.651 [main] Log - Browser refreshed
[INFO ] 2023-10-25 19:00:03.715 [main] Log - Element clicked
[INFO ] 2023-10-25 19:00:13.823 [main] Log - Element clicked
[INFO ] 2023-10-25 19:00:14.265 [main] Log - Screenshot Taken and attached to report
[INFO ] 2023-10-25 19:00:14.752 [main] Log - Screenshot Taken and attached to report
[ERROR] 2023-10-25 19:00:14.781 [main] Log - Method Failed : verifyText
[INFO ] 2023-10-25 19:00:15.184 [main] Log - Screenshot Taken and attached to report
[ERROR] 2023-10-25 19:00:15.249 [main] Log - Method Failed : verifyText
[INFO ] 2023-10-25 19:00:15.663 [main] Log - Screenshot Taken and attached to report
[INFO ] 2023-10-25 19:00:16.102 [main] Log - Screenshot Taken and attached to report
[INFO ] 2023-10-25 19:00:26.534 [main] Log - Webelement clicked, cleared and text entered
[INFO ] 2023-10-25 19:00:30.010 [main] Log - Screenshot Taken and attached to report
[INFO ] 2023-10-25 19:00:38.156 [main] Log - Test Passed : com.thtechops.qa.automation.testClasses.SignUp_Test.drm_verification
[INFO ] 2023-10-25 19:00:38.583 [main] Log - Execution Finished
[INFO ] 2023-10-25 19:00:42.036 [main] Log - Suite FinishedContact Merge Functionality 
[INFO ] 2023-10-25 19:00:42.038 [main] Log - Execution Started
[INFO ] 2023-10-25 19:00:42.039 [main] Log - Open the Browser
[INFO ] 2023-10-25 19:00:43.488 [main] Log - Browser Opened : chrome with headless mode : false
[INFO ] 2023-10-25 19:00:43.494 [main] Log - ChromeDriver: chrome on mac (ade0cc409446ab4de8fdd0e363e2f05a)
[INFO ] 2023-10-25 19:00:43.500 [main] Log - Configuration file found at : ./src/main/resources/config.properties
[INFO ] 2023-10-25 19:00:43.518 [main] Log - Test Started : com.thtechops.qa.communityTag.testcases.T1_Community_tag_functionality._1_LogIn_HelpPortal
[INFO ] 2023-10-25 19:00:43.535 [main] Log - This message is from my own project
[INFO ] 2023-10-25 19:00:43.961 [main] Log - Browser window maximised
[INFO ] 2023-10-25 19:00:47.794 [main] Log - Navigated to URL
[INFO ] 2023-10-25 19:00:47.796 [main] Log - Page Load completed for : 1000
[INFO ] 2023-10-25 19:00:47.799 [main] Log - Implicit wait completed for : 20
[INFO ] 2023-10-25 19:00:47.805 [main] Log - All Browser cookies deleted
[INFO ] 2023-10-25 19:00:58.587 [main] Log - Screenshot Taken and attached to report
[INFO ] 2023-10-25 19:01:08.369 [main] Log - Screenshot Taken and attached to report
[INFO ] 2023-10-25 19:01:12.734 [main] Log - Screenshot Taken and attached to report
[INFO ] 2023-10-25 19:01:20.640 [main] Log - Screenshot Taken and attached to report
[INFO ] 2023-10-25 19:01:22.240 [main] Log - Screenshot Taken and attached to report
[INFO ] 2023-10-25 19:01:30.711 [main] Log - Screenshot Taken and attached to report
[INFO ] 2023-10-25 19:01:46.372 [main] Log - Screenshot Taken and attached to report
[INFO ] 2023-10-25 19:01:53.717 [main] Log - Screenshot Taken and attached to report
[INFO ] 2023-10-25 19:01:55.024 [main] Log - Screenshot Taken and attached to report
[INFO ] 2023-10-25 19:01:56.337 [main] Log - Screenshot Taken and attached to report
[INFO ] 2023-10-25 19:02:03.953 [main] Log - Screenshot Taken and attached to report
[INFO ] 2023-10-25 19:02:09.460 [main] Log - Screenshot Taken and attached to report
[INFO ] 2023-10-25 19:02:14.796 [main] Log - Screenshot Taken and attached to report
[INFO ] 2023-10-25 19:02:24.012 [main] Log - Screenshot Taken and attached to report
[INFO ] 2023-10-25 19:02:33.829 [main] Log - Method Passed : verifyBooleanCondition
[INFO ] 2023-10-25 19:02:34.424 [main] Log - Screenshot Taken and attached to report
[INFO ] 2023-10-25 19:02:39.430 [main] Log - Test Passed : com.thtechops.qa.communityTag.testcases.T1_Community_tag_functionality._1_LogIn_HelpPortal
[INFO ] 2023-10-25 19:02:39.995 [main] Log - Test Started : com.thtechops.qa.communityTag.testcases.T1_Community_tag_functionality._2_community_tag_functionality
[INFO ] 2023-10-25 19:02:39.996 [main] Log - This message is from my own project
[INFO ] 2023-10-25 19:02:56.933 [main] Log - Screenshot Taken and attached to report
[INFO ] 2023-10-25 19:03:00.605 [main] Log - Screenshot Taken and attached to report
[INFO ] 2023-10-25 19:03:04.321 [main] Log - Screenshot Taken and attached to report
[INFO ] 2023-10-25 19:03:04.440 [main] Log - Test Passed : com.thtechops.qa.communityTag.testcases.T1_Community_tag_functionality._2_community_tag_functionality
[INFO ] 2023-10-25 19:03:05.039 [main] Log - Test Started : com.thtechops.qa.communityTag.testcases.T1_Community_tag_functionality.drm_verification
[INFO ] 2023-10-25 19:03:05.039 [main] Log - This message is from my own project
[INFO ] 2023-10-25 19:03:08.561 [main] Log - Navigated to URL
[INFO ] 2023-10-25 19:03:08.561 [main] Log - Go to Sandbox Login URL
[INFO ] 2023-10-25 19:03:08.718 [main] Log - Webelement clicked, cleared and text entered
[INFO ] 2023-10-25 19:03:08.718 [main] Log - Enter Sandbox Username
[INFO ] 2023-10-25 19:03:09.185 [main] Log - Screenshot Taken and attached to report
[INFO ] 2023-10-25 19:03:09.268 [main] Log - Webelement clicked, cleared and text entered
[INFO ] 2023-10-25 19:03:09.268 [main] Log - Enter Sandbox Password
[INFO ] 2023-10-25 19:03:10.273 [main] Log - Screenshot Taken and attached to report
[INFO ] 2023-10-25 19:03:19.589 [main] Log - Element clicked
[INFO ] 2023-10-25 19:03:19.589 [main] Log - Click on Login
[INFO ] 2023-10-25 19:03:20.087 [main] Log - Screenshot Taken and attached to report
[INFO ] 2023-10-25 19:03:35.546 [main] Log - Webelement clicked, cleared and text entered
[INFO ] 2023-10-25 19:03:39.101 [main] Log - Screenshot Taken and attached to report
[INFO ] 2023-10-25 19:03:48.226 [main] Log - Browser refreshed
[INFO ] 2023-10-25 19:03:53.278 [main] Log - Element clicked
[INFO ] 2023-10-25 19:03:58.876 [main] Log - Screenshot Taken and attached to report
[INFO ] 2023-10-25 19:03:58.878 [main] Log - Implicit wait completed for : 10
[ERROR] 2023-10-25 19:03:58.879 [main] Log - Element is not yet visibleBy.xpath: //div[@class='slds-icon-waffle']
[INFO ] 2023-10-25 19:03:58.917 [main] Log - Element clicked
[INFO ] 2023-10-25 19:04:00.768 [main] Log - Webelement clicked, cleared and text entered
[INFO ] 2023-10-25 19:04:04.824 [main] Log - Element clicked
[INFO ] 2023-10-25 19:04:06.197 [main] Log - Screenshot Taken and attached to report
[INFO ] 2023-10-25 19:04:11.575 [main] Log - Element clicked
[INFO ] 2023-10-25 19:04:17.729 [main] Log - Method Passed : verifyElementSize
[INFO ] 2023-10-25 19:04:18.240 [main] Log - Screenshot Taken and attached to report
[INFO ] 2023-10-25 19:04:18.761 [main] Log - Screenshot Taken and attached to report
[INFO ] 2023-10-25 19:04:21.767 [main] Log - Test Passed : com.thtechops.qa.communityTag.testcases.T1_Community_tag_functionality.drm_verification
[INFO ] 2023-10-25 19:04:22.269 [main] Log - Execution Finished
[INFO ] 2023-10-25 19:04:22.647 [main] Log - Driver Closed
[INFO ] 2023-10-25 19:04:22.648 [main] Log - Suite FinishedCommunity Tag Test Suite
[INFO ] 2023-10-25 19:04:22.650 [main] Log - Execution Started
[INFO ] 2023-10-25 19:04:22.652 [main] Log - Open the Browser
[INFO ] 2023-10-25 19:04:24.143 [main] Log - Browser Opened : chrome with headless mode : false
[INFO ] 2023-10-25 19:04:24.155 [main] Log - ChromeDriver: chrome on mac (5949e7b224797a3d6a7344e7aeb375a9)
[INFO ] 2023-10-25 19:04:24.177 [main] Log - Configuration file found at : ./src/main/resources/config.properties
[INFO ] 2023-10-25 19:04:24.197 [main] Log - Test Started : com.thtechops.qa.automation.testClasses.Connect_disconnect_An_Account.sign_up_email
[INFO ] 2023-10-25 19:04:24.214 [main] Log - This message is from my own project
[INFO ] 2023-10-25 19:04:24.623 [main] Log - Browser window maximised
[INFO ] 2023-10-25 19:04:24.624 [main] Log - Navigation to URL
[INFO ] 2023-10-25 19:04:28.031 [main] Log - Navigated to URL
[INFO ] 2023-10-25 19:04:28.033 [main] Log - Page Load completed for : 1000
[INFO ] 2023-10-25 19:04:28.033 [main] Log - Navigated to Url : https://stg.trailhead.sfdc.sh/
[INFO ] 2023-10-25 19:04:28.035 [main] Log - Implicit wait completed for : 20
[INFO ] 2023-10-25 19:04:28.047 [main] Log - All Browser cookies deleted
[INFO ] 2023-10-25 19:04:28.908 [main] Log - Screenshot Taken and attached to report
[INFO ] 2023-10-25 19:04:36.837 [main] Log - Screenshot Taken and attached to report
[INFO ] 2023-10-25 19:04:41.201 [main] Log - Screenshot Taken and attached to report
[INFO ] 2023-10-25 19:04:49.026 [main] Log - Screenshot Taken and attached to report
[INFO ] 2023-10-25 19:04:50.488 [main] Log - Screenshot Taken and attached to report
[INFO ] 2023-10-25 19:04:58.951 [main] Log - Screenshot Taken and attached to report
[INFO ] 2023-10-25 19:05:04.367 [main] Log - Screenshot Taken and attached to report
[INFO ] 2023-10-25 19:05:12.990 [main] Log - Screenshot Taken and attached to report
[INFO ] 2023-10-25 19:05:14.355 [main] Log - Screenshot Taken and attached to report
[INFO ] 2023-10-25 19:05:15.651 [main] Log - Screenshot Taken and attached to report
[INFO ] 2023-10-25 19:05:22.934 [main] Log - Screenshot Taken and attached to report
[INFO ] 2023-10-25 19:05:28.244 [main] Log - Screenshot Taken and attached to report
[INFO ] 2023-10-25 19:05:33.536 [main] Log - Screenshot Taken and attached to report
[INFO ] 2023-10-25 19:05:42.781 [main] Log - Screenshot Taken and attached to report
[INFO ] 2023-10-25 19:05:52.423 [main] Log - Method Passed : verifyBooleanCondition
[INFO ] 2023-10-25 19:05:52.989 [main] Log - Screenshot Taken and attached to report
[INFO ] 2023-10-25 19:05:57.994 [main] Log - Test Passed : com.thtechops.qa.automation.testClasses.Connect_disconnect_An_Account.sign_up_email
[INFO ] 2023-10-25 19:05:58.577 [main] Log - Test Started : com.thtechops.qa.automation.testClasses.Connect_disconnect_An_Account.test_connect_account
[INFO ] 2023-10-25 19:05:58.577 [main] Log - This message is from my own project
[INFO ] 2023-10-25 19:06:16.552 [main] Log - Screenshot Taken and attached to report
[INFO ] 2023-10-25 19:06:22.175 [main] Log - Screenshot Taken and attached to report
[INFO ] 2023-10-25 19:06:22.766 [main] Log - Screenshot Taken and attached to report
[INFO ] 2023-10-25 19:06:39.461 [main] Log - Screenshot Taken and attached to report
[ERROR] 2023-10-25 19:06:52.439 [main] Log - Method Failed : verifyText
[INFO ] 2023-10-25 19:06:52.440 [main] Log - Test Passed : com.thtechops.qa.automation.testClasses.Connect_disconnect_An_Account.test_connect_account
[INFO ] 2023-10-25 19:06:52.915 [main] Log - Test Started : com.thtechops.qa.automation.testClasses.Connect_disconnect_An_Account.drm_verification
[INFO ] 2023-10-25 19:06:52.915 [main] Log - This message is from my own project
[INFO ] 2023-10-25 19:06:56.747 [main] Log - Navigated to URL
[INFO ] 2023-10-25 19:06:56.747 [main] Log - Go to Sandbox Login URL
[INFO ] 2023-10-25 19:06:56.885 [main] Log - Webelement clicked, cleared and text entered
[INFO ] 2023-10-25 19:06:56.885 [main] Log - Enter Sandbox Username
[INFO ] 2023-10-25 19:06:57.350 [main] Log - Screenshot Taken and attached to report
[INFO ] 2023-10-25 19:06:57.430 [main] Log - Webelement clicked, cleared and text entered
[INFO ] 2023-10-25 19:06:57.430 [main] Log - Enter Sandbox Password
[INFO ] 2023-10-25 19:06:58.310 [main] Log - Screenshot Taken and attached to report
[INFO ] 2023-10-25 19:07:08.182 [main] Log - Element clicked
[INFO ] 2023-10-25 19:07:08.182 [main] Log - Click on Login
[INFO ] 2023-10-25 19:07:08.694 [main] Log - Screenshot Taken and attached to report
[INFO ] 2023-10-25 19:07:24.124 [main] Log - Webelement clicked, cleared and text entered
[INFO ] 2023-10-25 19:07:27.661 [main] Log - Screenshot Taken and attached to report
[INFO ] 2023-10-25 19:07:36.351 [main] Log - Screenshot Taken and attached to report
[INFO ] 2023-10-25 19:07:37.271 [main] Log - Browser refreshed
[INFO ] 2023-10-25 19:07:42.339 [main] Log - Element clicked
[INFO ] 2023-10-25 19:07:52.449 [main] Log - Element clicked
[INFO ] 2023-10-25 19:07:53.016 [main] Log - Screenshot Taken and attached to report
[INFO ] 2023-10-25 19:07:53.581 [main] Log - Screenshot Taken and attached to report
[INFO ] 2023-10-25 19:07:53.606 [main] Log - Method Passed : verifyText
[INFO ] 2023-10-25 19:07:54.147 [main] Log - Screenshot Taken and attached to report
[INFO ] 2023-10-25 19:07:54.218 [main] Log - Method Passed : verifyText
[INFO ] 2023-10-25 19:07:54.758 [main] Log - Screenshot Taken and attached to report
[INFO ] 2023-10-25 19:07:55.308 [main] Log - Screenshot Taken and attached to report
[INFO ] 2023-10-25 19:08:05.742 [main] Log - Webelement clicked, cleared and text entered
[INFO ] 2023-10-25 19:08:09.303 [main] Log - Screenshot Taken and attached to report
[INFO ] 2023-10-25 19:08:32.331 [main] Log - Test Passed : com.thtechops.qa.automation.testClasses.Connect_disconnect_An_Account.drm_verification
[INFO ] 2023-10-25 19:08:32.900 [main] Log - Test Started : com.thtechops.qa.automation.testClasses.Connect_disconnect_An_Account.disconnect_the_contact
[INFO ] 2023-10-25 19:08:32.901 [main] Log - This message is from my own project
[INFO ] 2023-10-25 19:08:38.622 [main] Log - Browser refreshed
[INFO ] 2023-10-25 19:08:54.304 [main] Log - Screenshot Taken and attached to report
[INFO ] 2023-10-25 19:09:04.677 [main] Log - Webelement clicked, cleared and text entered
[INFO ] 2023-10-25 19:09:08.241 [main] Log - Screenshot Taken and attached to report
[INFO ] 2023-10-25 19:09:17.172 [main] Log - Screenshot Taken and attached to report
[INFO ] 2023-10-25 19:09:18.134 [main] Log - Browser refreshed
[INFO ] 2023-10-25 19:09:23.201 [main] Log - Element clicked
[INFO ] 2023-10-25 19:09:33.308 [main] Log - Element clicked
[INFO ] 2023-10-25 19:09:33.860 [main] Log - Screenshot Taken and attached to report
[INFO ] 2023-10-25 19:09:34.412 [main] Log - Screenshot Taken and attached to report
[INFO ] 2023-10-25 19:09:34.437 [main] Log - Method Passed : verifyText
[INFO ] 2023-10-25 19:09:34.946 [main] Log - Screenshot Taken and attached to report
[INFO ] 2023-10-25 19:09:34.973 [main] Log - Method Passed : verifyText
[INFO ] 2023-10-25 19:09:35.505 [main] Log - Screenshot Taken and attached to report
[INFO ] 2023-10-25 19:09:36.085 [main] Log - Screenshot Taken and attached to report
[INFO ] 2023-10-25 19:09:46.621 [main] Log - Webelement clicked, cleared and text entered
[INFO ] 2023-10-25 19:09:50.263 [main] Log - Screenshot Taken and attached to report
[INFO ] 2023-10-25 19:10:13.305 [main] Log - Test Passed : com.thtechops.qa.automation.testClasses.Connect_disconnect_An_Account.disconnect_the_contact
[INFO ] 2023-10-25 19:10:13.913 [main] Log - Execution Finished
[INFO ] 2023-10-25 19:10:14.242 [main] Log - Suite FinishedConnect Disconnect Test Suite
[INFO ] 2023-10-25 19:10:14.244 [main] Log - Execution Started
[INFO ] 2023-10-25 19:10:14.244 [main] Log - Suite FinishedSuite
[INFO ] 2023-10-25 19:43:09.160 [main] Log - Configuration file found at : ./src/main/resources/config.properties
[INFO ] 2023-10-25 19:43:09.205 [main] Log - Execution Started
[INFO ] 2023-10-25 19:43:09.329 [main] Log - Configuration file found at : ./src/main/resources/config.properties
[INFO ] 2023-10-25 19:43:09.346 [main] Log - Test Started : com.thtechops.qa.automation.testClasses.SignUp_Test.drm_verification
[INFO ] 2023-10-25 19:43:09.346 [main] Log - This message is from my own project
[INFO ] 2023-10-25 19:43:09.347 [main] Log - Open the Browser
[INFO ] 2023-10-25 19:43:12.017 [main] Log - Browser Opened : chrome with headless mode : false
[INFO ] 2023-10-25 19:43:12.033 [main] Log - ChromeDriver: chrome on mac (4051845a2369d8fae906d4972046a060)
[ERROR] 2023-10-25 19:43:12.502 [main] Log - Can not open new tab
[INFO ] 2023-10-25 19:43:16.773 [main] Log - Navigated to URL
[INFO ] 2023-10-25 19:43:16.773 [main] Log - Go to Sandbox Login URL
[INFO ] 2023-10-25 19:43:16.947 [main] Log - Webelement clicked, cleared and text entered
[INFO ] 2023-10-25 19:43:16.947 [main] Log - Enter Sandbox Username
[INFO ] 2023-10-25 19:43:17.478 [main] Log - Screenshot Taken and attached to report
[INFO ] 2023-10-25 19:43:17.592 [main] Log - Webelement clicked, cleared and text entered
[INFO ] 2023-10-25 19:43:17.592 [main] Log - Enter Sandbox Password
[INFO ] 2023-10-25 19:43:18.016 [main] Log - Screenshot Taken and attached to report
[INFO ] 2023-10-25 19:43:27.871 [main] Log - Element clicked
[INFO ] 2023-10-25 19:43:27.871 [main] Log - Click on Login
[INFO ] 2023-10-25 19:43:28.268 [main] Log - Screenshot Taken and attached to report
[INFO ] 2023-10-25 19:43:43.733 [main] Log - Webelement clicked, cleared and text entered
[INFO ] 2023-10-25 19:43:47.169 [main] Log - Screenshot Taken and attached to report
[INFO ] 2023-10-25 19:43:55.765 [main] Log - Screenshot Taken and attached to report
[INFO ] 2023-10-25 19:43:56.660 [main] Log - Browser refreshed
[INFO ] 2023-10-25 19:44:01.734 [main] Log - Element clicked
[INFO ] 2023-10-25 19:44:11.853 [main] Log - Element clicked
[INFO ] 2023-10-25 19:44:12.295 [main] Log - Screenshot Taken and attached to report
[INFO ] 2023-10-25 19:44:12.778 [main] Log - Screenshot Taken and attached to report
[INFO ] 2023-10-25 19:44:13.206 [main] Log - Screenshot Taken and attached to report
[INFO ] 2023-10-25 19:44:13.689 [main] Log - Screenshot Taken and attached to report
[INFO ] 2023-10-25 19:44:14.144 [main] Log - Screenshot Taken and attached to report
[INFO ] 2023-10-25 19:44:24.627 [main] Log - Webelement clicked, cleared and text entered
[INFO ] 2023-10-25 19:44:28.062 [main] Log - Screenshot Taken and attached to report
[INFO ] 2023-10-25 19:44:36.226 [main] Log - Test Passed : com.thtechops.qa.automation.testClasses.SignUp_Test.drm_verification
[INFO ] 2023-10-25 19:44:36.685 [main] Log - Execution Finished
[INFO ] 2023-10-25 19:44:36.934 [main] Log - Suite FinishedContact Merge Functionality 
[INFO ] 2023-10-25 19:44:36.936 [main] Log - Execution Started
[INFO ] 2023-10-25 19:44:36.938 [main] Log - Suite FinishedSuite
[INFO ] 2023-10-25 19:56:01.646 [main] Log - Configuration file found at : ./src/main/resources/config.properties
[INFO ] 2023-10-25 19:56:01.694 [main] Log - Execution Started
[INFO ] 2023-10-25 19:56:01.799 [main] Log - Configuration file found at : ./src/main/resources/config.properties
[INFO ] 2023-10-25 19:56:01.813 [main] Log - Test Started : com.thtechops.qa.automation.testClasses.SignUp_Test.drm_verification
[INFO ] 2023-10-25 19:56:01.813 [main] Log - This message is from my own project
[INFO ] 2023-10-25 19:56:01.814 [main] Log - Open the Browser
[INFO ] 2023-10-25 19:56:04.100 [main] Log - Browser Opened : chrome with headless mode : false
[INFO ] 2023-10-25 19:56:04.102 [main] Log - ChromeDriver: chrome on mac (74c65871085772930ae9d549a4b2e41f)
[ERROR] 2023-10-25 19:56:04.560 [main] Log - Can not open new tab
[INFO ] 2023-10-25 19:56:08.780 [main] Log - Navigated to URL
[INFO ] 2023-10-25 19:56:08.780 [main] Log - Go to Sandbox Login URL
[INFO ] 2023-10-25 19:56:08.958 [main] Log - Webelement clicked, cleared and text entered
[INFO ] 2023-10-25 19:56:08.958 [main] Log - Enter Sandbox Username
[INFO ] 2023-10-25 19:56:09.494 [main] Log - Screenshot Taken and attached to report
[INFO ] 2023-10-25 19:56:09.605 [main] Log - Webelement clicked, cleared and text entered
[INFO ] 2023-10-25 19:56:09.605 [main] Log - Enter Sandbox Password
[INFO ] 2023-10-25 19:56:09.990 [main] Log - Screenshot Taken and attached to report
[INFO ] 2023-10-25 19:56:19.404 [main] Log - Element clicked
[INFO ] 2023-10-25 19:56:19.405 [main] Log - Click on Login
[INFO ] 2023-10-25 19:56:19.810 [main] Log - Screenshot Taken and attached to report
[INFO ] 2023-10-25 19:56:35.257 [main] Log - Webelement clicked, cleared and text entered
[INFO ] 2023-10-25 19:56:38.710 [main] Log - Screenshot Taken and attached to report
[INFO ] 2023-10-25 19:56:47.359 [main] Log - Screenshot Taken and attached to report
[INFO ] 2023-10-25 19:56:48.249 [main] Log - Browser refreshed
[INFO ] 2023-10-25 19:56:53.309 [main] Log - Element clicked
[INFO ] 2023-10-25 19:57:03.402 [main] Log - Element clicked
[INFO ] 2023-10-25 19:57:03.828 [main] Log - Screenshot Taken and attached to report
[INFO ] 2023-10-25 19:57:04.326 [main] Log - Screenshot Taken and attached to report
[INFO ] 2023-10-25 19:57:04.754 [main] Log - Screenshot Taken and attached to report
[INFO ] 2023-10-25 19:57:05.198 [main] Log - Screenshot Taken and attached to report
[INFO ] 2023-10-25 19:57:05.718 [main] Log - Screenshot Taken and attached to report
[INFO ] 2023-10-25 19:57:16.187 [main] Log - Webelement clicked, cleared and text entered
[INFO ] 2023-10-25 19:57:19.615 [main] Log - Screenshot Taken and attached to report
[INFO ] 2023-10-25 19:57:29.043 [main] Log - Browser refreshed
[INFO ] 2023-10-25 19:57:34.086 [main] Log - Method Passed : verifyElementSize
[INFO ] 2023-10-25 19:57:34.527 [main] Log - Screenshot Taken and attached to report
[INFO ] 2023-10-25 19:57:35.844 [main] Log - Browser refreshed
[INFO ] 2023-10-25 19:57:40.938 [main] Log - Element clicked
[INFO ] 2023-10-25 19:57:51.045 [main] Log - Element clicked
[ERROR] 2023-10-25 19:57:51.066 [main] Log - Method Failed : verifyBooleanCondition
[INFO ] 2023-10-25 19:57:51.460 [main] Log - Screenshot Taken and attached to report
[INFO ] 2023-10-25 19:57:51.899 [main] Log - Screenshot Taken and attached to report
[INFO ] 2023-10-25 19:57:52.336 [main] Log - Screenshot Taken and attached to report
[INFO ] 2023-10-25 19:57:52.779 [main] Log - Screenshot Taken and attached to report
[INFO ] 2023-10-25 19:57:53.237 [main] Log - Screenshot Taken and attached to report
[INFO ] 2023-10-25 19:57:53.239 [main] Log - Test Passed : com.thtechops.qa.automation.testClasses.SignUp_Test.drm_verification
[INFO ] 2023-10-25 19:57:53.643 [main] Log - Execution Finished
[INFO ] 2023-10-25 19:57:53.884 [main] Log - Suite FinishedContact Merge Functionality 
[INFO ] 2023-10-25 19:57:53.886 [main] Log - Execution Started
[INFO ] 2023-10-25 19:57:53.887 [main] Log - Suite FinishedSuite
[INFO ] 2023-10-25 20:57:31.580 [main] Log - Configuration file found at : ./src/main/resources/config.properties
[INFO ] 2023-10-25 20:57:31.632 [main] Log - Execution Started
[INFO ] 2023-10-25 20:57:31.676 [main] Log - Configuration file found at : ./src/main/resources/config.properties
[INFO ] 2023-10-25 20:57:31.716 [main] Log - Test Started : com.thtechops.qa.automation.testClasses.SignUp_Test.navigateToUrl
[INFO ] 2023-10-25 20:57:31.716 [main] Log - This message is from my own project
[INFO ] 2023-10-25 20:57:31.717 [main] Log - Open the Browser
[INFO ] 2023-10-25 20:57:34.296 [main] Log - Browser Opened : chrome with headless mode : false
[INFO ] 2023-10-25 20:57:34.300 [main] Log - ChromeDriver: chrome on mac (0ba92ef95fcec494a6fa101c7352a291)
[INFO ] 2023-10-25 20:57:34.741 [main] Log - Browser window maximised
[INFO ] 2023-10-25 20:57:34.741 [main] Log - Navigation to URL
[INFO ] 2023-10-25 20:57:38.957 [main] Log - Navigated to URL
[INFO ] 2023-10-25 20:57:38.962 [main] Log - Page Load completed for : 1000
[INFO ] 2023-10-25 20:57:38.963 [main] Log - Navigated to Url : https://stg.trailhead.sfdc.sh/
[INFO ] 2023-10-25 20:57:38.968 [main] Log - Implicit wait completed for : 20
[INFO ] 2023-10-25 20:57:39.713 [main] Log - Screenshot Taken and attached to report
[INFO ] 2023-10-25 20:57:48.619 [main] Log - Screenshot Taken and attached to report
[INFO ] 2023-10-25 20:57:53.064 [main] Log - Screenshot Taken and attached to report
[INFO ] 2023-10-25 20:58:00.923 [main] Log - Screenshot Taken and attached to report
[INFO ] 2023-10-25 20:58:02.419 [main] Log - Screenshot Taken and attached to report
[INFO ] 2023-10-25 20:58:12.264 [main] Log - Screenshot Taken and attached to report
[INFO ] 2023-10-25 20:58:17.723 [main] Log - Screenshot Taken and attached to report
[INFO ] 2023-10-25 21:03:01.073 [main] Log - Configuration file found at : ./src/main/resources/config.properties
[INFO ] 2023-10-25 21:03:01.123 [main] Log - Execution Started
[INFO ] 2023-10-25 21:03:01.162 [main] Log - Configuration file found at : ./src/main/resources/config.properties
[INFO ] 2023-10-25 21:03:01.193 [main] Log - Test Started : com.thtechops.qa.automation.testClasses.SignUp_Test.navigateToUrl
[INFO ] 2023-10-25 21:03:01.194 [main] Log - This message is from my own project
[INFO ] 2023-10-25 21:03:01.194 [main] Log - Open the Browser
[INFO ] 2023-10-25 21:03:03.531 [main] Log - Browser Opened : chrome with headless mode : false
[INFO ] 2023-10-25 21:03:03.539 [main] Log - ChromeDriver: chrome on mac (fa898336161d88b24305c3fbe06ac4c5)
[INFO ] 2023-10-25 21:03:03.988 [main] Log - Browser window maximised
[INFO ] 2023-10-25 21:03:03.988 [main] Log - Navigation to URL
[INFO ] 2023-10-25 21:03:07.525 [main] Log - Navigated to URL
[INFO ] 2023-10-25 21:03:07.530 [main] Log - Page Load completed for : 1000
[INFO ] 2023-10-25 21:03:07.530 [main] Log - Navigated to Url : https://stg.trailhead.sfdc.sh/
[INFO ] 2023-10-25 21:03:07.533 [main] Log - Implicit wait completed for : 20
[INFO ] 2023-10-25 21:03:08.302 [main] Log - Screenshot Taken and attached to report
[INFO ] 2023-10-25 21:03:17.480 [main] Log - Screenshot Taken and attached to report
[INFO ] 2023-10-25 21:03:21.841 [main] Log - Screenshot Taken and attached to report
[INFO ] 2023-10-25 21:03:23.602 [main] Log - Screenshot Taken and attached to report
[INFO ] 2023-10-25 21:03:28.108 [main] Log - Screenshot Taken and attached to report
[INFO ] 2023-10-25 21:03:32.672 [main] Log - Screenshot Taken and attached to report
[INFO ] 2023-10-25 21:03:34.212 [main] Log - Screenshot Taken and attached to report
[INFO ] 2023-10-25 21:03:43.863 [main] Log - Screenshot Taken and attached to report
[INFO ] 2023-10-25 21:03:49.319 [main] Log - Screenshot Taken and attached to report
[INFO ] 2023-10-25 21:04:15.394 [main] Log - All Browser cookies deleted
[INFO ] 2023-10-25 21:04:15.553 [main] Log - Open the Browser
[INFO ] 2023-10-25 21:04:17.084 [main] Log - Browser Opened : chrome with headless mode : false
[INFO ] 2023-10-25 21:04:17.086 [main] Log - ChromeDriver: chrome on mac (c4dc6ac37f44f66e12ddf18bff7b2aca)
[INFO ] 2023-10-25 21:04:17.521 [main] Log - Browser window maximised
[INFO ] 2023-10-25 21:04:17.522 [main] Log - Navigation to URL
[INFO ] 2023-10-25 21:04:21.292 [main] Log - Navigated to URL
[INFO ] 2023-10-25 21:04:21.295 [main] Log - Page Load completed for : 1000
[INFO ] 2023-10-25 21:04:21.296 [main] Log - Navigated to Url : https://stg.trailhead.sfdc.sh/
[INFO ] 2023-10-25 21:04:21.298 [main] Log - Implicit wait completed for : 20
[INFO ] 2023-10-25 21:04:22.489 [main] Log - Screenshot Taken and attached to report
[INFO ] 2023-10-25 21:37:04.661 [main] Log - Configuration file found at : ./src/main/resources/config.properties
[INFO ] 2023-10-25 21:37:04.709 [main] Log - Execution Started
[INFO ] 2023-10-25 21:37:04.748 [main] Log - Configuration file found at : ./src/main/resources/config.properties
[INFO ] 2023-10-25 21:37:04.782 [main] Log - Test Started : com.thtechops.qa.automation.testClasses.SignUp_Test.navigateToUrl
[INFO ] 2023-10-25 21:37:04.783 [main] Log - This message is from my own project
[INFO ] 2023-10-25 21:37:04.783 [main] Log - Open the Browser
[INFO ] 2023-10-25 21:37:07.028 [main] Log - Browser Opened : chrome with headless mode : false
[INFO ] 2023-10-25 21:37:07.046 [main] Log - ChromeDriver: chrome on mac (1bed2976ef79181ac0cc85fac8def02b)
[INFO ] 2023-10-25 21:37:07.470 [main] Log - Browser window maximised
[INFO ] 2023-10-25 21:37:07.470 [main] Log - Navigation to URL
[INFO ] 2023-10-25 21:37:11.622 [main] Log - Navigated to URL
[INFO ] 2023-10-25 21:37:11.626 [main] Log - Page Load completed for : 1000
[INFO ] 2023-10-25 21:37:11.626 [main] Log - Navigated to Url : https://stg.trailhead.sfdc.sh/
[INFO ] 2023-10-25 21:37:11.630 [main] Log - Implicit wait completed for : 20
[INFO ] 2023-10-25 21:37:12.398 [main] Log - Screenshot Taken and attached to report
[INFO ] 2023-10-25 21:37:21.589 [main] Log - Screenshot Taken and attached to report
[INFO ] 2023-10-25 21:37:26.021 [main] Log - Screenshot Taken and attached to report
[INFO ] 2023-10-25 21:37:27.732 [main] Log - Screenshot Taken and attached to report
[INFO ] 2023-10-25 21:37:32.212 [main] Log - Screenshot Taken and attached to report
[INFO ] 2023-10-25 21:37:36.723 [main] Log - Screenshot Taken and attached to report
[INFO ] 2023-10-25 21:37:38.201 [main] Log - Screenshot Taken and attached to report
[INFO ] 2023-10-25 21:37:47.753 [main] Log - Screenshot Taken and attached to report
[INFO ] 2023-10-25 21:37:53.173 [main] Log - Screenshot Taken and attached to report
[INFO ] 2023-10-25 21:38:06.517 [main] Log - Screenshot Taken and attached to report
[INFO ] 2023-10-25 21:38:07.799 [main] Log - Screenshot Taken and attached to report
[INFO ] 2023-10-25 21:38:09.121 [main] Log - Screenshot Taken and attached to report
[INFO ] 2023-10-25 21:38:16.447 [main] Log - Screenshot Taken and attached to report
[INFO ] 2023-10-25 21:38:21.805 [main] Log - Screenshot Taken and attached to report
[INFO ] 2023-10-25 21:38:27.116 [main] Log - Screenshot Taken and attached to report
[INFO ] 2023-10-25 21:38:36.374 [main] Log - Screenshot Taken and attached to report
[INFO ] 2023-10-25 21:38:47.818 [main] Log - Method Passed : verifyBooleanCondition
[INFO ] 2023-10-25 21:38:48.445 [main] Log - Screenshot Taken and attached to report
[INFO ] 2023-10-25 21:38:53.475 [main] Log - All Browser cookies deleted
[INFO ] 2023-10-25 21:38:53.746 [main] Log - Open the Browser
[INFO ] 2023-10-25 21:38:55.115 [main] Log - Browser Opened : chrome with headless mode : false
[INFO ] 2023-10-25 21:38:55.141 [main] Log - ChromeDriver: chrome on mac (6cd84347afe5fc1e3a100e839984ceb5)
[INFO ] 2023-10-25 21:38:55.558 [main] Log - Browser window maximised
[INFO ] 2023-10-25 21:38:55.559 [main] Log - Navigation to URL
[INFO ] 2023-10-25 21:38:59.979 [main] Log - Navigated to URL
[INFO ] 2023-10-25 21:38:59.981 [main] Log - Page Load completed for : 1000
[INFO ] 2023-10-25 21:38:59.981 [main] Log - Navigated to Url : https://stg.trailhead.sfdc.sh/
[INFO ] 2023-10-25 21:38:59.983 [main] Log - Implicit wait completed for : 20
[INFO ] 2023-10-25 21:39:00.787 [main] Log - Screenshot Taken and attached to report
[INFO ] 2023-10-25 21:39:09.701 [main] Log - Screenshot Taken and attached to report
[INFO ] 2023-10-25 21:39:14.062 [main] Log - Screenshot Taken and attached to report
[INFO ] 2023-10-25 21:39:15.828 [main] Log - Screenshot Taken and attached to report
[INFO ] 2023-10-25 21:39:20.320 [main] Log - Screenshot Taken and attached to report
[INFO ] 2023-10-25 21:39:24.815 [main] Log - Screenshot Taken and attached to report
[INFO ] 2023-10-25 21:39:26.315 [main] Log - Screenshot Taken and attached to report
[INFO ] 2023-10-25 21:39:34.896 [main] Log - Screenshot Taken and attached to report
[INFO ] 2023-10-25 21:39:40.292 [main] Log - Screenshot Taken and attached to report
[INFO ] 2023-10-25 21:39:49.404 [main] Log - Screenshot Taken and attached to report
[INFO ] 2023-10-25 21:39:50.750 [main] Log - Screenshot Taken and attached to report
[INFO ] 2023-10-25 21:39:52.075 [main] Log - Screenshot Taken and attached to report
[INFO ] 2023-10-25 21:39:59.395 [main] Log - Screenshot Taken and attached to report
[INFO ] 2023-10-25 21:40:04.730 [main] Log - Screenshot Taken and attached to report
[INFO ] 2023-10-25 21:40:10.040 [main] Log - Screenshot Taken and attached to report
[INFO ] 2023-10-25 21:40:19.290 [main] Log - Screenshot Taken and attached to report
[INFO ] 2023-10-25 21:40:29.023 [main] Log - Method Passed : verifyBooleanCondition
[INFO ] 2023-10-25 21:40:29.623 [main] Log - Screenshot Taken and attached to report
[INFO ] 2023-10-25 21:40:34.680 [main] Log - All Browser cookies deleted
[INFO ] 2023-10-25 21:40:34.951 [main] Log - Test Passed : com.thtechops.qa.automation.testClasses.SignUp_Test.navigateToUrl
[INFO ] 2023-10-25 21:40:35.032 [main] Log - Test Started : com.thtechops.qa.automation.testClasses.SignUp_Test.login_using_otp
[INFO ] 2023-10-25 21:40:35.033 [main] Log - This message is from my own project
[INFO ] 2023-10-25 21:40:35.033 [main] Log - Open the Browser
[INFO ] 2023-10-25 21:40:36.407 [main] Log - Browser Opened : chrome with headless mode : false
[INFO ] 2023-10-25 21:40:36.419 [main] Log - ChromeDriver: chrome on mac (b94a6616a90a6236df5a4411160712fc)
[INFO ] 2023-10-25 21:40:36.848 [main] Log - Browser window maximised
[INFO ] 2023-10-25 21:40:36.849 [main] Log - Navigation to URL
[INFO ] 2023-10-25 21:40:39.997 [main] Log - Navigated to URL
[INFO ] 2023-10-25 21:40:40.000 [main] Log - Page Load completed for : 1000
[INFO ] 2023-10-25 21:40:40.001 [main] Log - Navigated to Url : https://stg.trailhead.sfdc.sh/
[INFO ] 2023-10-25 21:40:40.003 [main] Log - Implicit wait completed for : 20
[INFO ] 2023-10-25 21:40:42.932 [main] Log - Screenshot Taken and attached to report
[INFO ] 2023-10-25 21:40:49.457 [main] Log - Screenshot Taken and attached to report
[INFO ] 2023-10-25 21:40:53.845 [main] Log - Screenshot Taken and attached to report
[INFO ] 2023-10-25 21:41:01.340 [main] Log - Screenshot Taken and attached to report
[INFO ] 2023-10-25 21:41:05.870 [main] Log - Screenshot Taken and attached to report
[INFO ] 2023-10-25 21:41:22.825 [main] Log - Screenshot Taken and attached to report
[INFO ] 2023-10-25 21:41:28.462 [main] Log - Screenshot Taken and attached to report
[INFO ] 2023-10-25 21:41:34.103 [main] Log - Screenshot Taken and attached to report
[INFO ] 2023-10-25 21:41:34.696 [main] Log - Screenshot Taken and attached to report
[INFO ] 2023-10-25 21:41:51.385 [main] Log - Screenshot Taken and attached to report
[INFO ] 2023-10-25 21:41:57.022 [main] Log - Screenshot Taken and attached to report
[INFO ] 2023-10-25 21:42:10.644 [main] Log - Screenshot Taken and attached to report
[INFO ] 2023-10-25 21:42:10.645 [main] Log - Test Passed : com.thtechops.qa.automation.testClasses.SignUp_Test.login_using_otp
[INFO ] 2023-10-25 21:42:11.133 [main] Log - Test Started : com.thtechops.qa.automation.testClasses.SignUp_Test.drm_verification
[INFO ] 2023-10-25 21:42:11.133 [main] Log - This message is from my own project
[INFO ] 2023-10-25 21:42:11.134 [main] Log - Open the Browser
[INFO ] 2023-10-25 21:42:12.653 [main] Log - Browser Opened : chrome with headless mode : false
[INFO ] 2023-10-25 21:42:12.663 [main] Log - ChromeDriver: chrome on mac (b6a5fe5f7880c71b54a964de889f83eb)
[ERROR] 2023-10-25 21:42:13.165 [main] Log - Can not open new tab
[INFO ] 2023-10-25 21:42:17.544 [main] Log - Navigated to URL
[INFO ] 2023-10-25 21:42:17.545 [main] Log - Go to Sandbox Login URL
[INFO ] 2023-10-25 21:42:17.698 [main] Log - Webelement clicked, cleared and text entered
[INFO ] 2023-10-25 21:42:17.698 [main] Log - Enter Sandbox Username
[INFO ] 2023-10-25 21:42:18.221 [main] Log - Screenshot Taken and attached to report
[INFO ] 2023-10-25 21:42:18.332 [main] Log - Webelement clicked, cleared and text entered
[INFO ] 2023-10-25 21:42:18.332 [main] Log - Enter Sandbox Password
[INFO ] 2023-10-25 21:42:18.731 [main] Log - Screenshot Taken and attached to report
[INFO ] 2023-10-25 21:42:29.930 [main] Log - Element clicked
[INFO ] 2023-10-25 21:42:29.931 [main] Log - Click on Login
[INFO ] 2023-10-25 21:42:30.313 [main] Log - Screenshot Taken and attached to report
[INFO ] 2023-10-25 21:42:45.785 [main] Log - Webelement clicked, cleared and text entered
[INFO ] 2023-10-25 21:42:49.270 [main] Log - Screenshot Taken and attached to report
[INFO ] 2023-10-25 21:42:57.876 [main] Log - Screenshot Taken and attached to report
[INFO ] 2023-10-25 21:42:58.972 [main] Log - Browser refreshed
[INFO ] 2023-10-25 21:43:04.043 [main] Log - Element clicked
[INFO ] 2023-10-25 21:43:14.130 [main] Log - Element clicked
[INFO ] 2023-10-25 21:43:14.539 [main] Log - Screenshot Taken and attached to report
[INFO ] 2023-10-25 21:43:14.975 [main] Log - Screenshot Taken and attached to report
[INFO ] 2023-10-25 21:43:15.455 [main] Log - Screenshot Taken and attached to report
[INFO ] 2023-10-25 21:43:15.878 [main] Log - Screenshot Taken and attached to report
[INFO ] 2023-10-25 21:43:16.318 [main] Log - Screenshot Taken and attached to report
[INFO ] 2023-10-25 21:43:26.811 [main] Log - Webelement clicked, cleared and text entered
[INFO ] 2023-10-25 21:43:30.265 [main] Log - Screenshot Taken and attached to report
[INFO ] 2023-10-25 21:43:40.045 [main] Log - Browser refreshed
[INFO ] 2023-10-25 21:43:45.082 [main] Log - Method Passed : verifyElementSize
[INFO ] 2023-10-25 21:43:45.550 [main] Log - Screenshot Taken and attached to report
[INFO ] 2023-10-25 21:43:46.391 [main] Log - Browser refreshed
[INFO ] 2023-10-25 21:43:51.461 [main] Log - Element clicked
[INFO ] 2023-10-25 21:44:01.581 [main] Log - Element clicked
[INFO ] 2023-10-25 21:44:01.598 [main] Log - Method Passed : verifyBooleanCondition
[INFO ] 2023-10-25 21:44:02.034 [main] Log - Screenshot Taken and attached to report
[INFO ] 2023-10-25 21:44:02.467 [main] Log - Screenshot Taken and attached to report
[INFO ] 2023-10-25 21:44:02.948 [main] Log - Screenshot Taken and attached to report
[INFO ] 2023-10-25 21:44:03.374 [main] Log - Screenshot Taken and attached to report
[INFO ] 2023-10-25 21:44:03.834 [main] Log - Screenshot Taken and attached to report
[INFO ] 2023-10-25 21:44:03.834 [main] Log - Test Passed : com.thtechops.qa.automation.testClasses.SignUp_Test.drm_verification
[INFO ] 2023-10-25 21:44:04.245 [main] Log - Execution Finished
[INFO ] 2023-10-25 21:44:04.652 [main] Log - Suite FinishedContact Merge Functionality 
[INFO ] 2023-10-25 21:44:04.653 [main] Log - Execution Started
[INFO ] 2023-10-25 21:44:04.654 [main] Log - Suite FinishedSuite
[INFO ] 2023-10-25 22:12:26.932 [main] Log - Configuration file found at : ./src/main/resources/config.properties
[INFO ] 2023-10-25 22:12:26.981 [main] Log - Configuration file found at : ./src/main/resources/config.properties
[INFO ] 2023-10-25 22:12:26.993 [main] Log - Configuration file found at : ./src/main/resources/config.properties
[INFO ] 2023-10-25 22:12:27.006 [main] Log - Execution Started
[INFO ] 2023-10-25 22:12:27.047 [main] Log - Configuration file found at : ./src/main/resources/config.properties
[INFO ] 2023-10-25 22:12:27.081 [main] Log - Test Started : com.thtechops.qa.automation.testClasses.SignUp_Test.navigateToUrl
[INFO ] 2023-10-25 22:12:27.081 [main] Log - This message is from my own project
[INFO ] 2023-10-25 22:12:27.082 [main] Log - Open the Browser
[INFO ] 2023-10-25 22:12:29.816 [main] Log - Browser Opened : chrome with headless mode : false
[INFO ] 2023-10-25 22:12:29.818 [main] Log - ChromeDriver: chrome on mac (d59aaa75b4237963cb8a84cb5fb294e0)
[INFO ] 2023-10-25 22:12:30.264 [main] Log - Browser window maximised
[INFO ] 2023-10-25 22:12:30.265 [main] Log - Navigation to URL
[INFO ] 2023-10-25 22:12:33.946 [main] Log - Navigated to URL
[INFO ] 2023-10-25 22:12:33.953 [main] Log - Page Load completed for : 1000
[INFO ] 2023-10-25 22:12:33.953 [main] Log - Navigated to Url : https://stg.trailhead.sfdc.sh/
[INFO ] 2023-10-25 22:12:33.957 [main] Log - Implicit wait completed for : 20
[INFO ] 2023-10-25 22:12:34.749 [main] Log - Screenshot Taken and attached to report
[INFO ] 2023-10-25 22:12:43.573 [main] Log - Screenshot Taken and attached to report
[INFO ] 2023-10-25 22:12:47.956 [main] Log - Screenshot Taken and attached to report
[INFO ] 2023-10-25 22:12:49.641 [main] Log - Screenshot Taken and attached to report
[INFO ] 2023-10-25 22:12:54.132 [main] Log - Screenshot Taken and attached to report
[INFO ] 2023-10-25 22:12:58.719 [main] Log - Screenshot Taken and attached to report
[INFO ] 2023-10-25 22:13:00.361 [main] Log - Screenshot Taken and attached to report
[INFO ] 2023-10-25 22:13:10.626 [main] Log - Screenshot Taken and attached to report
[INFO ] 2023-10-25 22:13:16.203 [main] Log - Screenshot Taken and attached to report
[INFO ] 2023-10-25 22:13:28.732 [main] Log - Screenshot Taken and attached to report
[INFO ] 2023-10-25 22:13:30.083 [main] Log - Screenshot Taken and attached to report
[INFO ] 2023-10-25 22:13:31.394 [main] Log - Screenshot Taken and attached to report
[INFO ] 2023-10-25 22:13:38.721 [main] Log - Screenshot Taken and attached to report
[INFO ] 2023-10-25 22:13:44.082 [main] Log - Screenshot Taken and attached to report
[INFO ] 2023-10-25 22:13:49.444 [main] Log - Screenshot Taken and attached to report
[INFO ] 2023-10-25 22:13:58.702 [main] Log - Screenshot Taken and attached to report
[INFO ] 2023-10-25 22:14:07.988 [main] Log - Method Passed : verifyBooleanCondition
[INFO ] 2023-10-25 22:14:08.643 [main] Log - Screenshot Taken and attached to report
[INFO ] 2023-10-25 22:14:13.676 [main] Log - All Browser cookies deleted
[INFO ] 2023-10-25 22:14:13.897 [main] Log - Open the Browser
[INFO ] 2023-10-25 22:14:15.470 [main] Log - Browser Opened : chrome with headless mode : false
[INFO ] 2023-10-25 22:14:15.479 [main] Log - ChromeDriver: chrome on mac (8eda5ae964317f2f8eeb906e7c8a67fd)
[INFO ] 2023-10-25 22:14:15.895 [main] Log - Browser window maximised
[INFO ] 2023-10-25 22:14:15.895 [main] Log - Navigation to URL
[INFO ] 2023-10-25 22:14:20.907 [main] Log - Navigated to URL
[INFO ] 2023-10-25 22:14:20.913 [main] Log - Page Load completed for : 1000
[INFO ] 2023-10-25 22:14:20.913 [main] Log - Navigated to Url : https://stg.trailhead.sfdc.sh/
[INFO ] 2023-10-25 22:14:20.915 [main] Log - Implicit wait completed for : 20
[INFO ] 2023-10-25 22:14:21.664 [main] Log - Screenshot Taken and attached to report
[INFO ] 2023-10-25 22:14:29.686 [main] Log - Screenshot Taken and attached to report
[INFO ] 2023-10-25 22:14:34.086 [main] Log - Screenshot Taken and attached to report
[INFO ] 2023-10-25 22:14:35.712 [main] Log - Screenshot Taken and attached to report
[INFO ] 2023-10-25 22:14:40.206 [main] Log - Screenshot Taken and attached to report
[INFO ] 2023-10-25 22:14:44.709 [main] Log - Screenshot Taken and attached to report
[INFO ] 2023-10-25 22:14:46.216 [main] Log - Screenshot Taken and attached to report
[INFO ] 2023-10-25 22:14:54.685 [main] Log - Screenshot Taken and attached to report
[INFO ] 2023-10-25 22:15:00.075 [main] Log - Screenshot Taken and attached to report
[INFO ] 2023-10-25 22:15:11.977 [main] Log - Screenshot Taken and attached to report
[INFO ] 2023-10-25 22:15:13.257 [main] Log - Screenshot Taken and attached to report
[INFO ] 2023-10-25 22:15:14.567 [main] Log - Screenshot Taken and attached to report
[INFO ] 2023-10-25 22:15:21.919 [main] Log - Screenshot Taken and attached to report
[INFO ] 2023-10-25 22:15:27.226 [main] Log - Screenshot Taken and attached to report
[INFO ] 2023-10-25 22:15:32.544 [main] Log - Screenshot Taken and attached to report
[INFO ] 2023-10-25 22:15:41.793 [main] Log - Screenshot Taken and attached to report
[INFO ] 2023-10-25 22:15:51.924 [main] Log - Method Passed : verifyBooleanCondition
[INFO ] 2023-10-25 22:15:52.466 [main] Log - Screenshot Taken and attached to report
[INFO ] 2023-10-25 22:15:57.489 [main] Log - All Browser cookies deleted
[INFO ] 2023-10-25 22:15:57.757 [main] Log - Test Passed : com.thtechops.qa.automation.testClasses.SignUp_Test.navigateToUrl
[INFO ] 2023-10-25 22:15:57.810 [main] Log - Test Started : com.thtechops.qa.automation.testClasses.SignUp_Test.login_using_otp
[INFO ] 2023-10-25 22:15:57.810 [main] Log - This message is from my own project
[INFO ] 2023-10-25 22:15:57.810 [main] Log - Open the Browser
[INFO ] 2023-10-25 22:15:59.217 [main] Log - Browser Opened : chrome with headless mode : false
[INFO ] 2023-10-25 22:15:59.244 [main] Log - ChromeDriver: chrome on mac (d9924840118491850faab590d3df9bf9)
[INFO ] 2023-10-25 22:15:59.651 [main] Log - Browser window maximised
[INFO ] 2023-10-25 22:15:59.651 [main] Log - Navigation to URL
[INFO ] 2023-10-25 22:16:03.052 [main] Log - Navigated to URL
[INFO ] 2023-10-25 22:16:03.054 [main] Log - Page Load completed for : 1000
[INFO ] 2023-10-25 22:16:03.055 [main] Log - Navigated to Url : https://stg.trailhead.sfdc.sh/
[INFO ] 2023-10-25 22:16:03.057 [main] Log - Implicit wait completed for : 20
[INFO ] 2023-10-25 22:16:06.027 [main] Log - Screenshot Taken and attached to report
[INFO ] 2023-10-25 22:16:12.566 [main] Log - Screenshot Taken and attached to report
[INFO ] 2023-10-25 22:16:16.952 [main] Log - Screenshot Taken and attached to report
[INFO ] 2023-10-25 22:16:24.418 [main] Log - Screenshot Taken and attached to report
[INFO ] 2023-10-25 22:16:28.949 [main] Log - Screenshot Taken and attached to report
[INFO ] 2023-10-25 22:16:44.727 [main] Log - Screenshot Taken and attached to report
[INFO ] 2023-10-25 22:16:50.358 [main] Log - Screenshot Taken and attached to report
[INFO ] 2023-10-25 22:16:56.052 [main] Log - Screenshot Taken and attached to report
[INFO ] 2023-10-25 22:16:56.654 [main] Log - Screenshot Taken and attached to report
[INFO ] 2023-10-25 22:17:13.202 [main] Log - Screenshot Taken and attached to report
[INFO ] 2023-10-25 22:17:18.810 [main] Log - Screenshot Taken and attached to report
[INFO ] 2023-10-25 22:17:32.372 [main] Log - Screenshot Taken and attached to report
[INFO ] 2023-10-25 22:17:32.373 [main] Log - Test Passed : com.thtechops.qa.automation.testClasses.SignUp_Test.login_using_otp
[INFO ] 2023-10-25 22:17:35.929 [main] Log - Test Started : com.thtechops.qa.automation.testClasses.SignUp_Test.drm_verification
[INFO ] 2023-10-25 22:17:35.930 [main] Log - This message is from my own project
[INFO ] 2023-10-25 22:17:35.930 [main] Log - Open the Browser
[INFO ] 2023-10-25 22:17:37.287 [main] Log - Browser Opened : chrome with headless mode : false
[INFO ] 2023-10-25 22:17:37.296 [main] Log - ChromeDriver: chrome on mac (5645965d6e583c1dbe152ac91dda03b3)
[ERROR] 2023-10-25 22:17:37.761 [main] Log - Can not open new tab
[INFO ] 2023-10-25 22:17:41.834 [main] Log - Navigated to URL
[INFO ] 2023-10-25 22:17:41.834 [main] Log - Go to Sandbox Login URL
[INFO ] 2023-10-25 22:17:41.993 [main] Log - Webelement clicked, cleared and text entered
[INFO ] 2023-10-25 22:17:41.994 [main] Log - Enter Sandbox Username
[INFO ] 2023-10-25 22:17:42.483 [main] Log - Screenshot Taken and attached to report
[INFO ] 2023-10-25 22:17:42.577 [main] Log - Webelement clicked, cleared and text entered
[INFO ] 2023-10-25 22:17:42.579 [main] Log - Enter Sandbox Password
[INFO ] 2023-10-25 22:17:42.955 [main] Log - Screenshot Taken and attached to report
[INFO ] 2023-10-25 22:17:53.387 [main] Log - Element clicked
[INFO ] 2023-10-25 22:17:53.387 [main] Log - Click on Login
[INFO ] 2023-10-25 22:17:53.772 [main] Log - Screenshot Taken and attached to report
[INFO ] 2023-10-25 22:18:09.192 [main] Log - Webelement clicked, cleared and text entered
[INFO ] 2023-10-25 22:18:12.623 [main] Log - Screenshot Taken and attached to report
[INFO ] 2023-10-25 22:18:21.221 [main] Log - Screenshot Taken and attached to report
[INFO ] 2023-10-25 22:18:22.165 [main] Log - Browser refreshed
[INFO ] 2023-10-25 22:18:27.287 [main] Log - Element clicked
[INFO ] 2023-10-25 22:18:37.394 [main] Log - Element clicked
[INFO ] 2023-10-25 22:18:37.801 [main] Log - Screenshot Taken and attached to report
[INFO ] 2023-10-25 22:18:38.238 [main] Log - Screenshot Taken and attached to report
[INFO ] 2023-10-25 22:18:38.752 [main] Log - Screenshot Taken and attached to report
[INFO ] 2023-10-25 22:18:39.174 [main] Log - Screenshot Taken and attached to report
[INFO ] 2023-10-25 22:18:39.642 [main] Log - Screenshot Taken and attached to report
[INFO ] 2023-10-25 22:18:50.085 [main] Log - Webelement clicked, cleared and text entered
[INFO ] 2023-10-25 22:18:53.509 [main] Log - Screenshot Taken and attached to report
[INFO ] 2023-10-25 22:19:02.930 [main] Log - Browser refreshed
[INFO ] 2023-10-25 22:19:07.963 [main] Log - Method Passed : verifyElementSize
[INFO ] 2023-10-25 22:19:08.411 [main] Log - Screenshot Taken and attached to report
[INFO ] 2023-10-25 22:19:09.620 [main] Log - Browser refreshed
[INFO ] 2023-10-25 22:19:14.696 [main] Log - Element clicked
[INFO ] 2023-10-25 22:19:24.768 [main] Log - Element clicked
[ERROR] 2023-10-25 22:19:24.785 [main] Log - Method Failed : verifyBooleanCondition
[INFO ] 2023-10-25 22:19:25.184 [main] Log - Screenshot Taken and attached to report
[INFO ] 2023-10-25 22:19:25.615 [main] Log - Screenshot Taken and attached to report
[INFO ] 2023-10-25 22:19:26.043 [main] Log - Screenshot Taken and attached to report
[INFO ] 2023-10-25 22:19:26.530 [main] Log - Screenshot Taken and attached to report
[INFO ] 2023-10-25 22:19:26.966 [main] Log - Screenshot Taken and attached to report
[INFO ] 2023-10-25 22:19:26.966 [main] Log - Test Passed : com.thtechops.qa.automation.testClasses.SignUp_Test.drm_verification
[INFO ] 2023-10-25 22:19:27.360 [main] Log - Execution Finished
[INFO ] 2023-10-25 22:19:27.747 [main] Log - Suite FinishedContact Merge Functionality 
[INFO ] 2023-10-25 22:19:27.749 [main] Log - Execution Started
[INFO ] 2023-10-25 22:19:27.750 [main] Log - Open the Browser
[INFO ] 2023-10-25 22:19:29.229 [main] Log - Browser Opened : chrome with headless mode : false
[INFO ] 2023-10-25 22:19:29.237 [main] Log - ChromeDriver: chrome on mac (ab6dbf6c096547674e08854357150f9c)
[INFO ] 2023-10-25 22:19:29.261 [main] Log - Configuration file found at : ./src/main/resources/config.properties
[INFO ] 2023-10-25 22:19:29.278 [main] Log - Test Started : com.thtechops.qa.communityTag.testcases.T1_Community_tag_functionality._1_LogIn_HelpPortal
[INFO ] 2023-10-25 22:19:29.295 [main] Log - This message is from my own project
[INFO ] 2023-10-25 22:19:29.722 [main] Log - Browser window maximised
[INFO ] 2023-10-25 22:19:34.874 [main] Log - Navigated to URL
[INFO ] 2023-10-25 22:19:34.880 [main] Log - Page Load completed for : 1000
[INFO ] 2023-10-25 22:19:34.882 [main] Log - Implicit wait completed for : 20
[INFO ] 2023-10-25 22:19:34.897 [main] Log - All Browser cookies deleted
[INFO ] 2023-10-25 22:19:45.679 [main] Log - Screenshot Taken and attached to report
[INFO ] 2023-10-25 22:19:54.285 [main] Log - Screenshot Taken and attached to report
[INFO ] 2023-10-25 22:19:58.627 [main] Log - Screenshot Taken and attached to report
[INFO ] 2023-10-25 22:20:00.350 [main] Log - Screenshot Taken and attached to report
[INFO ] 2023-10-25 22:20:04.883 [main] Log - Screenshot Taken and attached to report
[INFO ] 2023-10-25 22:20:09.371 [main] Log - Screenshot Taken and attached to report
[INFO ] 2023-10-25 22:20:10.744 [main] Log - Screenshot Taken and attached to report
[INFO ] 2023-10-25 22:20:19.377 [main] Log - Screenshot Taken and attached to report
[INFO ] 2023-10-25 22:20:36.997 [main] Log - Screenshot Taken and attached to report
[INFO ] 2023-10-25 22:20:44.323 [main] Log - Screenshot Taken and attached to report
[INFO ] 2023-10-25 22:20:45.589 [main] Log - Screenshot Taken and attached to report
[INFO ] 2023-10-25 22:20:46.887 [main] Log - Screenshot Taken and attached to report
[INFO ] 2023-10-25 22:20:54.200 [main] Log - Screenshot Taken and attached to report
[INFO ] 2023-10-25 22:20:59.577 [main] Log - Screenshot Taken and attached to report
[INFO ] 2023-10-25 22:21:04.968 [main] Log - Screenshot Taken and attached to report
[INFO ] 2023-10-25 22:34:57.031 [main] Log - Configuration file found at : ./src/main/resources/config.properties
[INFO ] 2023-10-25 22:34:57.100 [main] Log - Configuration file found at : ./src/main/resources/config.properties
[INFO ] 2023-10-25 22:34:57.114 [main] Log - Configuration file found at : ./src/main/resources/config.properties
[INFO ] 2023-10-25 22:34:57.132 [main] Log - Execution Started
[INFO ] 2023-10-25 22:34:57.191 [main] Log - Configuration file found at : ./src/main/resources/config.properties
[INFO ] 2023-10-25 22:34:57.238 [main] Log - Test Started : com.thtechops.qa.automation.testClasses.SignUp_Test.navigateToUrl
[INFO ] 2023-10-25 22:34:57.238 [main] Log - This message is from my own project
[INFO ] 2023-10-25 22:34:57.239 [main] Log - Open the Browser
[INFO ] 2023-10-25 22:35:02.105 [main] Log - Browser Opened : chrome with headless mode : false
[INFO ] 2023-10-25 22:35:02.119 [main] Log - ChromeDriver: chrome on mac (26926b0dc7c279791d3fbb22c24ee846)
[INFO ] 2023-10-25 22:35:02.546 [main] Log - Browser window maximised
[INFO ] 2023-10-25 22:35:02.546 [main] Log - Navigation to URL
[INFO ] 2023-10-25 22:35:07.505 [main] Log - Navigated to URL
[INFO ] 2023-10-25 22:35:07.514 [main] Log - Page Load completed for : 1000
[INFO ] 2023-10-25 22:35:07.514 [main] Log - Navigated to Url : https://stg.trailhead.sfdc.sh/
[INFO ] 2023-10-25 22:35:07.518 [main] Log - Implicit wait completed for : 20
[INFO ] 2023-10-25 22:35:08.275 [main] Log - Screenshot Taken and attached to report
[INFO ] 2023-10-25 22:35:16.292 [main] Log - Screenshot Taken and attached to report
[INFO ] 2023-10-25 22:35:20.653 [main] Log - Screenshot Taken and attached to report
[INFO ] 2023-10-25 22:35:22.383 [main] Log - Screenshot Taken and attached to report
[INFO ] 2023-10-25 22:35:26.809 [main] Log - Screenshot Taken and attached to report
[INFO ] 2023-10-25 22:35:31.268 [main] Log - Screenshot Taken and attached to report
[INFO ] 2023-10-25 22:35:32.700 [main] Log - Screenshot Taken and attached to report
[INFO ] 2023-10-25 22:35:42.481 [main] Log - Screenshot Taken and attached to report
[INFO ] 2023-10-25 22:35:47.870 [main] Log - Screenshot Taken and attached to report
[INFO ] 2023-10-25 22:36:00.539 [main] Log - Screenshot Taken and attached to report
[INFO ] 2023-10-25 22:36:01.811 [main] Log - Screenshot Taken and attached to report
[INFO ] 2023-10-25 22:36:03.081 [main] Log - Screenshot Taken and attached to report
[INFO ] 2023-10-25 22:36:10.363 [main] Log - Screenshot Taken and attached to report
[INFO ] 2023-10-25 22:36:15.644 [main] Log - Screenshot Taken and attached to report
[INFO ] 2023-10-25 22:36:20.878 [main] Log - Screenshot Taken and attached to report
[INFO ] 2023-10-25 22:36:30.059 [main] Log - Screenshot Taken and attached to report
[INFO ] 2023-10-25 22:36:38.871 [main] Log - Method Passed : verifyBooleanCondition
[INFO ] 2023-10-25 22:36:39.468 [main] Log - Screenshot Taken and attached to report
[INFO ] 2023-10-25 22:36:44.499 [main] Log - All Browser cookies deleted
[INFO ] 2023-10-25 22:36:44.767 [main] Log - Open the Browser
[INFO ] 2023-10-25 22:36:46.468 [main] Log - Browser Opened : chrome with headless mode : false
[INFO ] 2023-10-25 22:36:46.473 [main] Log - ChromeDriver: chrome on mac (5b9c3bdb91e88b930a3c99e1168ccdc1)
[INFO ] 2023-10-25 22:36:46.904 [main] Log - Browser window maximised
[INFO ] 2023-10-25 22:36:46.904 [main] Log - Navigation to URL
[INFO ] 2023-10-25 22:36:49.083 [main] Log - Navigated to URL
[INFO ] 2023-10-25 22:36:49.084 [main] Log - Page Load completed for : 1000
[INFO ] 2023-10-25 22:36:49.085 [main] Log - Navigated to Url : https://stg.trailhead.sfdc.sh/
[INFO ] 2023-10-25 22:36:49.087 [main] Log - Implicit wait completed for : 20
[INFO ] 2023-10-25 22:36:49.833 [main] Log - Screenshot Taken and attached to report
[INFO ] 2023-10-25 22:36:59.276 [main] Log - Screenshot Taken and attached to report
[INFO ] 2023-10-25 22:37:03.645 [main] Log - Screenshot Taken and attached to report
[INFO ] 2023-10-25 22:37:05.281 [main] Log - Screenshot Taken and attached to report
[INFO ] 2023-10-25 22:37:09.743 [main] Log - Screenshot Taken and attached to report
[INFO ] 2023-10-25 22:37:14.158 [main] Log - Screenshot Taken and attached to report
[INFO ] 2023-10-25 22:37:15.605 [main] Log - Screenshot Taken and attached to report
[INFO ] 2023-10-25 22:37:24.002 [main] Log - Screenshot Taken and attached to report
[INFO ] 2023-10-25 22:37:29.369 [main] Log - Screenshot Taken and attached to report
[INFO ] 2023-10-25 22:38:30.434 [main] Log - Screenshot Taken and attached to report
[INFO ] 2023-10-25 22:38:31.708 [main] Log - Screenshot Taken and attached to report
[INFO ] 2023-10-25 22:38:32.949 [main] Log - Screenshot Taken and attached to report
[INFO ] 2023-10-25 22:38:40.221 [main] Log - Screenshot Taken and attached to report
[INFO ] 2023-10-25 22:38:45.511 [main] Log - Screenshot Taken and attached to report
[INFO ] 2023-10-25 22:38:50.722 [main] Log - Screenshot Taken and attached to report
[INFO ] 2023-10-25 22:38:59.901 [main] Log - Screenshot Taken and attached to report
[INFO ] 2023-10-25 22:39:10.359 [main] Log - Method Passed : verifyBooleanCondition
[INFO ] 2023-10-25 22:39:10.937 [main] Log - Screenshot Taken and attached to report
[INFO ] 2023-10-25 22:39:15.969 [main] Log - All Browser cookies deleted
[INFO ] 2023-10-25 22:39:16.231 [main] Log - Test Passed : com.thtechops.qa.automation.testClasses.SignUp_Test.navigateToUrl
[INFO ] 2023-10-25 22:39:16.307 [main] Log - Test Started : com.thtechops.qa.automation.testClasses.SignUp_Test.login_using_otp
[INFO ] 2023-10-25 22:39:16.307 [main] Log - This message is from my own project
[INFO ] 2023-10-25 22:39:16.308 [main] Log - Open the Browser
[INFO ] 2023-10-25 22:39:17.739 [main] Log - Browser Opened : chrome with headless mode : false
[INFO ] 2023-10-25 22:39:17.746 [main] Log - ChromeDriver: chrome on mac (2d0cf20103c3e5d131a53877514e5a84)
[INFO ] 2023-10-25 22:39:18.155 [main] Log - Browser window maximised
[INFO ] 2023-10-25 22:39:18.155 [main] Log - Navigation to URL
[INFO ] 2023-10-25 22:39:22.533 [main] Log - Navigated to URL
[INFO ] 2023-10-25 22:39:22.535 [main] Log - Page Load completed for : 1000
[INFO ] 2023-10-25 22:39:22.535 [main] Log - Navigated to Url : https://stg.trailhead.sfdc.sh/
[INFO ] 2023-10-25 22:39:22.536 [main] Log - Implicit wait completed for : 20
[INFO ] 2023-10-25 22:39:25.452 [main] Log - Screenshot Taken and attached to report
[INFO ] 2023-10-25 22:39:31.946 [main] Log - Screenshot Taken and attached to report
[INFO ] 2023-10-25 22:39:36.339 [main] Log - Screenshot Taken and attached to report
[INFO ] 2023-10-25 22:39:43.810 [main] Log - Screenshot Taken and attached to report
[INFO ] 2023-10-25 22:39:48.338 [main] Log - Screenshot Taken and attached to report
[INFO ] 2023-10-25 22:40:55.975 [main] Log - Screenshot Taken and attached to report
[INFO ] 2023-10-25 22:41:01.619 [main] Log - Screenshot Taken and attached to report
[INFO ] 2023-10-25 22:41:07.310 [main] Log - Screenshot Taken and attached to report
[INFO ] 2023-10-25 22:41:07.905 [main] Log - Screenshot Taken and attached to report
[INFO ] 2023-10-25 22:41:24.484 [main] Log - Screenshot Taken and attached to report
[INFO ] 2023-10-25 22:41:30.096 [main] Log - Screenshot Taken and attached to report
[INFO ] 2023-10-25 22:41:42.826 [main] Log - Screenshot Taken and attached to report
[INFO ] 2023-10-25 22:41:42.827 [main] Log - Test Passed : com.thtechops.qa.automation.testClasses.SignUp_Test.login_using_otp
[INFO ] 2023-10-25 22:41:43.279 [main] Log - Test Started : com.thtechops.qa.automation.testClasses.SignUp_Test.drm_verification
[INFO ] 2023-10-25 22:41:43.279 [main] Log - This message is from my own project
[INFO ] 2023-10-25 22:41:43.280 [main] Log - Open the Browser
[INFO ] 2023-10-25 22:41:44.580 [main] Log - Browser Opened : chrome with headless mode : false
[INFO ] 2023-10-25 22:41:44.591 [main] Log - ChromeDriver: chrome on mac (4ebcaea217e865967a30e176f137a308)
[ERROR] 2023-10-25 22:41:45.161 [main] Log - Can not open new tab
[INFO ] 2023-10-25 22:41:49.104 [main] Log - Navigated to URL
[INFO ] 2023-10-25 22:41:49.105 [main] Log - Go to Sandbox Login URL
[INFO ] 2023-10-25 22:41:49.259 [main] Log - Webelement clicked, cleared and text entered
[INFO ] 2023-10-25 22:41:49.259 [main] Log - Enter Sandbox Username
[INFO ] 2023-10-25 22:41:49.683 [main] Log - Screenshot Taken and attached to report
[INFO ] 2023-10-25 22:41:49.759 [main] Log - Webelement clicked, cleared and text entered
[INFO ] 2023-10-25 22:41:49.759 [main] Log - Enter Sandbox Password
[INFO ] 2023-10-25 22:41:50.158 [main] Log - Screenshot Taken and attached to report
[INFO ] 2023-10-25 22:42:00.209 [main] Log - Element clicked
[INFO ] 2023-10-25 22:42:00.210 [main] Log - Click on Login
[INFO ] 2023-10-25 22:42:00.597 [main] Log - Screenshot Taken and attached to report
[INFO ] 2023-10-25 22:42:16.034 [main] Log - Webelement clicked, cleared and text entered
[INFO ] 2023-10-25 22:42:19.457 [main] Log - Screenshot Taken and attached to report
[INFO ] 2023-10-25 22:42:28.028 [main] Log - Screenshot Taken and attached to report
[INFO ] 2023-10-25 22:42:29.000 [main] Log - Browser refreshed
[INFO ] 2023-10-25 22:42:34.085 [main] Log - Element clicked
[INFO ] 2023-10-25 22:42:44.191 [main] Log - Element clicked
[INFO ] 2023-10-25 22:42:44.618 [main] Log - Screenshot Taken and attached to report
[INFO ] 2023-10-25 22:42:45.053 [main] Log - Screenshot Taken and attached to report
[INFO ] 2023-10-25 22:42:45.475 [main] Log - Screenshot Taken and attached to report
[INFO ] 2023-10-25 22:42:45.902 [main] Log - Screenshot Taken and attached to report
[INFO ] 2023-10-25 22:42:46.338 [main] Log - Screenshot Taken and attached to report
[INFO ] 2023-10-25 22:42:56.851 [main] Log - Webelement clicked, cleared and text entered
[INFO ] 2023-10-25 22:43:00.325 [main] Log - Screenshot Taken and attached to report
[INFO ] 2023-10-25 22:43:09.503 [main] Log - Browser refreshed
[INFO ] 2023-10-25 22:43:14.534 [main] Log - Method Passed : verifyElementSize
[INFO ] 2023-10-25 22:43:14.960 [main] Log - Screenshot Taken and attached to report
[INFO ] 2023-10-25 22:43:16.158 [main] Log - Browser refreshed
[INFO ] 2023-10-25 22:43:21.220 [main] Log - Element clicked
[INFO ] 2023-10-25 22:43:31.326 [main] Log - Element clicked
[ERROR] 2023-10-25 22:43:31.346 [main] Log - Method Failed : verifyBooleanCondition
[INFO ] 2023-10-25 22:43:31.728 [main] Log - Screenshot Taken and attached to report
[INFO ] 2023-10-25 22:43:32.196 [main] Log - Screenshot Taken and attached to report
[INFO ] 2023-10-25 22:43:32.639 [main] Log - Screenshot Taken and attached to report
[INFO ] 2023-10-25 22:43:33.062 [main] Log - Screenshot Taken and attached to report
[INFO ] 2023-10-25 22:43:33.506 [main] Log - Screenshot Taken and attached to report
[INFO ] 2023-10-25 22:43:33.506 [main] Log - Test Passed : com.thtechops.qa.automation.testClasses.SignUp_Test.drm_verification
[INFO ] 2023-10-25 22:43:33.906 [main] Log - Execution Finished
[INFO ] 2023-10-25 22:43:37.364 [main] Log - Suite FinishedContact Merge Functionality 
[INFO ] 2023-10-25 22:43:37.366 [main] Log - Execution Started
[INFO ] 2023-10-25 22:43:37.367 [main] Log - Open the Browser
[INFO ] 2023-10-25 22:43:38.779 [main] Log - Browser Opened : chrome with headless mode : false
[INFO ] 2023-10-25 22:43:38.789 [main] Log - ChromeDriver: chrome on mac (735f92776ce9b294da9c1d230177cb94)
[INFO ] 2023-10-25 22:43:38.813 [main] Log - Configuration file found at : ./src/main/resources/config.properties
[INFO ] 2023-10-25 22:43:38.830 [main] Log - Test Started : com.thtechops.qa.communityTag.testcases.T1_Community_tag_functionality._1_LogIn_HelpPortal
[INFO ] 2023-10-25 22:43:38.847 [main] Log - This message is from my own project
[INFO ] 2023-10-25 22:43:39.280 [main] Log - Browser window maximised
[INFO ] 2023-10-25 22:43:44.518 [main] Log - Navigated to URL
[INFO ] 2023-10-25 22:43:44.521 [main] Log - Page Load completed for : 1000
[INFO ] 2023-10-25 22:43:44.524 [main] Log - Implicit wait completed for : 20
[INFO ] 2023-10-25 22:43:44.540 [main] Log - All Browser cookies deleted
[INFO ] 2023-10-25 22:43:55.310 [main] Log - Screenshot Taken and attached to report
[INFO ] 2023-10-25 22:44:04.638 [main] Log - Screenshot Taken and attached to report
[INFO ] 2023-10-25 22:44:08.989 [main] Log - Screenshot Taken and attached to report
[INFO ] 2023-10-25 22:44:10.452 [main] Log - Screenshot Taken and attached to report
[INFO ] 2023-10-25 22:44:14.853 [main] Log - Screenshot Taken and attached to report
[INFO ] 2023-10-25 22:44:19.242 [main] Log - Screenshot Taken and attached to report
[INFO ] 2023-10-25 22:44:20.698 [main] Log - Screenshot Taken and attached to report
[INFO ] 2023-10-25 22:44:29.161 [main] Log - Screenshot Taken and attached to report
[INFO ] 2023-10-25 22:44:34.562 [main] Log - Screenshot Taken and attached to report
[INFO ] 2023-10-25 22:44:47.156 [main] Log - Screenshot Taken and attached to report
[INFO ] 2023-10-25 22:44:48.416 [main] Log - Screenshot Taken and attached to report
[INFO ] 2023-10-25 22:44:49.656 [main] Log - Screenshot Taken and attached to report
[INFO ] 2023-10-25 22:44:56.910 [main] Log - Screenshot Taken and attached to report
[INFO ] 2023-10-25 22:45:02.212 [main] Log - Screenshot Taken and attached to report
[INFO ] 2023-10-25 22:45:07.445 [main] Log - Screenshot Taken and attached to report
[INFO ] 2023-10-25 22:45:16.597 [main] Log - Screenshot Taken and attached to report
[INFO ] 2023-10-25 22:45:26.072 [main] Log - Method Passed : verifyBooleanCondition
[INFO ] 2023-10-25 22:45:26.697 [main] Log - Screenshot Taken and attached to report
[INFO ] 2023-10-25 22:45:31.700 [main] Log - Test Passed : com.thtechops.qa.communityTag.testcases.T1_Community_tag_functionality._1_LogIn_HelpPortal
[INFO ] 2023-10-25 22:45:32.350 [main] Log - Test Started : com.thtechops.qa.communityTag.testcases.T1_Community_tag_functionality._2_community_tag_functionality
[INFO ] 2023-10-25 22:45:32.350 [main] Log - This message is from my own project
[INFO ] 2023-10-25 22:45:49.920 [main] Log - Screenshot Taken and attached to report
[INFO ] 2023-10-25 22:45:53.571 [main] Log - Screenshot Taken and attached to report
[INFO ] 2023-10-25 22:45:57.289 [main] Log - Screenshot Taken and attached to report
[INFO ] 2023-10-25 22:45:57.401 [main] Log - Test Passed : com.thtechops.qa.communityTag.testcases.T1_Community_tag_functionality._2_community_tag_functionality
[INFO ] 2023-10-25 22:45:58.018 [main] Log - Test Started : com.thtechops.qa.communityTag.testcases.T1_Community_tag_functionality.drm_verification
[INFO ] 2023-10-25 22:45:58.018 [main] Log - This message is from my own project
[INFO ] 2023-10-25 22:46:01.851 [main] Log - Navigated to URL
[INFO ] 2023-10-25 22:46:01.851 [main] Log - Go to Sandbox Login URL
[INFO ] 2023-10-25 22:46:01.974 [main] Log - Webelement clicked, cleared and text entered
[INFO ] 2023-10-25 22:46:01.974 [main] Log - Enter Sandbox Username
[INFO ] 2023-10-25 22:46:02.416 [main] Log - Screenshot Taken and attached to report
[INFO ] 2023-10-25 22:46:02.488 [main] Log - Webelement clicked, cleared and text entered
[INFO ] 2023-10-25 22:46:02.488 [main] Log - Enter Sandbox Password
[INFO ] 2023-10-25 22:46:03.539 [main] Log - Screenshot Taken and attached to report
[INFO ] 2023-10-25 22:46:13.182 [main] Log - Element clicked
[INFO ] 2023-10-25 22:46:13.182 [main] Log - Click on Login
[INFO ] 2023-10-25 22:46:13.675 [main] Log - Screenshot Taken and attached to report
[INFO ] 2023-10-25 22:46:29.123 [main] Log - Webelement clicked, cleared and text entered
[INFO ] 2023-10-25 22:46:32.620 [main] Log - Screenshot Taken and attached to report
[INFO ] 2023-10-25 22:46:41.736 [main] Log - Browser refreshed
[INFO ] 2023-10-25 22:46:46.804 [main] Log - Element clicked
[INFO ] 2023-10-25 22:46:52.458 [main] Log - Screenshot Taken and attached to report
[INFO ] 2023-10-25 22:46:52.460 [main] Log - Implicit wait completed for : 10
[ERROR] 2023-10-25 22:46:52.463 [main] Log - Element is not yet visibleBy.xpath: //div[@class='slds-icon-waffle']
[INFO ] 2023-10-25 22:46:52.519 [main] Log - Element clicked
[INFO ] 2023-10-25 22:46:54.267 [main] Log - Webelement clicked, cleared and text entered
[INFO ] 2023-10-25 22:46:58.317 [main] Log - Element clicked
[INFO ] 2023-10-25 22:46:59.613 [main] Log - Screenshot Taken and attached to report
[INFO ] 2023-10-25 22:47:05.052 [main] Log - Element clicked
[INFO ] 2023-10-25 22:47:11.214 [main] Log - Method Passed : verifyElementSize
[INFO ] 2023-10-25 22:47:11.696 [main] Log - Screenshot Taken and attached to report
[INFO ] 2023-10-25 22:47:12.169 [main] Log - Screenshot Taken and attached to report
[INFO ] 2023-10-25 22:47:15.172 [main] Log - Test Passed : com.thtechops.qa.communityTag.testcases.T1_Community_tag_functionality.drm_verification
[INFO ] 2023-10-25 22:47:15.676 [main] Log - Execution Finished
[INFO ] 2023-10-25 22:47:16.063 [main] Log - Driver Closed
[INFO ] 2023-10-25 22:47:16.065 [main] Log - Suite FinishedCommunity Tag Test Suite
[INFO ] 2023-10-25 22:47:16.067 [main] Log - Execution Started
[INFO ] 2023-10-25 22:47:16.068 [main] Log - Open the Browser
[INFO ] 2023-10-25 22:47:17.462 [main] Log - Browser Opened : chrome with headless mode : false
[INFO ] 2023-10-25 22:47:17.471 [main] Log - ChromeDriver: chrome on mac (0ecdee0632b0f1e2e488c02948fb2f9a)
[INFO ] 2023-10-25 22:47:17.474 [main] Log - Configuration file found at : ./src/main/resources/config.properties
[INFO ] 2023-10-25 22:47:17.494 [main] Log - Test Started : com.thtechops.qa.automation.testClasses.Connect_disconnect_An_Account.sign_up_email
[INFO ] 2023-10-25 22:47:17.511 [main] Log - This message is from my own project
[INFO ] 2023-10-25 22:47:17.964 [main] Log - Browser window maximised
[INFO ] 2023-10-25 22:47:17.964 [main] Log - Navigation to URL
[INFO ] 2023-10-25 22:47:23.141 [main] Log - Navigated to URL
[INFO ] 2023-10-25 22:47:23.145 [main] Log - Page Load completed for : 1000
[INFO ] 2023-10-25 22:47:23.145 [main] Log - Navigated to Url : https://stg.trailhead.sfdc.sh/
[INFO ] 2023-10-25 22:47:23.148 [main] Log - Implicit wait completed for : 20
[INFO ] 2023-10-25 22:47:23.163 [main] Log - All Browser cookies deleted
[INFO ] 2023-10-25 22:47:23.898 [main] Log - Screenshot Taken and attached to report
[INFO ] 2023-10-25 22:47:32.088 [main] Log - Screenshot Taken and attached to report
[INFO ] 2023-10-25 22:47:36.331 [main] Log - Screenshot Taken and attached to report
[INFO ] 2023-10-25 22:47:37.901 [main] Log - Screenshot Taken and attached to report
[INFO ] 2023-10-25 22:47:42.325 [main] Log - Screenshot Taken and attached to report
[INFO ] 2023-10-25 22:47:46.801 [main] Log - Screenshot Taken and attached to report
[INFO ] 2023-10-25 22:47:48.210 [main] Log - Screenshot Taken and attached to report
[INFO ] 2023-10-25 22:47:56.519 [main] Log - Screenshot Taken and attached to report
[INFO ] 2023-10-25 22:48:01.860 [main] Log - Screenshot Taken and attached to report
[INFO ] 2023-10-25 22:48:13.066 [main] Log - Screenshot Taken and attached to report
[INFO ] 2023-10-25 22:48:14.313 [main] Log - Screenshot Taken and attached to report
[INFO ] 2023-10-25 22:48:15.540 [main] Log - Screenshot Taken and attached to report
[INFO ] 2023-10-25 22:48:22.826 [main] Log - Screenshot Taken and attached to report
[INFO ] 2023-10-25 22:48:28.065 [main] Log - Screenshot Taken and attached to report
[INFO ] 2023-10-25 22:48:33.361 [main] Log - Screenshot Taken and attached to report
[INFO ] 2023-10-25 22:48:42.524 [main] Log - Screenshot Taken and attached to report
[INFO ] 2023-10-25 22:48:52.478 [main] Log - Method Passed : verifyBooleanCondition
[INFO ] 2023-10-25 22:48:53.118 [main] Log - Screenshot Taken and attached to report
[INFO ] 2023-10-25 22:48:58.124 [main] Log - Test Passed : com.thtechops.qa.automation.testClasses.Connect_disconnect_An_Account.sign_up_email
[INFO ] 2023-10-25 22:48:58.797 [main] Log - Test Started : com.thtechops.qa.automation.testClasses.Connect_disconnect_An_Account.test_connect_account
[INFO ] 2023-10-25 22:48:58.797 [main] Log - This message is from my own project
[INFO ] 2023-10-25 22:49:16.450 [main] Log - Screenshot Taken and attached to report
[INFO ] 2023-10-25 22:49:22.086 [main] Log - Screenshot Taken and attached to report
[INFO ] 2023-10-25 22:49:22.674 [main] Log - Screenshot Taken and attached to report
[INFO ] 2023-10-25 22:49:39.334 [main] Log - Screenshot Taken and attached to report
[ERROR] 2023-10-25 22:49:52.052 [main] Log - Method Failed : verifyText
[INFO ] 2023-10-25 22:49:52.052 [main] Log - Test Passed : com.thtechops.qa.automation.testClasses.Connect_disconnect_An_Account.test_connect_account
[INFO ] 2023-10-25 22:49:52.511 [main] Log - Test Started : com.thtechops.qa.automation.testClasses.Connect_disconnect_An_Account.drm_verification
[INFO ] 2023-10-25 22:49:52.511 [main] Log - This message is from my own project
[INFO ] 2023-10-25 22:49:56.945 [main] Log - Navigated to URL
[INFO ] 2023-10-25 22:49:56.945 [main] Log - Go to Sandbox Login URL
[INFO ] 2023-10-25 22:49:57.089 [main] Log - Webelement clicked, cleared and text entered
[INFO ] 2023-10-25 22:49:57.089 [main] Log - Enter Sandbox Username
[INFO ] 2023-10-25 22:49:57.560 [main] Log - Screenshot Taken and attached to report
[INFO ] 2023-10-25 22:49:57.637 [main] Log - Webelement clicked, cleared and text entered
[INFO ] 2023-10-25 22:49:57.638 [main] Log - Enter Sandbox Password
[INFO ] 2023-10-25 22:49:58.115 [main] Log - Screenshot Taken and attached to report
[INFO ] 2023-10-25 22:50:07.728 [main] Log - Element clicked
[INFO ] 2023-10-25 22:50:07.729 [main] Log - Click on Login
[INFO ] 2023-10-25 22:50:08.218 [main] Log - Screenshot Taken and attached to report
[INFO ] 2023-10-25 22:50:23.656 [main] Log - Webelement clicked, cleared and text entered
[INFO ] 2023-10-25 22:50:27.155 [main] Log - Screenshot Taken and attached to report
[INFO ] 2023-10-25 22:50:36.089 [main] Log - Screenshot Taken and attached to report
[INFO ] 2023-10-25 22:50:37.005 [main] Log - Browser refreshed
[INFO ] 2023-10-25 22:50:42.105 [main] Log - Element clicked
[INFO ] 2023-10-25 22:50:52.210 [main] Log - Element clicked
[INFO ] 2023-10-25 22:50:52.715 [main] Log - Screenshot Taken and attached to report
[INFO ] 2023-10-25 22:50:53.220 [main] Log - Screenshot Taken and attached to report
[INFO ] 2023-10-25 22:50:53.742 [main] Log - Screenshot Taken and attached to report
[INFO ] 2023-10-25 22:50:54.268 [main] Log - Screenshot Taken and attached to report
[INFO ] 2023-10-25 22:50:54.811 [main] Log - Screenshot Taken and attached to report
[INFO ] 2023-10-25 22:51:05.235 [main] Log - Webelement clicked, cleared and text entered
[INFO ] 2023-10-25 22:51:08.787 [main] Log - Screenshot Taken and attached to report
[INFO ] 2023-10-25 22:51:31.840 [main] Log - Test Passed : com.thtechops.qa.automation.testClasses.Connect_disconnect_An_Account.drm_verification
[INFO ] 2023-10-25 22:51:32.328 [main] Log - Test Started : com.thtechops.qa.automation.testClasses.Connect_disconnect_An_Account.disconnect_the_contact
[INFO ] 2023-10-25 22:51:32.328 [main] Log - This message is from my own project
[INFO ] 2023-10-25 22:51:38.517 [main] Log - Browser refreshed
[INFO ] 2023-10-25 22:51:54.135 [main] Log - Screenshot Taken and attached to report
[INFO ] 2023-10-25 22:52:04.533 [main] Log - Webelement clicked, cleared and text entered
[INFO ] 2023-10-25 22:52:08.031 [main] Log - Screenshot Taken and attached to report
[INFO ] 2023-10-25 22:52:16.886 [main] Log - Screenshot Taken and attached to report
[INFO ] 2023-10-25 22:52:17.784 [main] Log - Browser refreshed
[INFO ] 2023-10-25 22:52:22.848 [main] Log - Element clicked
[INFO ] 2023-10-25 22:52:32.961 [main] Log - Element clicked
[INFO ] 2023-10-25 22:52:33.482 [main] Log - Screenshot Taken and attached to report
[INFO ] 2023-10-25 22:52:33.971 [main] Log - Screenshot Taken and attached to report
[INFO ] 2023-10-25 22:52:34.512 [main] Log - Screenshot Taken and attached to report
[INFO ] 2023-10-25 22:52:35.051 [main] Log - Screenshot Taken and attached to report
[INFO ] 2023-10-25 22:52:35.571 [main] Log - Screenshot Taken and attached to report
[INFO ] 2023-10-25 22:52:46.028 [main] Log - Webelement clicked, cleared and text entered
[INFO ] 2023-10-25 22:52:49.532 [main] Log - Screenshot Taken and attached to report
[INFO ] 2023-10-25 22:53:12.562 [main] Log - Test Passed : com.thtechops.qa.automation.testClasses.Connect_disconnect_An_Account.disconnect_the_contact
[INFO ] 2023-10-25 22:53:13.155 [main] Log - Execution Finished
[INFO ] 2023-10-25 22:53:13.460 [main] Log - Suite FinishedConnect Disconnect Test Suite
[INFO ] 2023-10-25 22:53:13.462 [main] Log - Execution Started
[INFO ] 2023-10-25 22:53:13.462 [main] Log - Suite FinishedSuite
